2025-05-11 01:36:51,568 | INFO | 📄 Starting processing file: 2025 - 01 - 01- Night Audit Packet.pdf
2025-05-11 01:36:51,568 | INFO | 📄 Starting processing file: 2025 - 01 - 02- Night Audit Packet.pdf
2025-05-11 01:36:51,568 | INFO | 📄 Starting processing file: 2025 - 01 - 03- Night Audit Packet.pdf
2025-05-11 01:36:51,578 | INFO | 📄 Starting processing file: 2025 - 01 - 04- Night Audit Packet.pdf
2025-05-11 01:36:51,581 | INFO | 📄 Starting processing file: 2025 - 01 - 05- Night Audit Packet.pdf
2025-05-11 01:36:51,583 | INFO | 📄 Starting processing file: 2025 - 01 - 06- Night Audit Packet.pdf
2025-05-11 01:36:51,608 | INFO | 📄 Starting processing file: 2025 - 01 - 07- Night Audit Packet.pdf
2025-05-11 01:36:51,627 | INFO | 📄 Starting processing file: 2025 - 01 - 08- Night Audit Packet.pdf
2025-05-11 01:37:03,837 | INFO | ✅ Processed A/R Aging
2025-05-11 01:37:03,864 | INFO | ✅ Processed Transaction Closeout
2025-05-11 01:37:03,897 | INFO | ✅ Processed In-House List
2025-05-11 01:37:03,927 | INFO | ✅ Processed room_statistics
2025-05-11 01:37:03,944 | INFO | ✅ Processed performance_statistics
2025-05-11 01:37:03,957 | INFO | ✅ Processed guest_statistics
2025-05-11 01:37:03,982 | INFO | ✅ Processed Ledger Activity
2025-05-11 01:37:04,116 | INFO | ✅ Processed A/R Aging
2025-05-11 01:37:04,145 | INFO | ✅ Processed Transaction Closeout
2025-05-11 01:37:04,178 | INFO | ✅ Processed In-House List
2025-05-11 01:37:04,201 | INFO | ✅ Processed room_statistics
2025-05-11 01:37:04,219 | INFO | ✅ Processed performance_statistics
2025-05-11 01:37:04,238 | INFO | ✅ Processed guest_statistics
2025-05-11 01:37:04,252 | INFO | ✅ Processed Ledger Activity
2025-05-11 01:37:04,801 | INFO | ✅ Processed A/R Aging
2025-05-11 01:37:04,827 | INFO | ✅ Processed Transaction Closeout
2025-05-11 01:37:04,860 | INFO | ✅ Processed In-House List
2025-05-11 01:37:04,880 | INFO | ✅ Processed room_statistics
2025-05-11 01:37:04,897 | INFO | ✅ Processed performance_statistics
2025-05-11 01:37:04,913 | INFO | ✅ Processed guest_statistics
2025-05-11 01:37:04,931 | INFO | ✅ Processed Ledger Activity
2025-05-11 01:37:05,053 | INFO | ✅ Processed A/R Aging
2025-05-11 01:37:05,054 | INFO | ✅ Processed A/R Aging
2025-05-11 01:37:05,075 | INFO | ✅ Processed Transaction Closeout
2025-05-11 01:37:05,121 | INFO | ✅ Processed Transaction Closeout
2025-05-11 01:37:05,153 | INFO | ✅ Processed In-House List
2025-05-11 01:37:05,160 | INFO | ✅ Processed In-House List
2025-05-11 01:37:05,169 | INFO | ✅ Processed room_statistics
2025-05-11 01:37:05,181 | INFO | ✅ Processed room_statistics
2025-05-11 01:37:05,201 | INFO | ✅ Processed performance_statistics
2025-05-11 01:37:05,203 | INFO | ✅ Processed performance_statistics
2025-05-11 01:37:05,226 | INFO | ✅ Processed guest_statistics
2025-05-11 01:37:05,237 | INFO | ✅ Processed Ledger Activity
2025-05-11 01:37:05,243 | INFO | ✅ Processed guest_statistics
2025-05-11 01:37:05,269 | INFO | ✅ Processed Ledger Activity
2025-05-11 01:37:05,320 | INFO | ✅ Processed A/R Aging
2025-05-11 01:37:05,345 | INFO | ✅ Processed Transaction Closeout
2025-05-11 01:37:05,379 | INFO | ✅ Processed In-House List
2025-05-11 01:37:05,388 | INFO | ✅ Processed A/R Aging
2025-05-11 01:37:05,397 | INFO | ✅ Processed room_statistics
2025-05-11 01:37:05,408 | INFO | ✅ Processed Transaction Closeout
2025-05-11 01:37:05,408 | INFO | ✅ Processed performance_statistics
2025-05-11 01:37:05,426 | INFO | ✅ Processed guest_statistics
2025-05-11 01:37:05,434 | INFO | ✅ Processed In-House List
2025-05-11 01:37:05,440 | INFO | ✅ Processed Ledger Activity
2025-05-11 01:37:05,453 | INFO | ✅ Processed room_statistics
2025-05-11 01:37:05,468 | INFO | ✅ Processed performance_statistics
2025-05-11 01:37:05,482 | INFO | ✅ Processed guest_statistics
2025-05-11 01:37:05,496 | INFO | ✅ Processed Ledger Activity
2025-05-11 01:37:05,899 | INFO | ✅ Processed A/R Aging
2025-05-11 01:37:05,929 | INFO | ✅ Processed Transaction Closeout
2025-05-11 01:37:05,960 | INFO | ✅ Processed In-House List
2025-05-11 01:37:05,980 | INFO | ✅ Processed room_statistics
2025-05-11 01:37:05,994 | INFO | ✅ Processed performance_statistics
2025-05-11 01:37:06,007 | INFO | ✅ Processed guest_statistics
2025-05-11 01:37:06,023 | INFO | ✅ Processed Ledger Activity
2025-05-11 01:37:08,901 | INFO | ✅ Processed Ledger Summary
2025-05-11 01:37:08,906 | WARNING | ⚠️ No No Show Report data in 2025 - 01 - 01- Night Audit Packet.pdf
2025-05-11 01:37:08,925 | INFO | ✅ Processed Rate Discrepancy
2025-05-11 01:37:09,006 | INFO | ✅ Processed Hotel Journal Summary
2025-05-11 01:37:09,047 | INFO | ✅ Processed Hotel Journal Detail
2025-05-11 01:37:09,078 | INFO | ✅ Processed Reservation Activity → reservation_activity (7 rows)
2025-05-11 01:37:09,095 | INFO | ✅ Processed Shift Reconciliation → shift_reconciliation (1 rows)
2025-05-11 01:37:09,114 | INFO | ✅ Processed Shift Reconciliation → shift_summary (3 rows)
2025-05-11 01:37:09,151 | INFO | ✅ Processed Tax Exempt → exempt_revenue_tax (2 rows)
2025-05-11 01:37:09,152 | WARNING | ⚠️ No Tax Exempt data for exempt_tax in 2025 - 01 - 01- Night Audit Packet.pdf
2025-05-11 01:37:09,152 | WARNING | ⚠️ No Tax Exempt data for tax_exempt_revenue_summary in 2025 - 01 - 01- Night Audit Packet.pdf
2025-05-11 01:37:09,164 | INFO | ✅ Processed Tax Exempt → tax_refund_revenue_summary (2 rows)
2025-05-11 01:37:09,193 | INFO | ✅ Processed Gross Room Revenue → gross_room_revenue_detail (3 rows)
2025-05-11 01:37:09,227 | INFO | ✅ Processed Revenue by Rate Code → revenue_by_rate_code (9 rows)
2025-05-11 01:37:09,244 | INFO | ✅ Processed Advance Deposit Journal → advance_deposit_journal (1 rows)
2025-05-11 01:37:09,249 | INFO | ✅ Completed 2025 - 01 - 01- Night Audit Packet.pdf | Rows loaded: 230 | Failed: None
2025-05-11 01:37:09,763 | INFO | ✅ Processed Ledger Summary
2025-05-11 01:37:09,765 | WARNING | ⚠️ No No Show Report data in 2025 - 01 - 02- Night Audit Packet.pdf
2025-05-11 01:37:09,784 | INFO | ✅ Processed Rate Discrepancy
2025-05-11 01:37:09,805 | INFO | ✅ Processed Hotel Journal Summary
2025-05-11 01:37:09,839 | INFO | ✅ Processed Hotel Journal Detail
2025-05-11 01:37:09,858 | INFO | ✅ Processed Reservation Activity → reservation_activity (8 rows)
2025-05-11 01:37:09,878 | INFO | ✅ Processed Shift Reconciliation → shift_reconciliation (1 rows)
2025-05-11 01:37:09,891 | INFO | ✅ Processed Shift Reconciliation → shift_summary (3 rows)
2025-05-11 01:37:09,925 | INFO | ✅ Processed Ledger Summary
2025-05-11 01:37:09,926 | INFO | ✅ Processed Tax Exempt → exempt_revenue_tax (3 rows)
2025-05-11 01:37:09,927 | WARNING | ⚠️ No No Show Report data in 2025 - 01 - 06- Night Audit Packet.pdf
2025-05-11 01:37:09,939 | INFO | ✅ Processed Tax Exempt → exempt_tax (2 rows)
2025-05-11 01:37:09,942 | INFO | ✅ Processed Rate Discrepancy
2025-05-11 01:37:09,952 | INFO | ✅ Processed Tax Exempt → tax_exempt_revenue_summary (2 rows)
2025-05-11 01:37:09,961 | INFO | ✅ Processed Hotel Journal Summary
2025-05-11 01:37:09,969 | INFO | ✅ Processed Tax Exempt → tax_refund_revenue_summary (2 rows)
2025-05-11 01:37:10,006 | INFO | ✅ Processed Gross Room Revenue → gross_room_revenue_detail (3 rows)
2025-05-11 01:37:10,013 | INFO | ✅ Processed Hotel Journal Detail
2025-05-11 01:37:10,028 | INFO | ✅ Processed Reservation Activity → reservation_activity (3 rows)
2025-05-11 01:37:10,037 | INFO | ✅ Processed Revenue by Rate Code → revenue_by_rate_code (11 rows)
2025-05-11 01:37:10,037 | INFO | ✅ Processed Shift Reconciliation → shift_reconciliation (2 rows)
2025-05-11 01:37:10,048 | INFO | ✅ Processed Shift Reconciliation → shift_summary (3 rows)
2025-05-11 01:37:10,052 | INFO | ✅ Processed Advance Deposit Journal → advance_deposit_journal (2 rows)
2025-05-11 01:37:10,054 | INFO | ✅ Completed 2025 - 01 - 02- Night Audit Packet.pdf | Rows loaded: 245 | Failed: None
2025-05-11 01:37:10,073 | INFO | ✅ Processed Tax Exempt → exempt_revenue_tax (3 rows)
2025-05-11 01:37:10,080 | INFO | ✅ Processed Tax Exempt → exempt_tax (2 rows)
2025-05-11 01:37:10,091 | INFO | ✅ Processed Tax Exempt → tax_exempt_revenue_summary (2 rows)
2025-05-11 01:37:10,101 | INFO | ✅ Processed Tax Exempt → tax_refund_revenue_summary (2 rows)
2025-05-11 01:37:10,121 | INFO | ✅ Processed Gross Room Revenue → gross_room_revenue_detail (3 rows)
2025-05-11 01:37:10,153 | INFO | ✅ Processed Revenue by Rate Code → revenue_by_rate_code (15 rows)
2025-05-11 01:37:10,155 | WARNING | ⚠️ No Advance Deposit Journal data for advance_deposit_journal in 2025 - 01 - 06- Night Audit Packet.pdf
2025-05-11 01:37:10,158 | INFO | ✅ Completed 2025 - 01 - 06- Night Audit Packet.pdf | Rows loaded: 246 | Failed: None
2025-05-11 01:37:10,345 | INFO | ✅ Processed Ledger Summary
2025-05-11 01:37:10,360 | INFO | ✅ Processed No Show Report
2025-05-11 01:37:10,373 | INFO | ✅ Processed Rate Discrepancy
2025-05-11 01:37:10,397 | INFO | ✅ Processed Ledger Summary
2025-05-11 01:37:10,399 | WARNING | ⚠️ No No Show Report data in 2025 - 01 - 03- Night Audit Packet.pdf
2025-05-11 01:37:10,401 | INFO | ✅ Processed Hotel Journal Summary
2025-05-11 01:37:10,413 | INFO | ✅ Processed Rate Discrepancy
2025-05-11 01:37:10,425 | INFO | ✅ Processed Hotel Journal Detail
2025-05-11 01:37:10,430 | INFO | ✅ Processed Hotel Journal Summary
2025-05-11 01:37:10,439 | INFO | ✅ Processed Reservation Activity → reservation_activity (8 rows)
2025-05-11 01:37:10,447 | INFO | ✅ Processed Shift Reconciliation → shift_reconciliation (2 rows)
2025-05-11 01:37:10,452 | INFO | ✅ Processed Hotel Journal Detail
2025-05-11 01:37:10,454 | INFO | 📧 Email sent successfully.
2025-05-11 01:37:10,456 | INFO | ✅ Processed Shift Reconciliation → shift_summary (3 rows)
2025-05-11 01:37:10,469 | INFO | ✅ Processed Reservation Activity → reservation_activity (11 rows)
2025-05-11 01:37:10,476 | INFO | ✅ Processed Tax Exempt → exempt_revenue_tax (3 rows)
2025-05-11 01:37:10,483 | INFO | ✅ Processed Shift Reconciliation → shift_reconciliation (1 rows)
2025-05-11 01:37:10,492 | INFO | ✅ Processed Tax Exempt → exempt_tax (2 rows)
2025-05-11 01:37:10,497 | INFO | ✅ Processed Shift Reconciliation → shift_summary (3 rows)
2025-05-11 01:37:10,502 | INFO | ✅ Processed Tax Exempt → tax_exempt_revenue_summary (2 rows)
2025-05-11 01:37:10,510 | INFO | ✅ Processed Tax Exempt → tax_refund_revenue_summary (2 rows)
2025-05-11 01:37:10,515 | INFO | 📄 Starting processing file: 2025 - 01 - 09- Night Audit Packet.pdf
2025-05-11 01:37:10,517 | INFO | ✅ Processed Tax Exempt → exempt_revenue_tax (3 rows)
2025-05-11 01:37:10,530 | INFO | ✅ Processed Tax Exempt → exempt_tax (2 rows)
2025-05-11 01:37:10,532 | INFO | ✅ Processed Gross Room Revenue → gross_room_revenue_detail (3 rows)
2025-05-11 01:37:10,546 | INFO | ✅ Processed Tax Exempt → tax_exempt_revenue_summary (2 rows)
2025-05-11 01:37:10,558 | INFO | ✅ Processed Tax Exempt → tax_refund_revenue_summary (2 rows)
2025-05-11 01:37:10,574 | INFO | ✅ Processed Revenue by Rate Code → revenue_by_rate_code (12 rows)
2025-05-11 01:37:10,587 | INFO | ✅ Processed Advance Deposit Journal → advance_deposit_journal (2 rows)
2025-05-11 01:37:10,587 | INFO | ✅ Processed Ledger Summary
2025-05-11 01:37:10,587 | INFO | ✅ Processed Gross Room Revenue → gross_room_revenue_detail (3 rows)
2025-05-11 01:37:10,588 | INFO | ✅ Completed 2025 - 01 - 04- Night Audit Packet.pdf | Rows loaded: 250 | Failed: None
2025-05-11 01:37:10,589 | WARNING | ⚠️ No No Show Report data in 2025 - 01 - 05- Night Audit Packet.pdf
2025-05-11 01:37:10,600 | INFO | ✅ Processed Rate Discrepancy
2025-05-11 01:37:10,605 | INFO | ✅ Processed Revenue by Rate Code → revenue_by_rate_code (11 rows)
2025-05-11 01:37:10,624 | INFO | ✅ Processed Advance Deposit Journal → advance_deposit_journal (2 rows)
2025-05-11 01:37:10,626 | INFO | ✅ Completed 2025 - 01 - 03- Night Audit Packet.pdf | Rows loaded: 252 | Failed: None
2025-05-11 01:37:10,629 | INFO | ✅ Processed Hotel Journal Summary
2025-05-11 01:37:10,649 | INFO | ✅ Processed Hotel Journal Detail
2025-05-11 01:37:10,662 | INFO | ✅ Processed Reservation Activity → reservation_activity (3 rows)
2025-05-11 01:37:10,676 | INFO | ✅ Processed Shift Reconciliation → shift_reconciliation (1 rows)
2025-05-11 01:37:10,684 | INFO | ✅ Processed Shift Reconciliation → shift_summary (3 rows)
2025-05-11 01:37:10,699 | INFO | ✅ Processed Tax Exempt → exempt_revenue_tax (3 rows)
2025-05-11 01:37:10,701 | INFO | ✅ Processed Ledger Summary
2025-05-11 01:37:10,701 | WARNING | ⚠️ No No Show Report data in 2025 - 01 - 07- Night Audit Packet.pdf
2025-05-11 01:37:10,704 | INFO | ✅ Processed Tax Exempt → exempt_tax (2 rows)
2025-05-11 01:37:10,710 | INFO | ✅ Processed Rate Discrepancy
2025-05-11 01:37:10,711 | INFO | ✅ Processed Tax Exempt → tax_exempt_revenue_summary (2 rows)
2025-05-11 01:37:10,720 | INFO | ✅ Processed Tax Exempt → tax_refund_revenue_summary (2 rows)
2025-05-11 01:37:10,736 | INFO | ✅ Processed Hotel Journal Summary
2025-05-11 01:37:10,745 | INFO | ✅ Processed Gross Room Revenue → gross_room_revenue_detail (3 rows)
2025-05-11 01:37:10,765 | INFO | ✅ Processed Hotel Journal Detail
2025-05-11 01:37:10,769 | INFO | ✅ Processed Revenue by Rate Code → revenue_by_rate_code (13 rows)
2025-05-11 01:37:10,771 | WARNING | ⚠️ No Advance Deposit Journal data for advance_deposit_journal in 2025 - 01 - 05- Night Audit Packet.pdf
2025-05-11 01:37:10,774 | INFO | ✅ Completed 2025 - 01 - 05- Night Audit Packet.pdf | Rows loaded: 253 | Failed: None
2025-05-11 01:37:10,783 | INFO | ✅ Processed Reservation Activity → reservation_activity (9 rows)
2025-05-11 01:37:10,792 | INFO | ✅ Processed Shift Reconciliation → shift_reconciliation (3 rows)
2025-05-11 01:37:10,798 | INFO | ✅ Processed Shift Reconciliation → shift_summary (3 rows)
2025-05-11 01:37:10,813 | INFO | ✅ Processed Tax Exempt → exempt_revenue_tax (3 rows)
2025-05-11 01:37:10,819 | INFO | ✅ Processed Tax Exempt → exempt_tax (2 rows)
2025-05-11 01:37:10,824 | INFO | ✅ Processed Tax Exempt → tax_exempt_revenue_summary (2 rows)
2025-05-11 01:37:10,832 | INFO | ✅ Processed Tax Exempt → tax_refund_revenue_summary (2 rows)
2025-05-11 01:37:10,847 | INFO | ✅ Processed Gross Room Revenue → gross_room_revenue_detail (3 rows)
2025-05-11 01:37:10,864 | INFO | ✅ Processed Revenue by Rate Code → revenue_by_rate_code (17 rows)
2025-05-11 01:37:10,875 | INFO | ✅ Processed Advance Deposit Journal → advance_deposit_journal (2 rows)
2025-05-11 01:37:10,876 | INFO | ✅ Completed 2025 - 01 - 07- Night Audit Packet.pdf | Rows loaded: 254 | Failed: None
2025-05-11 01:37:11,109 | INFO | 📧 Email sent successfully.
2025-05-11 01:37:11,157 | INFO | 📄 Starting processing file: 2025 - 01 - 10- Night Audit Packet.pdf
2025-05-11 01:37:11,256 | INFO | ✅ Processed Ledger Summary
2025-05-11 01:37:11,264 | INFO | ✅ Processed No Show Report
2025-05-11 01:37:11,275 | INFO | ✅ Processed Rate Discrepancy
2025-05-11 01:37:11,297 | INFO | ✅ Processed Hotel Journal Summary
2025-05-11 01:37:11,318 | INFO | ✅ Processed Hotel Journal Detail
2025-05-11 01:37:11,330 | INFO | ✅ Processed Reservation Activity → reservation_activity (15 rows)
2025-05-11 01:37:11,337 | INFO | ✅ Processed Shift Reconciliation → shift_reconciliation (1 rows)
2025-05-11 01:37:11,343 | INFO | ✅ Processed Shift Reconciliation → shift_summary (4 rows)
2025-05-11 01:37:11,356 | INFO | ✅ Processed Tax Exempt → exempt_revenue_tax (3 rows)
2025-05-11 01:37:11,361 | INFO | ✅ Processed Tax Exempt → exempt_tax (2 rows)
2025-05-11 01:37:11,366 | INFO | 📧 Email sent successfully.
2025-05-11 01:37:11,366 | INFO | ✅ Processed Tax Exempt → tax_exempt_revenue_summary (2 rows)
2025-05-11 01:37:11,371 | INFO | ✅ Processed Tax Exempt → tax_refund_revenue_summary (2 rows)
2025-05-11 01:37:11,386 | INFO | ✅ Processed Gross Room Revenue → gross_room_revenue_detail (3 rows)
2025-05-11 01:37:11,406 | INFO | ✅ Processed Revenue by Rate Code → revenue_by_rate_code (19 rows)
2025-05-11 01:37:11,414 | INFO | ✅ Processed Advance Deposit Journal → advance_deposit_journal (1 rows)
2025-05-11 01:37:11,418 | INFO | ✅ Completed 2025 - 01 - 08- Night Audit Packet.pdf | Rows loaded: 259 | Failed: None
2025-05-11 01:37:11,429 | INFO | 📄 Starting processing file: 2025 - 01 - 13- Night Audit Packet.pdf
2025-05-11 01:37:11,996 | INFO | 📧 Email sent successfully.
2025-05-11 01:37:12,038 | INFO | 📄 Starting processing file: 2025 - 01 - 22- Night Audit Packet.pdf
2025-05-11 01:37:12,179 | INFO | 📧 Email sent successfully.
2025-05-11 01:37:12,274 | INFO | 📄 Starting processing file: 2025 - 02 - 04- Night Audit Packet.pdf
2025-05-11 01:37:12,392 | INFO | 📧 Email sent successfully.
2025-05-11 01:37:12,448 | INFO | 📄 Starting processing file: 2025 - 02 - 07- Night Audit Packet.pdf
2025-05-11 01:37:12,747 | INFO | 📧 Email sent successfully.
2025-05-11 01:37:12,821 | INFO | 📄 Starting processing file: 2025 - 02 - 14- Night Audit Packet.pdf
2025-05-11 01:37:13,107 | INFO | 📧 Email sent successfully.
2025-05-11 01:37:13,220 | INFO | 📄 Starting processing file: 2025 - 02 - 15- Night Audit Packet.pdf
2025-05-11 01:37:24,967 | INFO | ✅ Processed A/R Aging
2025-05-11 01:37:25,020 | INFO | ✅ Processed Transaction Closeout
2025-05-11 01:37:25,057 | INFO | ✅ Processed In-House List
2025-05-11 01:37:25,080 | INFO | ✅ Processed room_statistics
2025-05-11 01:37:25,102 | INFO | ✅ Processed performance_statistics
2025-05-11 01:37:25,135 | INFO | ✅ Processed guest_statistics
2025-05-11 01:37:25,147 | INFO | ✅ Processed Ledger Activity
2025-05-11 01:37:27,366 | INFO | ✅ Processed A/R Aging
2025-05-11 01:37:27,385 | INFO | ✅ Processed Transaction Closeout
2025-05-11 01:37:27,408 | INFO | ✅ Processed In-House List
2025-05-11 01:37:27,420 | INFO | ✅ Processed room_statistics
2025-05-11 01:37:27,435 | INFO | ✅ Processed performance_statistics
2025-05-11 01:37:27,457 | INFO | ✅ Processed guest_statistics
2025-05-11 01:37:27,475 | INFO | ✅ Processed Ledger Activity
2025-05-11 01:37:27,476 | INFO | ✅ Processed A/R Aging
2025-05-11 01:37:27,558 | INFO | ✅ Processed Transaction Closeout
2025-05-11 01:37:27,580 | INFO | ✅ Processed In-House List
2025-05-11 01:37:27,585 | INFO | ✅ Processed A/R Aging
2025-05-11 01:37:27,594 | INFO | ✅ Processed room_statistics
2025-05-11 01:37:27,604 | INFO | ✅ Processed performance_statistics
2025-05-11 01:37:27,605 | INFO | ✅ Processed Transaction Closeout
2025-05-11 01:37:27,619 | INFO | ✅ Processed guest_statistics
2025-05-11 01:37:27,629 | INFO | ✅ Processed In-House List
2025-05-11 01:37:27,631 | INFO | ✅ Processed Ledger Activity
2025-05-11 01:37:27,642 | INFO | ✅ Processed room_statistics
2025-05-11 01:37:27,659 | INFO | ✅ Processed performance_statistics
2025-05-11 01:37:27,673 | INFO | ✅ Processed guest_statistics
2025-05-11 01:37:27,687 | INFO | ✅ Processed Ledger Activity
2025-05-11 01:37:30,496 | INFO | ✅ Processed A/R Aging
2025-05-11 01:37:30,522 | INFO | ✅ Processed Transaction Closeout
2025-05-11 01:37:30,557 | INFO | ✅ Processed In-House List
2025-05-11 01:37:30,569 | INFO | ✅ Processed room_statistics
2025-05-11 01:37:30,591 | INFO | ✅ Processed performance_statistics
2025-05-11 01:37:30,607 | INFO | ✅ Processed guest_statistics
2025-05-11 01:37:30,621 | INFO | ✅ Processed Ledger Activity
2025-05-11 01:37:31,806 | INFO | ✅ Processed Ledger Summary
2025-05-11 01:37:31,808 | WARNING | ⚠️ No No Show Report data in 2025 - 01 - 09- Night Audit Packet.pdf
2025-05-11 01:37:32,287 | INFO | ✅ Processed Rate Discrepancy
2025-05-11 01:37:32,421 | INFO | ✅ Processed Hotel Journal Summary
2025-05-11 01:37:32,465 | INFO | ✅ Processed Hotel Journal Detail
2025-05-11 01:37:32,502 | INFO | ✅ Processed Reservation Activity → reservation_activity (7 rows)
2025-05-11 01:37:32,528 | INFO | ✅ Processed Shift Reconciliation → shift_reconciliation (2 rows)
2025-05-11 01:37:32,554 | INFO | ✅ Processed Shift Reconciliation → shift_summary (3 rows)
2025-05-11 01:37:32,563 | INFO | ✅ Processed A/R Aging
2025-05-11 01:37:32,603 | INFO | ✅ Processed Transaction Closeout
2025-05-11 01:37:32,623 | INFO | ✅ Processed Tax Exempt → exempt_revenue_tax (3 rows)
2025-05-11 01:37:32,650 | INFO | ✅ Processed In-House List
2025-05-11 01:37:32,655 | INFO | ✅ Processed Tax Exempt → exempt_tax (2 rows)
2025-05-11 01:37:32,674 | INFO | ✅ Processed Tax Exempt → tax_exempt_revenue_summary (2 rows)
2025-05-11 01:37:32,675 | INFO | ✅ Processed room_statistics
2025-05-11 01:37:32,682 | INFO | ✅ Processed Tax Exempt → tax_refund_revenue_summary (2 rows)
2025-05-11 01:37:32,686 | INFO | ✅ Processed performance_statistics
2025-05-11 01:37:32,702 | INFO | ✅ Processed guest_statistics
2025-05-11 01:37:32,707 | INFO | ✅ Processed A/R Aging
2025-05-11 01:37:32,709 | INFO | ✅ Processed Gross Room Revenue → gross_room_revenue_detail (3 rows)
2025-05-11 01:37:32,716 | INFO | ✅ Processed Ledger Activity
2025-05-11 01:37:32,734 | INFO | ✅ Processed Transaction Closeout
2025-05-11 01:37:32,746 | INFO | ✅ Processed Revenue by Rate Code → revenue_by_rate_code (20 rows)
2025-05-11 01:37:32,754 | INFO | ✅ Processed In-House List
2025-05-11 01:37:32,776 | INFO | ✅ Processed Advance Deposit Journal → advance_deposit_journal (1 rows)
2025-05-11 01:37:32,787 | INFO | ✅ Processed room_statistics
2025-05-11 01:37:32,792 | INFO | ✅ Completed 2025 - 01 - 09- Night Audit Packet.pdf | Rows loaded: 256 | Failed: None
2025-05-11 01:37:32,810 | INFO | ✅ Processed performance_statistics
2025-05-11 01:37:32,819 | INFO | ✅ Processed guest_statistics
2025-05-11 01:37:32,837 | INFO | ✅ Processed Ledger Activity
2025-05-11 01:37:33,681 | INFO | ✅ Processed A/R Aging
2025-05-11 01:37:33,712 | INFO | ✅ Processed Transaction Closeout
2025-05-11 01:37:33,765 | INFO | ✅ Processed In-House List
2025-05-11 01:37:33,791 | INFO | ✅ Processed room_statistics
2025-05-11 01:37:33,812 | INFO | ✅ Processed performance_statistics
2025-05-11 01:37:33,833 | INFO | ✅ Processed guest_statistics
2025-05-11 01:37:33,853 | INFO | ✅ Processed Ledger Activity
2025-05-11 01:37:34,188 | INFO | 📧 Email sent successfully.
2025-05-11 01:37:34,469 | INFO | 📄 Starting processing file: 2025 - 04 - 02- Night Audit Packet.pdf
2025-05-11 01:37:34,561 | INFO | ✅ Processed Ledger Summary
2025-05-11 01:37:34,580 | INFO | ✅ Processed No Show Report
2025-05-11 01:37:34,602 | INFO | ✅ Processed Rate Discrepancy
2025-05-11 01:37:34,677 | INFO | ✅ Processed Hotel Journal Summary
2025-05-11 01:37:34,747 | INFO | ✅ Processed Hotel Journal Detail
2025-05-11 01:37:34,794 | INFO | ✅ Processed Reservation Activity → reservation_activity (9 rows)
2025-05-11 01:37:34,818 | INFO | ✅ Processed Shift Reconciliation → shift_reconciliation (1 rows)
2025-05-11 01:37:34,846 | INFO | ✅ Processed Shift Reconciliation → shift_summary (3 rows)
2025-05-11 01:37:34,918 | INFO | ✅ Processed Tax Exempt → exempt_revenue_tax (3 rows)
2025-05-11 01:37:34,942 | INFO | ✅ Processed Tax Exempt → exempt_tax (2 rows)
2025-05-11 01:37:34,962 | INFO | ✅ Processed Tax Exempt → tax_exempt_revenue_summary (2 rows)
2025-05-11 01:37:34,973 | INFO | ✅ Processed Tax Exempt → tax_refund_revenue_summary (2 rows)
2025-05-11 01:37:35,055 | INFO | ✅ Processed Gross Room Revenue → gross_room_revenue_detail (3 rows)
2025-05-11 01:37:35,141 | INFO | ✅ Processed Revenue by Rate Code → revenue_by_rate_code (33 rows)
2025-05-11 01:37:35,155 | INFO | ✅ Processed Advance Deposit Journal → advance_deposit_journal (2 rows)
2025-05-11 01:37:35,164 | INFO | ✅ Completed 2025 - 01 - 22- Night Audit Packet.pdf | Rows loaded: 243 | Failed: None
2025-05-11 01:37:35,408 | INFO | ✅ Processed Ledger Summary
2025-05-11 01:37:35,410 | WARNING | ⚠️ No No Show Report data in 2025 - 01 - 13- Night Audit Packet.pdf
2025-05-11 01:37:35,427 | INFO | ✅ Processed Rate Discrepancy
2025-05-11 01:37:35,470 | INFO | ✅ Processed Hotel Journal Summary
2025-05-11 01:37:35,529 | INFO | ✅ Processed Hotel Journal Detail
2025-05-11 01:37:35,603 | INFO | ✅ Processed Reservation Activity → reservation_activity (9 rows)
2025-05-11 01:37:35,619 | INFO | ✅ Processed Shift Reconciliation → shift_reconciliation (2 rows)
2025-05-11 01:37:35,640 | INFO | ✅ Processed Shift Reconciliation → shift_summary (3 rows)
2025-05-11 01:37:35,647 | INFO | ✅ Processed Ledger Summary
2025-05-11 01:37:35,667 | WARNING | ⚠️ No No Show Report data in 2025 - 01 - 10- Night Audit Packet.pdf
2025-05-11 01:37:35,695 | INFO | ✅ Processed Rate Discrepancy
2025-05-11 01:37:35,696 | INFO | ✅ Processed Tax Exempt → exempt_revenue_tax (3 rows)
2025-05-11 01:37:35,734 | INFO | ✅ Processed Tax Exempt → exempt_tax (2 rows)
2025-05-11 01:37:35,747 | INFO | ✅ Processed Tax Exempt → tax_exempt_revenue_summary (2 rows)
2025-05-11 01:37:35,753 | INFO | ✅ Processed Hotel Journal Summary
2025-05-11 01:37:35,757 | INFO | ✅ Processed Tax Exempt → tax_refund_revenue_summary (2 rows)
2025-05-11 01:37:35,782 | INFO | ✅ Processed Gross Room Revenue → gross_room_revenue_detail (3 rows)
2025-05-11 01:37:35,800 | INFO | ✅ Processed Hotel Journal Detail
2025-05-11 01:37:35,818 | INFO | ✅ Processed Reservation Activity → reservation_activity (10 rows)
2025-05-11 01:37:35,819 | INFO | ✅ Processed Revenue by Rate Code → revenue_by_rate_code (24 rows)
2025-05-11 01:37:35,826 | INFO | ✅ Processed Shift Reconciliation → shift_reconciliation (2 rows)
2025-05-11 01:37:35,829 | INFO | ✅ Processed Advance Deposit Journal → advance_deposit_journal (2 rows)
2025-05-11 01:37:35,831 | INFO | ✅ Completed 2025 - 01 - 13- Night Audit Packet.pdf | Rows loaded: 275 | Failed: None
2025-05-11 01:37:35,836 | INFO | ✅ Processed Shift Reconciliation → shift_summary (3 rows)
2025-05-11 01:37:35,869 | INFO | ✅ Processed Tax Exempt → exempt_revenue_tax (3 rows)
2025-05-11 01:37:35,880 | INFO | ✅ Processed Tax Exempt → exempt_tax (2 rows)
2025-05-11 01:37:35,892 | INFO | ✅ Processed Tax Exempt → tax_exempt_revenue_summary (2 rows)
2025-05-11 01:37:35,908 | INFO | ✅ Processed Tax Exempt → tax_refund_revenue_summary (2 rows)
2025-05-11 01:37:35,933 | INFO | ✅ Processed Gross Room Revenue → gross_room_revenue_detail (3 rows)
2025-05-11 01:37:35,958 | INFO | ✅ Processed Revenue by Rate Code → revenue_by_rate_code (21 rows)
2025-05-11 01:37:35,961 | WARNING | ⚠️ No Advance Deposit Journal data for advance_deposit_journal in 2025 - 01 - 10- Night Audit Packet.pdf
2025-05-11 01:37:35,971 | INFO | ✅ Completed 2025 - 01 - 10- Night Audit Packet.pdf | Rows loaded: 276 | Failed: None
2025-05-11 01:37:36,160 | INFO | 📧 Email sent successfully.
2025-05-11 01:37:36,722 | INFO | 📧 Email sent successfully.
2025-05-11 01:37:37,119 | INFO | 📧 Email sent successfully.
2025-05-11 01:37:37,845 | INFO | ✅ Processed Ledger Summary
2025-05-11 01:37:37,848 | WARNING | ⚠️ No No Show Report data in 2025 - 02 - 07- Night Audit Packet.pdf
2025-05-11 01:37:37,868 | INFO | ✅ Processed Rate Discrepancy
2025-05-11 01:37:37,885 | INFO | ✅ Processed Hotel Journal Summary
2025-05-11 01:37:37,909 | INFO | ✅ Processed Hotel Journal Detail
2025-05-11 01:37:37,926 | INFO | ✅ Processed Reservation Activity → reservation_activity (15 rows)
2025-05-11 01:37:37,935 | INFO | ✅ Processed Shift Reconciliation → shift_reconciliation (1 rows)
2025-05-11 01:37:37,946 | INFO | ✅ Processed Shift Reconciliation → shift_summary (2 rows)
2025-05-11 01:37:37,965 | INFO | ✅ Processed Tax Exempt → exempt_revenue_tax (3 rows)
2025-05-11 01:37:37,972 | INFO | ✅ Processed Tax Exempt → exempt_tax (2 rows)
2025-05-11 01:37:37,979 | INFO | ✅ Processed Tax Exempt → tax_exempt_revenue_summary (2 rows)
2025-05-11 01:37:37,988 | INFO | ✅ Processed Tax Exempt → tax_refund_revenue_summary (2 rows)
2025-05-11 01:37:38,004 | INFO | ✅ Processed Gross Room Revenue → gross_room_revenue_detail (5 rows)
2025-05-11 01:37:38,097 | INFO | ✅ Processed Revenue by Rate Code → revenue_by_rate_code (40 rows)
2025-05-11 01:37:38,117 | INFO | ✅ Processed Advance Deposit Journal → advance_deposit_journal (2 rows)
2025-05-11 01:37:38,120 | INFO | ✅ Completed 2025 - 02 - 07- Night Audit Packet.pdf | Rows loaded: 241 | Failed: None
2025-05-11 01:37:39,032 | INFO | 📧 Email sent successfully.
2025-05-11 01:37:39,256 | INFO | ✅ Processed Ledger Summary
2025-05-11 01:37:39,256 | WARNING | ⚠️ No No Show Report data in 2025 - 02 - 14- Night Audit Packet.pdf
2025-05-11 01:37:39,266 | INFO | ✅ Processed Rate Discrepancy
2025-05-11 01:37:39,280 | INFO | ✅ Processed Hotel Journal Summary
2025-05-11 01:37:39,306 | INFO | ✅ Processed Hotel Journal Detail
2025-05-11 01:37:39,318 | INFO | ✅ Processed Reservation Activity → reservation_activity (8 rows)
2025-05-11 01:37:39,326 | INFO | ✅ Processed Shift Reconciliation → shift_reconciliation (2 rows)
2025-05-11 01:37:39,334 | INFO | ✅ Processed Shift Reconciliation → shift_summary (2 rows)
2025-05-11 01:37:39,345 | INFO | ✅ Processed Ledger Summary
2025-05-11 01:37:39,346 | WARNING | ⚠️ No No Show Report data in 2025 - 02 - 04- Night Audit Packet.pdf
2025-05-11 01:37:39,354 | INFO | ✅ Processed Tax Exempt → exempt_revenue_tax (3 rows)
2025-05-11 01:37:39,361 | INFO | ✅ Processed Rate Discrepancy
2025-05-11 01:37:39,366 | INFO | ✅ Processed Tax Exempt → exempt_tax (2 rows)
2025-05-11 01:37:39,373 | INFO | ✅ Processed Tax Exempt → tax_exempt_revenue_summary (2 rows)
2025-05-11 01:37:39,377 | INFO | ✅ Processed Hotel Journal Summary
2025-05-11 01:37:39,378 | INFO | ✅ Processed Tax Exempt → tax_refund_revenue_summary (2 rows)
2025-05-11 01:37:39,397 | INFO | ✅ Processed Gross Room Revenue → gross_room_revenue_detail (5 rows)
2025-05-11 01:37:39,408 | INFO | ✅ Processed Hotel Journal Detail
2025-05-11 01:37:39,420 | INFO | ✅ Processed Reservation Activity → reservation_activity (8 rows)
2025-05-11 01:37:39,420 | INFO | ✅ Processed Revenue by Rate Code → revenue_by_rate_code (44 rows)
2025-05-11 01:37:39,427 | INFO | ✅ Processed Shift Reconciliation → shift_reconciliation (2 rows)
2025-05-11 01:37:39,428 | INFO | ✅ Processed Advance Deposit Journal → advance_deposit_journal (1 rows)
2025-05-11 01:37:39,429 | INFO | ✅ Completed 2025 - 02 - 14- Night Audit Packet.pdf | Rows loaded: 266 | Failed: None
2025-05-11 01:37:39,434 | INFO | ✅ Processed Shift Reconciliation → shift_summary (3 rows)
2025-05-11 01:37:39,449 | INFO | ✅ Processed Tax Exempt → exempt_revenue_tax (2 rows)
2025-05-11 01:37:39,456 | INFO | ✅ Processed Tax Exempt → exempt_tax (1 rows)
2025-05-11 01:37:39,461 | INFO | ✅ Processed Tax Exempt → tax_exempt_revenue_summary (1 rows)
2025-05-11 01:37:39,466 | INFO | ✅ Processed Tax Exempt → tax_refund_revenue_summary (2 rows)
2025-05-11 01:37:39,477 | INFO | ✅ Processed Gross Room Revenue → gross_room_revenue_detail (5 rows)
2025-05-11 01:37:39,497 | INFO | ✅ Processed Revenue by Rate Code → revenue_by_rate_code (40 rows)
2025-05-11 01:37:39,506 | INFO | ✅ Processed Advance Deposit Journal → advance_deposit_journal (1 rows)
2025-05-11 01:37:39,507 | INFO | ✅ Completed 2025 - 02 - 04- Night Audit Packet.pdf | Rows loaded: 286 | Failed: None
2025-05-11 01:37:39,789 | INFO | ✅ Processed Ledger Summary
2025-05-11 01:37:39,790 | WARNING | ⚠️ No No Show Report data in 2025 - 02 - 15- Night Audit Packet.pdf
2025-05-11 01:37:39,796 | INFO | ✅ Processed Rate Discrepancy
2025-05-11 01:37:39,807 | INFO | ✅ Processed Hotel Journal Summary
2025-05-11 01:37:39,829 | INFO | ✅ Processed Hotel Journal Detail
2025-05-11 01:37:39,838 | INFO | ✅ Processed Reservation Activity → reservation_activity (9 rows)
2025-05-11 01:37:39,847 | INFO | ✅ Processed Shift Reconciliation → shift_reconciliation (2 rows)
2025-05-11 01:37:39,857 | INFO | ✅ Processed Shift Reconciliation → shift_summary (3 rows)
2025-05-11 01:37:39,870 | INFO | ✅ Processed Tax Exempt → exempt_revenue_tax (3 rows)
2025-05-11 01:37:39,875 | INFO | ✅ Processed Tax Exempt → exempt_tax (2 rows)
2025-05-11 01:37:39,879 | INFO | ✅ Processed Tax Exempt → tax_exempt_revenue_summary (2 rows)
2025-05-11 01:37:39,883 | INFO | ✅ Processed Tax Exempt → tax_refund_revenue_summary (2 rows)
2025-05-11 01:37:39,894 | INFO | ✅ Processed Gross Room Revenue → gross_room_revenue_detail (5 rows)
2025-05-11 01:37:39,915 | INFO | ✅ Processed Revenue by Rate Code → revenue_by_rate_code (46 rows)
2025-05-11 01:37:39,917 | WARNING | ⚠️ No Advance Deposit Journal data for advance_deposit_journal in 2025 - 02 - 15- Night Audit Packet.pdf
2025-05-11 01:37:39,917 | INFO | ✅ Completed 2025 - 02 - 15- Night Audit Packet.pdf | Rows loaded: 280 | Failed: None
2025-05-11 01:37:40,233 | INFO | 📧 Email sent successfully.
2025-05-11 01:37:40,490 | INFO | 📧 Email sent successfully.
2025-05-11 01:37:41,093 | INFO | 📧 Email sent successfully.
2025-05-11 01:37:45,704 | INFO | ✅ Processed A/R Aging
2025-05-11 01:37:45,721 | INFO | ✅ Processed Transaction Closeout
2025-05-11 01:37:45,734 | INFO | ✅ Processed In-House List
2025-05-11 01:37:45,744 | INFO | ✅ Processed room_statistics
2025-05-11 01:37:45,753 | INFO | ✅ Processed performance_statistics
2025-05-11 01:37:45,758 | INFO | ✅ Processed guest_statistics
2025-05-11 01:37:45,763 | INFO | ✅ Processed Ledger Activity
2025-05-11 01:37:49,599 | INFO | ✅ Processed Ledger Summary
2025-05-11 01:37:49,602 | WARNING | ⚠️ No No Show Report data in 2025 - 04 - 02- Night Audit Packet.pdf
2025-05-11 01:37:49,611 | INFO | ✅ Processed Rate Discrepancy
2025-05-11 01:37:49,660 | INFO | ✅ Processed Hotel Journal Summary
2025-05-11 01:37:49,688 | INFO | ✅ Processed Hotel Journal Detail
2025-05-11 01:37:49,711 | INFO | ✅ Processed Reservation Activity → reservation_activity (15 rows)
2025-05-11 01:37:49,718 | INFO | ✅ Processed Shift Reconciliation → shift_reconciliation (1 rows)
2025-05-11 01:37:49,723 | INFO | ✅ Processed Shift Reconciliation → shift_summary (4 rows)
2025-05-11 01:37:49,742 | INFO | ✅ Processed Tax Exempt → exempt_revenue_tax (3 rows)
2025-05-11 01:37:49,746 | INFO | ✅ Processed Tax Exempt → exempt_tax (2 rows)
2025-05-11 01:37:49,749 | INFO | ✅ Processed Tax Exempt → tax_exempt_revenue_summary (2 rows)
2025-05-11 01:37:49,753 | INFO | ✅ Processed Tax Exempt → tax_refund_revenue_summary (2 rows)
2025-05-11 01:37:49,778 | INFO | ✅ Processed Gross Room Revenue → gross_room_revenue_detail (5 rows)
2025-05-11 01:37:49,818 | INFO | ✅ Processed Revenue by Rate Code → revenue_by_rate_code (56 rows)
2025-05-11 01:37:49,818 | WARNING | ⚠️ No Advance Deposit Journal data for advance_deposit_journal in 2025 - 04 - 02- Night Audit Packet.pdf
2025-05-11 01:37:49,827 | INFO | ✅ Completed 2025 - 04 - 02- Night Audit Packet.pdf | Rows loaded: 241 | Failed: None
2025-05-11 01:37:50,892 | INFO | 📧 Email sent successfully.
