2025-05-10 16:51:24,417 | INFO | 📄 Starting processing file: 2025 - 01 - 01- Night Audit Packet.pdf
2025-05-10 16:51:24,424 | INFO | 📄 Starting processing file: 2025 - 01 - 02- Night Audit Packet.pdf
2025-05-10 16:51:24,475 | INFO | 📄 Starting processing file: 2025 - 01 - 03- Night Audit Packet.pdf
2025-05-10 16:51:24,504 | INFO | 📄 Starting processing file: 2025 - 01 - 04- Night Audit Packet.pdf
2025-05-10 16:51:24,541 | INFO | 📄 Starting processing file: 2025 - 01 - 05- Night Audit Packet.pdf
2025-05-10 16:51:24,543 | INFO | 📄 Starting processing file: 2025 - 01 - 06- Night Audit Packet.pdf
2025-05-10 16:51:24,564 | INFO | 📄 Starting processing file: 2025 - 01 - 07- Night Audit Packet.pdf
2025-05-10 16:51:24,633 | INFO | 📄 Starting processing file: 2025 - 01 - 08- Night Audit Packet.pdf
2025-05-10 16:51:37,330 | INFO | ✅ Processed A/R Aging
2025-05-10 16:51:37,378 | INFO | ✅ Processed Transaction Closeout
2025-05-10 16:51:37,411 | INFO | ✅ Processed In-House List
2025-05-10 16:51:37,431 | INFO | ✅ Processed room_statistics
2025-05-10 16:51:37,453 | INFO | ✅ Processed performance_statistics
2025-05-10 16:51:37,477 | INFO | ✅ Processed guest_statistics
2025-05-10 16:51:37,499 | INFO | ✅ Processed Ledger Activity
2025-05-10 16:51:38,489 | INFO | ✅ Processed A/R Aging
2025-05-10 16:51:38,521 | INFO | ✅ Processed Transaction Closeout
2025-05-10 16:51:38,567 | INFO | ✅ Processed In-House List
2025-05-10 16:51:38,584 | INFO | ✅ Processed room_statistics
2025-05-10 16:51:38,606 | INFO | ✅ Processed performance_statistics
2025-05-10 16:51:38,623 | INFO | ✅ Processed guest_statistics
2025-05-10 16:51:38,638 | INFO | ✅ Processed Ledger Activity
2025-05-10 16:51:39,201 | INFO | ✅ Processed A/R Aging
2025-05-10 16:51:39,230 | INFO | ✅ Processed Transaction Closeout
2025-05-10 16:51:39,276 | INFO | ✅ Processed In-House List
2025-05-10 16:51:39,297 | INFO | ✅ Processed room_statistics
2025-05-10 16:51:39,309 | INFO | ✅ Processed performance_statistics
2025-05-10 16:51:39,327 | INFO | ✅ Processed guest_statistics
2025-05-10 16:51:39,341 | INFO | ✅ Processed A/R Aging
2025-05-10 16:51:39,342 | INFO | ✅ Processed Ledger Activity
2025-05-10 16:51:39,379 | INFO | ✅ Processed Transaction Closeout
2025-05-10 16:51:39,404 | INFO | ✅ Processed In-House List
2025-05-10 16:51:39,422 | INFO | ✅ Processed room_statistics
2025-05-10 16:51:39,441 | INFO | ✅ Processed performance_statistics
2025-05-10 16:51:39,453 | INFO | ✅ Processed guest_statistics
2025-05-10 16:51:39,472 | INFO | ✅ Processed Ledger Activity
2025-05-10 16:51:39,675 | INFO | ✅ Processed A/R Aging
2025-05-10 16:51:39,696 | INFO | ✅ Processed Transaction Closeout
2025-05-10 16:51:39,699 | INFO | ✅ Processed A/R Aging
2025-05-10 16:51:39,714 | INFO | ✅ Processed Transaction Closeout
2025-05-10 16:51:39,721 | INFO | ✅ Processed In-House List
2025-05-10 16:51:39,735 | INFO | ✅ Processed In-House List
2025-05-10 16:51:39,738 | INFO | ✅ Processed room_statistics
2025-05-10 16:51:39,749 | INFO | ✅ Processed performance_statistics
2025-05-10 16:51:39,750 | INFO | ✅ Processed room_statistics
2025-05-10 16:51:39,770 | INFO | ✅ Processed guest_statistics
2025-05-10 16:51:39,776 | INFO | ✅ Processed performance_statistics
2025-05-10 16:51:39,780 | INFO | ✅ Processed A/R Aging
2025-05-10 16:51:39,780 | INFO | ✅ Processed Ledger Activity
2025-05-10 16:51:39,788 | INFO | ✅ Processed guest_statistics
2025-05-10 16:51:39,800 | INFO | ✅ Processed Ledger Activity
2025-05-10 16:51:39,805 | INFO | ✅ Processed Transaction Closeout
2025-05-10 16:51:39,832 | INFO | ✅ Processed In-House List
2025-05-10 16:51:39,847 | INFO | ✅ Processed room_statistics
2025-05-10 16:51:39,861 | INFO | ✅ Processed performance_statistics
2025-05-10 16:51:39,874 | INFO | ✅ Processed guest_statistics
2025-05-10 16:51:39,890 | INFO | ✅ Processed Ledger Activity
2025-05-10 16:51:40,578 | INFO | ✅ Processed A/R Aging
2025-05-10 16:51:40,627 | INFO | ✅ Processed Transaction Closeout
2025-05-10 16:51:40,650 | INFO | ✅ Processed In-House List
2025-05-10 16:51:40,662 | INFO | ✅ Processed room_statistics
2025-05-10 16:51:40,673 | INFO | ✅ Processed performance_statistics
2025-05-10 16:51:40,687 | INFO | ✅ Processed guest_statistics
2025-05-10 16:51:40,698 | INFO | ✅ Processed Ledger Activity
2025-05-10 16:51:42,709 | INFO | ✅ Processed Ledger Summary
2025-05-10 16:51:42,720 | WARNING | ⚠️ No No Show Report data in 2025 - 01 - 01- Night Audit Packet.pdf
2025-05-10 16:51:42,757 | INFO | ✅ Processed Rate Discrepancy
2025-05-10 16:51:42,815 | INFO | ✅ Processed Hotel Journal Summary
2025-05-10 16:51:42,870 | INFO | ✅ Processed Hotel Journal Detail
2025-05-10 16:51:42,891 | INFO | ✅ Processed Reservation Activity → reservation_activity (7 rows)
2025-05-10 16:51:42,915 | INFO | ✅ Processed Shift Reconciliation → shift_reconciliation (1 rows)
2025-05-10 16:51:42,928 | INFO | ✅ Processed Shift Reconciliation → shift_summary (3 rows)
2025-05-10 16:51:42,946 | INFO | ✅ Processed Tax Exempt → exempt_revenue_tax (2 rows)
2025-05-10 16:51:42,946 | WARNING | ⚠️ No Tax Exempt data for exempt_tax in 2025 - 01 - 01- Night Audit Packet.pdf
2025-05-10 16:51:42,946 | WARNING | ⚠️ No Tax Exempt data for tax_exempt_revenue_summary in 2025 - 01 - 01- Night Audit Packet.pdf
2025-05-10 16:51:42,959 | INFO | ✅ Processed Tax Exempt → tax_refund_revenue_summary (2 rows)
2025-05-10 16:51:43,005 | INFO | ✅ Processed Gross Room Revenue → gross_room_revenue_detail (3 rows)
2025-05-10 16:51:43,040 | INFO | ✅ Processed Revenue by Rate Code → revenue_by_rate_code (9 rows)
2025-05-10 16:51:43,055 | INFO | ✅ Processed Advance Deposit Journal → advance_deposit_journal (1 rows)
2025-05-10 16:51:43,058 | INFO | ✅ Completed 2025 - 01 - 01- Night Audit Packet.pdf | Rows loaded: 230 | Failed: None
2025-05-10 16:51:43,058 | ERROR | ❌ Failed to send email: 'function' object is not subscriptable
2025-05-10 16:51:43,107 | INFO | 📄 Starting processing file: 2025 - 01 - 09- Night Audit Packet.pdf
2025-05-10 16:51:43,777 | INFO | ✅ Processed Ledger Summary
2025-05-10 16:51:43,778 | WARNING | ⚠️ No No Show Report data in 2025 - 01 - 02- Night Audit Packet.pdf
2025-05-10 16:51:43,789 | INFO | ✅ Processed Rate Discrepancy
2025-05-10 16:51:43,822 | INFO | ✅ Processed Hotel Journal Summary
2025-05-10 16:51:43,872 | INFO | ✅ Processed Hotel Journal Detail
2025-05-10 16:51:43,890 | INFO | ✅ Processed Reservation Activity → reservation_activity (8 rows)
2025-05-10 16:51:43,907 | INFO | ✅ Processed Shift Reconciliation → shift_reconciliation (1 rows)
2025-05-10 16:51:43,923 | INFO | ✅ Processed Shift Reconciliation → shift_summary (3 rows)
2025-05-10 16:51:43,955 | INFO | ✅ Processed Tax Exempt → exempt_revenue_tax (3 rows)
2025-05-10 16:51:43,969 | INFO | ✅ Processed Tax Exempt → exempt_tax (2 rows)
2025-05-10 16:51:43,982 | INFO | ✅ Processed Tax Exempt → tax_exempt_revenue_summary (2 rows)
2025-05-10 16:51:44,002 | INFO | ✅ Processed Tax Exempt → tax_refund_revenue_summary (2 rows)
2025-05-10 16:51:44,021 | INFO | ✅ Processed Gross Room Revenue → gross_room_revenue_detail (3 rows)
2025-05-10 16:51:44,048 | INFO | ✅ Processed Revenue by Rate Code → revenue_by_rate_code (11 rows)
2025-05-10 16:51:44,072 | INFO | ✅ Processed Advance Deposit Journal → advance_deposit_journal (2 rows)
2025-05-10 16:51:44,075 | INFO | ✅ Completed 2025 - 01 - 02- Night Audit Packet.pdf | Rows loaded: 245 | Failed: None
2025-05-10 16:51:44,076 | ERROR | ❌ Failed to send email: 'function' object is not subscriptable
2025-05-10 16:51:44,113 | INFO | 📄 Starting processing file: 2025 - 01 - 10- Night Audit Packet.pdf
2025-05-10 16:51:44,485 | INFO | ✅ Processed Ledger Summary
2025-05-10 16:51:44,488 | WARNING | ⚠️ No No Show Report data in 2025 - 01 - 06- Night Audit Packet.pdf
2025-05-10 16:51:44,505 | INFO | ✅ Processed Rate Discrepancy
2025-05-10 16:51:44,536 | INFO | ✅ Processed Hotel Journal Summary
2025-05-10 16:51:44,581 | INFO | ✅ Processed Hotel Journal Detail
2025-05-10 16:51:44,608 | INFO | ✅ Processed Reservation Activity → reservation_activity (3 rows)
2025-05-10 16:51:44,623 | INFO | ✅ Processed Shift Reconciliation → shift_reconciliation (2 rows)
2025-05-10 16:51:44,638 | INFO | ✅ Processed Shift Reconciliation → shift_summary (3 rows)
2025-05-10 16:51:44,639 | INFO | ✅ Processed Ledger Summary
2025-05-10 16:51:44,642 | WARNING | ⚠️ No No Show Report data in 2025 - 01 - 03- Night Audit Packet.pdf
2025-05-10 16:51:44,663 | INFO | ✅ Processed Tax Exempt → exempt_revenue_tax (3 rows)
2025-05-10 16:51:44,669 | INFO | ✅ Processed Rate Discrepancy
2025-05-10 16:51:44,676 | INFO | ✅ Processed Tax Exempt → exempt_tax (2 rows)
2025-05-10 16:51:44,687 | INFO | ✅ Processed Tax Exempt → tax_exempt_revenue_summary (2 rows)
2025-05-10 16:51:44,692 | INFO | ✅ Processed Hotel Journal Summary
2025-05-10 16:51:44,698 | INFO | ✅ Processed Tax Exempt → tax_refund_revenue_summary (2 rows)
2025-05-10 16:51:44,720 | INFO | ✅ Processed Hotel Journal Detail
2025-05-10 16:51:44,721 | INFO | ✅ Processed Gross Room Revenue → gross_room_revenue_detail (3 rows)
2025-05-10 16:51:44,739 | INFO | ✅ Processed Reservation Activity → reservation_activity (11 rows)
2025-05-10 16:51:44,747 | INFO | ✅ Processed Revenue by Rate Code → revenue_by_rate_code (15 rows)
2025-05-10 16:51:44,749 | WARNING | ⚠️ No Advance Deposit Journal data for advance_deposit_journal in 2025 - 01 - 06- Night Audit Packet.pdf
2025-05-10 16:51:44,753 | INFO | ✅ Completed 2025 - 01 - 06- Night Audit Packet.pdf | Rows loaded: 246 | Failed: None
2025-05-10 16:51:44,754 | ERROR | ❌ Failed to send email: 'function' object is not subscriptable
2025-05-10 16:51:44,754 | INFO | ✅ Processed Shift Reconciliation → shift_reconciliation (1 rows)
2025-05-10 16:51:44,772 | INFO | ✅ Processed Shift Reconciliation → shift_summary (3 rows)
2025-05-10 16:51:44,796 | INFO | ✅ Processed Tax Exempt → exempt_revenue_tax (3 rows)
2025-05-10 16:51:44,807 | INFO | 📄 Starting processing file: 2025 - 01 - 13- Night Audit Packet.pdf
2025-05-10 16:51:44,808 | INFO | ✅ Processed Tax Exempt → exempt_tax (2 rows)
2025-05-10 16:51:44,827 | INFO | ✅ Processed Tax Exempt → tax_exempt_revenue_summary (2 rows)
2025-05-10 16:51:44,839 | INFO | ✅ Processed Tax Exempt → tax_refund_revenue_summary (2 rows)
2025-05-10 16:51:44,865 | INFO | ✅ Processed Gross Room Revenue → gross_room_revenue_detail (3 rows)
2025-05-10 16:51:44,897 | INFO | ✅ Processed Revenue by Rate Code → revenue_by_rate_code (11 rows)
2025-05-10 16:51:44,909 | INFO | ✅ Processed Advance Deposit Journal → advance_deposit_journal (2 rows)
2025-05-10 16:51:44,917 | INFO | ✅ Completed 2025 - 01 - 03- Night Audit Packet.pdf | Rows loaded: 252 | Failed: None
2025-05-10 16:51:44,918 | ERROR | ❌ Failed to send email: 'function' object is not subscriptable
2025-05-10 16:51:44,990 | INFO | 📄 Starting processing file: 2025 - 01 - 22- Night Audit Packet.pdf
2025-05-10 16:51:45,069 | INFO | ✅ Processed Ledger Summary
2025-05-10 16:51:45,071 | WARNING | ⚠️ No No Show Report data in 2025 - 01 - 07- Night Audit Packet.pdf
2025-05-10 16:51:45,081 | INFO | ✅ Processed Rate Discrepancy
2025-05-10 16:51:45,125 | INFO | ✅ Processed Hotel Journal Summary
2025-05-10 16:51:45,128 | INFO | ✅ Processed Ledger Summary
2025-05-10 16:51:45,130 | WARNING | ⚠️ No No Show Report data in 2025 - 01 - 05- Night Audit Packet.pdf
2025-05-10 16:51:45,152 | INFO | ✅ Processed Rate Discrepancy
2025-05-10 16:51:45,175 | INFO | ✅ Processed Hotel Journal Summary
2025-05-10 16:51:45,190 | INFO | ✅ Processed Hotel Journal Detail
2025-05-10 16:51:45,206 | INFO | ✅ Processed Hotel Journal Detail
2025-05-10 16:51:45,213 | INFO | ✅ Processed Reservation Activity → reservation_activity (9 rows)
2025-05-10 16:51:45,226 | INFO | ✅ Processed Reservation Activity → reservation_activity (3 rows)
2025-05-10 16:51:45,233 | INFO | ✅ Processed Shift Reconciliation → shift_reconciliation (3 rows)
2025-05-10 16:51:45,268 | INFO | ✅ Processed Shift Reconciliation → shift_reconciliation (1 rows)
2025-05-10 16:51:45,313 | INFO | ✅ Processed Shift Reconciliation → shift_summary (3 rows)
2025-05-10 16:51:45,324 | INFO | ✅ Processed Shift Reconciliation → shift_summary (3 rows)
2025-05-10 16:51:45,331 | INFO | ✅ Processed Ledger Summary
2025-05-10 16:51:45,340 | INFO | ✅ Processed Tax Exempt → exempt_revenue_tax (3 rows)
2025-05-10 16:51:45,348 | INFO | ✅ Processed Tax Exempt → exempt_revenue_tax (3 rows)
2025-05-10 16:51:45,348 | INFO | ✅ Processed No Show Report
2025-05-10 16:51:45,352 | INFO | ✅ Processed Tax Exempt → exempt_tax (2 rows)
2025-05-10 16:51:45,360 | INFO | ✅ Processed Tax Exempt → exempt_tax (2 rows)
2025-05-10 16:51:45,363 | INFO | ✅ Processed Tax Exempt → tax_exempt_revenue_summary (2 rows)
2025-05-10 16:51:45,366 | INFO | ✅ Processed Rate Discrepancy
2025-05-10 16:51:45,372 | INFO | ✅ Processed Tax Exempt → tax_exempt_revenue_summary (2 rows)
2025-05-10 16:51:45,375 | INFO | ✅ Processed Tax Exempt → tax_refund_revenue_summary (2 rows)
2025-05-10 16:51:45,381 | INFO | ✅ Processed Tax Exempt → tax_refund_revenue_summary (2 rows)
2025-05-10 16:51:45,385 | INFO | ✅ Processed Hotel Journal Summary
2025-05-10 16:51:45,398 | INFO | ✅ Processed Gross Room Revenue → gross_room_revenue_detail (3 rows)
2025-05-10 16:51:45,404 | INFO | ✅ Processed Gross Room Revenue → gross_room_revenue_detail (3 rows)
2025-05-10 16:51:45,428 | INFO | ✅ Processed Revenue by Rate Code → revenue_by_rate_code (13 rows)
2025-05-10 16:51:45,428 | INFO | ✅ Processed Hotel Journal Detail
2025-05-10 16:51:45,431 | WARNING | ⚠️ No Advance Deposit Journal data for advance_deposit_journal in 2025 - 01 - 05- Night Audit Packet.pdf
2025-05-10 16:51:45,434 | INFO | ✅ Completed 2025 - 01 - 05- Night Audit Packet.pdf | Rows loaded: 253 | Failed: None
2025-05-10 16:51:45,434 | ERROR | ❌ Failed to send email: 'function' object is not subscriptable
2025-05-10 16:51:45,435 | INFO | ✅ Processed Revenue by Rate Code → revenue_by_rate_code (17 rows)
2025-05-10 16:51:45,448 | INFO | ✅ Processed Reservation Activity → reservation_activity (8 rows)
2025-05-10 16:51:45,448 | INFO | ✅ Processed Advance Deposit Journal → advance_deposit_journal (2 rows)
2025-05-10 16:51:45,451 | INFO | ✅ Completed 2025 - 01 - 07- Night Audit Packet.pdf | Rows loaded: 254 | Failed: None
2025-05-10 16:51:45,451 | ERROR | ❌ Failed to send email: 'function' object is not subscriptable
2025-05-10 16:51:45,473 | INFO | ✅ Processed Shift Reconciliation → shift_reconciliation (2 rows)
2025-05-10 16:51:45,483 | INFO | ✅ Processed Shift Reconciliation → shift_summary (3 rows)
2025-05-10 16:51:45,499 | INFO | 📄 Starting processing file: 2025 - 02 - 04- Night Audit Packet.pdf
2025-05-10 16:51:45,515 | INFO | ✅ Processed Tax Exempt → exempt_revenue_tax (3 rows)
2025-05-10 16:51:45,522 | INFO | 📄 Starting processing file: 2025 - 02 - 07- Night Audit Packet.pdf
2025-05-10 16:51:45,525 | INFO | ✅ Processed Tax Exempt → exempt_tax (2 rows)
2025-05-10 16:51:45,538 | INFO | ✅ Processed Tax Exempt → tax_exempt_revenue_summary (2 rows)
2025-05-10 16:51:45,548 | INFO | ✅ Processed Tax Exempt → tax_refund_revenue_summary (2 rows)
2025-05-10 16:51:45,563 | INFO | ✅ Processed Gross Room Revenue → gross_room_revenue_detail (3 rows)
2025-05-10 16:51:45,605 | INFO | ✅ Processed Revenue by Rate Code → revenue_by_rate_code (12 rows)
2025-05-10 16:51:45,621 | INFO | ✅ Processed Advance Deposit Journal → advance_deposit_journal (2 rows)
2025-05-10 16:51:45,623 | INFO | ✅ Completed 2025 - 01 - 04- Night Audit Packet.pdf | Rows loaded: 250 | Failed: None
2025-05-10 16:51:45,623 | ERROR | ❌ Failed to send email: 'function' object is not subscriptable
2025-05-10 16:51:45,672 | INFO | 📄 Starting processing file: 2025 - 02 - 14- Night Audit Packet.pdf
2025-05-10 16:51:46,452 | INFO | ✅ Processed Ledger Summary
2025-05-10 16:51:46,469 | INFO | ✅ Processed No Show Report
2025-05-10 16:51:46,484 | INFO | ✅ Processed Rate Discrepancy
2025-05-10 16:51:46,507 | INFO | ✅ Processed Hotel Journal Summary
2025-05-10 16:51:46,541 | INFO | ✅ Processed Hotel Journal Detail
2025-05-10 16:51:46,595 | INFO | ✅ Processed Reservation Activity → reservation_activity (15 rows)
2025-05-10 16:51:46,608 | INFO | ✅ Processed Shift Reconciliation → shift_reconciliation (1 rows)
2025-05-10 16:51:46,650 | INFO | ✅ Processed Shift Reconciliation → shift_summary (4 rows)
2025-05-10 16:51:46,681 | INFO | ✅ Processed Tax Exempt → exempt_revenue_tax (3 rows)
2025-05-10 16:51:46,691 | INFO | ✅ Processed Tax Exempt → exempt_tax (2 rows)
2025-05-10 16:51:46,709 | INFO | ✅ Processed Tax Exempt → tax_exempt_revenue_summary (2 rows)
2025-05-10 16:51:46,722 | INFO | ✅ Processed Tax Exempt → tax_refund_revenue_summary (2 rows)
2025-05-10 16:51:46,744 | INFO | ✅ Processed Gross Room Revenue → gross_room_revenue_detail (3 rows)
2025-05-10 16:51:46,776 | INFO | ✅ Processed Revenue by Rate Code → revenue_by_rate_code (19 rows)
2025-05-10 16:51:46,791 | INFO | ✅ Processed Advance Deposit Journal → advance_deposit_journal (1 rows)
2025-05-10 16:51:46,807 | INFO | ✅ Completed 2025 - 01 - 08- Night Audit Packet.pdf | Rows loaded: 259 | Failed: None
2025-05-10 16:51:46,807 | ERROR | ❌ Failed to send email: 'function' object is not subscriptable
2025-05-10 16:51:46,880 | INFO | 📄 Starting processing file: 2025 - 02 - 15- Night Audit Packet.pdf
2025-05-10 16:52:04,043 | INFO | ✅ Processed A/R Aging
2025-05-10 16:52:04,082 | INFO | ✅ Processed Transaction Closeout
2025-05-10 16:52:04,121 | INFO | ✅ Processed In-House List
2025-05-10 16:52:04,136 | INFO | ✅ Processed room_statistics
2025-05-10 16:52:04,155 | INFO | ✅ Processed performance_statistics
2025-05-10 16:52:04,169 | INFO | ✅ Processed guest_statistics
2025-05-10 16:52:04,196 | INFO | ✅ Processed Ledger Activity
2025-05-10 16:52:05,441 | INFO | ✅ Processed A/R Aging
2025-05-10 16:52:05,466 | INFO | ✅ Processed Transaction Closeout
2025-05-10 16:52:05,497 | INFO | ✅ Processed In-House List
2025-05-10 16:52:05,514 | INFO | ✅ Processed room_statistics
2025-05-10 16:52:05,542 | INFO | ✅ Processed performance_statistics
2025-05-10 16:52:05,554 | INFO | ✅ Processed guest_statistics
2025-05-10 16:52:05,566 | INFO | ✅ Processed Ledger Activity
2025-05-10 16:52:05,840 | INFO | ✅ Processed A/R Aging
2025-05-10 16:52:05,873 | INFO | ✅ Processed Transaction Closeout
2025-05-10 16:52:05,907 | INFO | ✅ Processed In-House List
2025-05-10 16:52:05,926 | INFO | ✅ Processed room_statistics
2025-05-10 16:52:05,950 | INFO | ✅ Processed performance_statistics
2025-05-10 16:52:05,969 | INFO | ✅ Processed guest_statistics
2025-05-10 16:52:05,987 | INFO | ✅ Processed Ledger Activity
2025-05-10 16:52:07,537 | INFO | ✅ Processed A/R Aging
2025-05-10 16:52:07,564 | INFO | ✅ Processed Transaction Closeout
2025-05-10 16:52:07,588 | INFO | ✅ Processed In-House List
2025-05-10 16:52:07,606 | INFO | ✅ Processed room_statistics
2025-05-10 16:52:07,616 | INFO | ✅ Processed performance_statistics
2025-05-10 16:52:07,630 | INFO | ✅ Processed guest_statistics
2025-05-10 16:52:07,647 | INFO | ✅ Processed Ledger Activity
2025-05-10 16:52:08,102 | INFO | ✅ Processed A/R Aging
2025-05-10 16:52:08,132 | INFO | ✅ Processed Transaction Closeout
2025-05-10 16:52:08,161 | INFO | ✅ Processed In-House List
2025-05-10 16:52:08,180 | INFO | ✅ Processed room_statistics
2025-05-10 16:52:08,196 | INFO | ✅ Processed performance_statistics
2025-05-10 16:52:08,216 | INFO | ✅ Processed guest_statistics
2025-05-10 16:52:08,261 | INFO | ✅ Processed Ledger Activity
2025-05-10 16:52:09,432 | INFO | ✅ Processed A/R Aging
2025-05-10 16:52:09,463 | INFO | ✅ Processed Transaction Closeout
2025-05-10 16:52:09,538 | INFO | ✅ Processed In-House List
2025-05-10 16:52:09,579 | INFO | ✅ Processed room_statistics
2025-05-10 16:52:09,594 | INFO | ✅ Processed performance_statistics
2025-05-10 16:52:09,605 | INFO | ✅ Processed guest_statistics
2025-05-10 16:52:09,619 | INFO | ✅ Processed Ledger Activity
2025-05-10 16:52:09,703 | INFO | ✅ Processed A/R Aging
2025-05-10 16:52:09,722 | INFO | ✅ Processed Transaction Closeout
2025-05-10 16:52:09,743 | INFO | ✅ Processed In-House List
2025-05-10 16:52:09,755 | INFO | ✅ Processed room_statistics
2025-05-10 16:52:09,766 | INFO | ✅ Processed performance_statistics
2025-05-10 16:52:09,779 | INFO | ✅ Processed guest_statistics
2025-05-10 16:52:09,793 | INFO | ✅ Processed Ledger Activity
2025-05-10 16:52:10,764 | INFO | ✅ Processed Ledger Summary
2025-05-10 16:52:10,767 | WARNING | ⚠️ No No Show Report data in 2025 - 01 - 09- Night Audit Packet.pdf
2025-05-10 16:52:10,778 | INFO | ✅ Processed Rate Discrepancy
2025-05-10 16:52:10,812 | INFO | ✅ Processed Hotel Journal Summary
2025-05-10 16:52:10,851 | INFO | ✅ Processed Hotel Journal Detail
2025-05-10 16:52:10,875 | INFO | ✅ Processed Reservation Activity → reservation_activity (7 rows)
2025-05-10 16:52:10,889 | INFO | ✅ Processed Shift Reconciliation → shift_reconciliation (2 rows)
2025-05-10 16:52:10,905 | INFO | ✅ Processed Shift Reconciliation → shift_summary (3 rows)
2025-05-10 16:52:10,939 | INFO | ✅ Processed Tax Exempt → exempt_revenue_tax (3 rows)
2025-05-10 16:52:10,951 | INFO | ✅ Processed Tax Exempt → exempt_tax (2 rows)
2025-05-10 16:52:10,963 | INFO | ✅ Processed Tax Exempt → tax_exempt_revenue_summary (2 rows)
2025-05-10 16:52:10,978 | INFO | ✅ Processed Tax Exempt → tax_refund_revenue_summary (2 rows)
2025-05-10 16:52:11,021 | INFO | ✅ Processed Gross Room Revenue → gross_room_revenue_detail (3 rows)
2025-05-10 16:52:11,089 | INFO | ✅ Processed Revenue by Rate Code → revenue_by_rate_code (20 rows)
2025-05-10 16:52:11,124 | INFO | ✅ Processed Advance Deposit Journal → advance_deposit_journal (1 rows)
2025-05-10 16:52:11,131 | INFO | ✅ Completed 2025 - 01 - 09- Night Audit Packet.pdf | Rows loaded: 256 | Failed: None
2025-05-10 16:52:11,131 | ERROR | ❌ Failed to send email: 'function' object is not subscriptable
2025-05-10 16:52:11,323 | INFO | 📄 Starting processing file: 2025 - 04 - 02- Night Audit Packet.pdf
2025-05-10 16:52:11,635 | INFO | ✅ Processed A/R Aging
2025-05-10 16:52:11,652 | INFO | ✅ Processed Transaction Closeout
2025-05-10 16:52:11,695 | INFO | ✅ Processed In-House List
2025-05-10 16:52:11,710 | INFO | ✅ Processed room_statistics
2025-05-10 16:52:11,729 | INFO | ✅ Processed performance_statistics
2025-05-10 16:52:11,744 | INFO | ✅ Processed guest_statistics
2025-05-10 16:52:11,758 | INFO | ✅ Processed Ledger Activity
2025-05-10 16:52:12,970 | INFO | ✅ Processed Ledger Summary
2025-05-10 16:52:12,991 | INFO | ✅ Processed No Show Report
2025-05-10 16:52:13,005 | INFO | ✅ Processed Rate Discrepancy
2025-05-10 16:52:13,062 | INFO | ✅ Processed Hotel Journal Summary
2025-05-10 16:52:13,113 | INFO | ✅ Processed Hotel Journal Detail
2025-05-10 16:52:13,139 | INFO | ✅ Processed Reservation Activity → reservation_activity (9 rows)
2025-05-10 16:52:13,151 | INFO | ✅ Processed Shift Reconciliation → shift_reconciliation (1 rows)
2025-05-10 16:52:13,163 | INFO | ✅ Processed Shift Reconciliation → shift_summary (3 rows)
2025-05-10 16:52:13,184 | INFO | ✅ Processed Tax Exempt → exempt_revenue_tax (3 rows)
2025-05-10 16:52:13,202 | INFO | ✅ Processed Tax Exempt → exempt_tax (2 rows)
2025-05-10 16:52:13,214 | INFO | ✅ Processed Tax Exempt → tax_exempt_revenue_summary (2 rows)
2025-05-10 16:52:13,222 | INFO | ✅ Processed Ledger Summary
2025-05-10 16:52:13,225 | WARNING | ⚠️ No No Show Report data in 2025 - 01 - 10- Night Audit Packet.pdf
2025-05-10 16:52:13,230 | INFO | ✅ Processed Tax Exempt → tax_refund_revenue_summary (2 rows)
2025-05-10 16:52:13,246 | INFO | ✅ Processed Rate Discrepancy
2025-05-10 16:52:13,266 | INFO | ✅ Processed Gross Room Revenue → gross_room_revenue_detail (3 rows)
2025-05-10 16:52:13,269 | INFO | ✅ Processed Hotel Journal Summary
2025-05-10 16:52:13,308 | INFO | ✅ Processed Hotel Journal Detail
2025-05-10 16:52:13,311 | INFO | ✅ Processed Revenue by Rate Code → revenue_by_rate_code (33 rows)
2025-05-10 16:52:13,326 | INFO | ✅ Processed Advance Deposit Journal → advance_deposit_journal (2 rows)
2025-05-10 16:52:13,327 | INFO | ✅ Processed Reservation Activity → reservation_activity (10 rows)
2025-05-10 16:52:13,331 | INFO | ✅ Completed 2025 - 01 - 22- Night Audit Packet.pdf | Rows loaded: 243 | Failed: None
2025-05-10 16:52:13,332 | ERROR | ❌ Failed to send email: 'function' object is not subscriptable
2025-05-10 16:52:13,337 | INFO | ✅ Processed Shift Reconciliation → shift_reconciliation (2 rows)
2025-05-10 16:52:13,346 | INFO | ✅ Processed Shift Reconciliation → shift_summary (3 rows)
2025-05-10 16:52:13,382 | INFO | ✅ Processed Tax Exempt → exempt_revenue_tax (3 rows)
2025-05-10 16:52:13,393 | INFO | ✅ Processed Tax Exempt → exempt_tax (2 rows)
2025-05-10 16:52:13,401 | INFO | ✅ Processed Tax Exempt → tax_exempt_revenue_summary (2 rows)
2025-05-10 16:52:13,410 | INFO | ✅ Processed Tax Exempt → tax_refund_revenue_summary (2 rows)
2025-05-10 16:52:13,428 | INFO | ✅ Processed Gross Room Revenue → gross_room_revenue_detail (3 rows)
2025-05-10 16:52:13,467 | INFO | ✅ Processed Revenue by Rate Code → revenue_by_rate_code (21 rows)
2025-05-10 16:52:13,470 | WARNING | ⚠️ No Advance Deposit Journal data for advance_deposit_journal in 2025 - 01 - 10- Night Audit Packet.pdf
2025-05-10 16:52:13,475 | INFO | ✅ Completed 2025 - 01 - 10- Night Audit Packet.pdf | Rows loaded: 276 | Failed: None
2025-05-10 16:52:13,476 | ERROR | ❌ Failed to send email: 'function' object is not subscriptable
2025-05-10 16:52:15,214 | INFO | ✅ Processed Ledger Summary
2025-05-10 16:52:15,218 | WARNING | ⚠️ No No Show Report data in 2025 - 01 - 13- Night Audit Packet.pdf
2025-05-10 16:52:15,253 | INFO | ✅ Processed Rate Discrepancy
2025-05-10 16:52:15,324 | INFO | ✅ Processed Hotel Journal Summary
2025-05-10 16:52:15,332 | INFO | ✅ Processed Ledger Summary
2025-05-10 16:52:15,333 | WARNING | ⚠️ No No Show Report data in 2025 - 02 - 07- Night Audit Packet.pdf
2025-05-10 16:52:15,344 | INFO | ✅ Processed Rate Discrepancy
2025-05-10 16:52:15,356 | INFO | ✅ Processed Hotel Journal Detail
2025-05-10 16:52:15,367 | INFO | ✅ Processed Hotel Journal Summary
2025-05-10 16:52:15,390 | INFO | ✅ Processed Reservation Activity → reservation_activity (9 rows)
2025-05-10 16:52:15,401 | INFO | ✅ Processed Hotel Journal Detail
2025-05-10 16:52:15,404 | INFO | ✅ Processed Shift Reconciliation → shift_reconciliation (2 rows)
2025-05-10 16:52:15,418 | INFO | ✅ Processed Shift Reconciliation → shift_summary (3 rows)
2025-05-10 16:52:15,439 | INFO | ✅ Processed Reservation Activity → reservation_activity (15 rows)
2025-05-10 16:52:15,449 | INFO | ✅ Processed Shift Reconciliation → shift_reconciliation (1 rows)
2025-05-10 16:52:15,455 | INFO | ✅ Processed Tax Exempt → exempt_revenue_tax (3 rows)
2025-05-10 16:52:15,461 | INFO | ✅ Processed Shift Reconciliation → shift_summary (2 rows)
2025-05-10 16:52:15,464 | INFO | ✅ Processed Tax Exempt → exempt_tax (2 rows)
2025-05-10 16:52:15,472 | INFO | ✅ Processed Tax Exempt → tax_exempt_revenue_summary (2 rows)
2025-05-10 16:52:15,482 | INFO | ✅ Processed Tax Exempt → tax_refund_revenue_summary (2 rows)
2025-05-10 16:52:15,483 | INFO | ✅ Processed Tax Exempt → exempt_revenue_tax (3 rows)
2025-05-10 16:52:15,501 | INFO | ✅ Processed Tax Exempt → exempt_tax (2 rows)
2025-05-10 16:52:15,512 | INFO | ✅ Processed Tax Exempt → tax_exempt_revenue_summary (2 rows)
2025-05-10 16:52:15,521 | INFO | ✅ Processed Gross Room Revenue → gross_room_revenue_detail (3 rows)
2025-05-10 16:52:15,523 | INFO | ✅ Processed Tax Exempt → tax_refund_revenue_summary (2 rows)
2025-05-10 16:52:15,548 | INFO | ✅ Processed Gross Room Revenue → gross_room_revenue_detail (5 rows)
2025-05-10 16:52:15,559 | INFO | ✅ Processed Revenue by Rate Code → revenue_by_rate_code (24 rows)
2025-05-10 16:52:15,582 | INFO | ✅ Processed Advance Deposit Journal → advance_deposit_journal (2 rows)
2025-05-10 16:52:15,586 | INFO | ✅ Completed 2025 - 01 - 13- Night Audit Packet.pdf | Rows loaded: 275 | Failed: None
2025-05-10 16:52:15,586 | ERROR | ❌ Failed to send email: 'function' object is not subscriptable
2025-05-10 16:52:15,594 | INFO | ✅ Processed Revenue by Rate Code → revenue_by_rate_code (40 rows)
2025-05-10 16:52:15,615 | INFO | ✅ Processed Advance Deposit Journal → advance_deposit_journal (2 rows)
2025-05-10 16:52:15,618 | INFO | ✅ Completed 2025 - 02 - 07- Night Audit Packet.pdf | Rows loaded: 241 | Failed: None
2025-05-10 16:52:15,619 | ERROR | ❌ Failed to send email: 'function' object is not subscriptable
2025-05-10 16:52:16,839 | INFO | ✅ Processed Ledger Summary
2025-05-10 16:52:16,842 | WARNING | ⚠️ No No Show Report data in 2025 - 02 - 14- Night Audit Packet.pdf
2025-05-10 16:52:16,862 | INFO | ✅ Processed Rate Discrepancy
2025-05-10 16:52:16,887 | INFO | ✅ Processed Hotel Journal Summary
2025-05-10 16:52:16,913 | INFO | ✅ Processed Ledger Summary
2025-05-10 16:52:16,916 | WARNING | ⚠️ No No Show Report data in 2025 - 02 - 04- Night Audit Packet.pdf
2025-05-10 16:52:16,923 | INFO | ✅ Processed Hotel Journal Detail
2025-05-10 16:52:16,926 | INFO | ✅ Processed Rate Discrepancy
2025-05-10 16:52:16,936 | INFO | ✅ Processed Reservation Activity → reservation_activity (8 rows)
2025-05-10 16:52:16,940 | INFO | ✅ Processed Hotel Journal Summary
2025-05-10 16:52:16,943 | INFO | ✅ Processed Shift Reconciliation → shift_reconciliation (2 rows)
2025-05-10 16:52:16,949 | INFO | ✅ Processed Shift Reconciliation → shift_summary (2 rows)
2025-05-10 16:52:16,972 | INFO | ✅ Processed Tax Exempt → exempt_revenue_tax (3 rows)
2025-05-10 16:52:16,974 | INFO | ✅ Processed Hotel Journal Detail
2025-05-10 16:52:16,980 | INFO | ✅ Processed Tax Exempt → exempt_tax (2 rows)
2025-05-10 16:52:16,986 | INFO | ✅ Processed Tax Exempt → tax_exempt_revenue_summary (2 rows)
2025-05-10 16:52:16,987 | INFO | ✅ Processed Reservation Activity → reservation_activity (8 rows)
2025-05-10 16:52:16,992 | INFO | ✅ Processed Tax Exempt → tax_refund_revenue_summary (2 rows)
2025-05-10 16:52:16,994 | INFO | ✅ Processed Shift Reconciliation → shift_reconciliation (2 rows)
2025-05-10 16:52:17,002 | INFO | ✅ Processed Shift Reconciliation → shift_summary (3 rows)
2025-05-10 16:52:17,005 | INFO | ✅ Processed Gross Room Revenue → gross_room_revenue_detail (5 rows)
2025-05-10 16:52:17,019 | INFO | ✅ Processed Tax Exempt → exempt_revenue_tax (2 rows)
2025-05-10 16:52:17,025 | INFO | ✅ Processed Tax Exempt → exempt_tax (1 rows)
2025-05-10 16:52:17,028 | INFO | ✅ Processed Revenue by Rate Code → revenue_by_rate_code (44 rows)
2025-05-10 16:52:17,032 | INFO | ✅ Processed Tax Exempt → tax_exempt_revenue_summary (1 rows)
2025-05-10 16:52:17,041 | INFO | ✅ Processed Advance Deposit Journal → advance_deposit_journal (1 rows)
2025-05-10 16:52:17,041 | INFO | ✅ Processed Tax Exempt → tax_refund_revenue_summary (2 rows)
2025-05-10 16:52:17,047 | INFO | ✅ Completed 2025 - 02 - 14- Night Audit Packet.pdf | Rows loaded: 266 | Failed: None
2025-05-10 16:52:17,047 | ERROR | ❌ Failed to send email: 'function' object is not subscriptable
2025-05-10 16:52:17,066 | INFO | ✅ Processed Gross Room Revenue → gross_room_revenue_detail (5 rows)
2025-05-10 16:52:17,101 | INFO | ✅ Processed Revenue by Rate Code → revenue_by_rate_code (40 rows)
2025-05-10 16:52:17,119 | INFO | ✅ Processed Advance Deposit Journal → advance_deposit_journal (1 rows)
2025-05-10 16:52:17,121 | INFO | ✅ Completed 2025 - 02 - 04- Night Audit Packet.pdf | Rows loaded: 286 | Failed: None
2025-05-10 16:52:17,121 | ERROR | ❌ Failed to send email: 'function' object is not subscriptable
2025-05-10 16:52:18,080 | INFO | ✅ Processed Ledger Summary
2025-05-10 16:52:18,081 | WARNING | ⚠️ No No Show Report data in 2025 - 02 - 15- Night Audit Packet.pdf
2025-05-10 16:52:18,089 | INFO | ✅ Processed Rate Discrepancy
2025-05-10 16:52:18,101 | INFO | ✅ Processed Hotel Journal Summary
2025-05-10 16:52:18,125 | INFO | ✅ Processed Hotel Journal Detail
2025-05-10 16:52:18,134 | INFO | ✅ Processed Reservation Activity → reservation_activity (9 rows)
2025-05-10 16:52:18,140 | INFO | ✅ Processed Shift Reconciliation → shift_reconciliation (2 rows)
2025-05-10 16:52:18,145 | INFO | ✅ Processed Shift Reconciliation → shift_summary (3 rows)
2025-05-10 16:52:18,157 | INFO | ✅ Processed Tax Exempt → exempt_revenue_tax (3 rows)
2025-05-10 16:52:18,162 | INFO | ✅ Processed Tax Exempt → exempt_tax (2 rows)
2025-05-10 16:52:18,167 | INFO | ✅ Processed Tax Exempt → tax_exempt_revenue_summary (2 rows)
2025-05-10 16:52:18,171 | INFO | ✅ Processed Tax Exempt → tax_refund_revenue_summary (2 rows)
2025-05-10 16:52:18,180 | INFO | ✅ Processed Gross Room Revenue → gross_room_revenue_detail (5 rows)
2025-05-10 16:52:18,198 | INFO | ✅ Processed Revenue by Rate Code → revenue_by_rate_code (46 rows)
2025-05-10 16:52:18,198 | WARNING | ⚠️ No Advance Deposit Journal data for advance_deposit_journal in 2025 - 02 - 15- Night Audit Packet.pdf
2025-05-10 16:52:18,199 | INFO | ✅ Completed 2025 - 02 - 15- Night Audit Packet.pdf | Rows loaded: 280 | Failed: None
2025-05-10 16:52:18,199 | ERROR | ❌ Failed to send email: 'function' object is not subscriptable
2025-05-10 16:52:23,865 | INFO | ✅ Processed A/R Aging
2025-05-10 16:52:23,877 | INFO | ✅ Processed Transaction Closeout
2025-05-10 16:52:23,891 | INFO | ✅ Processed In-House List
2025-05-10 16:52:23,900 | INFO | ✅ Processed room_statistics
2025-05-10 16:52:23,907 | INFO | ✅ Processed performance_statistics
2025-05-10 16:52:23,921 | INFO | ✅ Processed guest_statistics
2025-05-10 16:52:23,929 | INFO | ✅ Processed Ledger Activity
2025-05-10 16:52:27,788 | INFO | ✅ Processed Ledger Summary
2025-05-10 16:52:27,795 | WARNING | ⚠️ No No Show Report data in 2025 - 04 - 02- Night Audit Packet.pdf
2025-05-10 16:52:27,804 | INFO | ✅ Processed Rate Discrepancy
2025-05-10 16:52:27,849 | INFO | ✅ Processed Hotel Journal Summary
2025-05-10 16:52:27,880 | INFO | ✅ Processed Hotel Journal Detail
2025-05-10 16:52:27,901 | INFO | ✅ Processed Reservation Activity → reservation_activity (15 rows)
2025-05-10 16:52:27,909 | INFO | ✅ Processed Shift Reconciliation → shift_reconciliation (1 rows)
2025-05-10 16:52:27,913 | INFO | ✅ Processed Shift Reconciliation → shift_summary (4 rows)
2025-05-10 16:52:27,928 | INFO | ✅ Processed Tax Exempt → exempt_revenue_tax (3 rows)
2025-05-10 16:52:27,933 | INFO | ✅ Processed Tax Exempt → exempt_tax (2 rows)
2025-05-10 16:52:27,936 | INFO | ✅ Processed Tax Exempt → tax_exempt_revenue_summary (2 rows)
2025-05-10 16:52:27,941 | INFO | ✅ Processed Tax Exempt → tax_refund_revenue_summary (2 rows)
2025-05-10 16:52:27,956 | INFO | ✅ Processed Gross Room Revenue → gross_room_revenue_detail (5 rows)
2025-05-10 16:52:27,990 | INFO | ✅ Processed Revenue by Rate Code → revenue_by_rate_code (56 rows)
2025-05-10 16:52:27,992 | WARNING | ⚠️ No Advance Deposit Journal data for advance_deposit_journal in 2025 - 04 - 02- Night Audit Packet.pdf
2025-05-10 16:52:28,000 | INFO | ✅ Completed 2025 - 04 - 02- Night Audit Packet.pdf | Rows loaded: 241 | Failed: None
2025-05-10 16:52:28,000 | ERROR | ❌ Failed to send email: 'function' object is not subscriptable
