2025-05-12 00:14:07,900 | INFO | 📄 Starting processing file: 2025 - 01 - 01- Night Audit Packet.pdf
2025-05-12 00:14:07,933 | INFO | 📄 Starting processing file: 2025 - 01 - 02- Night Audit Packet.pdf
2025-05-12 00:14:07,972 | INFO | 📄 Starting processing file: 2025 - 01 - 03- Night Audit Packet.pdf
2025-05-12 00:14:08,064 | INFO | 📄 Starting processing file: 2025 - 01 - 04- Night Audit Packet.pdf
2025-05-12 00:14:08,088 | INFO | 📄 Starting processing file: 2025 - 01 - 06- Night Audit Packet.pdf
2025-05-12 00:14:08,090 | INFO | 📄 Starting processing file: 2025 - 01 - 05- Night Audit Packet.pdf
2025-05-12 00:14:08,116 | INFO | 📄 Starting processing file: 2025 - 01 - 07- Night Audit Packet.pdf
2025-05-12 00:14:08,126 | INFO | 📄 Starting processing file: 2025 - 01 - 08- Night Audit Packet.pdf
2025-05-12 00:14:20,357 | INFO | ✅ Processed A/R Aging
2025-05-12 00:14:20,377 | INFO | ✅ Processed Transaction Closeout
2025-05-12 00:14:20,426 | INFO | ✅ Processed In-House List
2025-05-12 00:14:20,457 | INFO | ✅ Processed room_statistics
2025-05-12 00:14:20,496 | INFO | ✅ Processed performance_statistics
2025-05-12 00:14:20,514 | INFO | ✅ Processed guest_statistics
2025-05-12 00:14:20,531 | INFO | ✅ Processed Ledger Activity
2025-05-12 00:14:21,488 | INFO | ✅ Processed A/R Aging
2025-05-12 00:14:21,532 | INFO | ✅ Processed Transaction Closeout
2025-05-12 00:14:21,572 | INFO | ✅ Processed In-House List
2025-05-12 00:14:21,618 | INFO | ✅ Processed room_statistics
2025-05-12 00:14:21,641 | INFO | ✅ Processed performance_statistics
2025-05-12 00:14:21,669 | INFO | ✅ Processed guest_statistics
2025-05-12 00:14:21,684 | INFO | ✅ Processed Ledger Activity
2025-05-12 00:14:21,796 | INFO | ✅ Processed A/R Aging
2025-05-12 00:14:21,826 | INFO | ✅ Processed Transaction Closeout
2025-05-12 00:14:21,859 | INFO | ✅ Processed In-House List
2025-05-12 00:14:21,891 | INFO | ✅ Processed room_statistics
2025-05-12 00:14:21,910 | INFO | ✅ Processed performance_statistics
2025-05-12 00:14:21,925 | INFO | ✅ Processed guest_statistics
2025-05-12 00:14:21,940 | INFO | ✅ Processed Ledger Activity
2025-05-12 00:14:22,385 | INFO | ✅ Processed A/R Aging
2025-05-12 00:14:22,415 | INFO | ✅ Processed Transaction Closeout
2025-05-12 00:14:22,454 | INFO | ✅ Processed In-House List
2025-05-12 00:14:22,476 | INFO | ✅ Processed room_statistics
2025-05-12 00:14:22,499 | INFO | ✅ Processed performance_statistics
2025-05-12 00:14:22,517 | INFO | ✅ Processed guest_statistics
2025-05-12 00:14:22,532 | INFO | ✅ Processed Ledger Activity
2025-05-12 00:14:22,669 | INFO | ✅ Processed A/R Aging
2025-05-12 00:14:22,708 | INFO | ✅ Processed Transaction Closeout
2025-05-12 00:14:22,719 | INFO | ✅ Processed A/R Aging
2025-05-12 00:14:22,752 | INFO | ✅ Processed In-House List
2025-05-12 00:14:22,753 | INFO | ✅ Processed Transaction Closeout
2025-05-12 00:14:22,772 | INFO | ✅ Processed room_statistics
2025-05-12 00:14:22,776 | INFO | ✅ Processed In-House List
2025-05-12 00:14:22,790 | INFO | ✅ Processed performance_statistics
2025-05-12 00:14:22,798 | INFO | ✅ Processed room_statistics
2025-05-12 00:14:22,807 | INFO | ✅ Processed guest_statistics
2025-05-12 00:14:22,808 | INFO | ✅ Processed performance_statistics
2025-05-12 00:14:22,809 | INFO | ✅ Processed A/R Aging
2025-05-12 00:14:22,819 | INFO | ✅ Processed Ledger Activity
2025-05-12 00:14:22,819 | INFO | ✅ Processed guest_statistics
2025-05-12 00:14:22,837 | INFO | ✅ Processed Ledger Activity
2025-05-12 00:14:22,838 | INFO | ✅ Processed Transaction Closeout
2025-05-12 00:14:22,872 | INFO | ✅ Processed In-House List
2025-05-12 00:14:22,897 | INFO | ✅ Processed room_statistics
2025-05-12 00:14:22,918 | INFO | ✅ Processed performance_statistics
2025-05-12 00:14:22,939 | INFO | ✅ Processed guest_statistics
2025-05-12 00:14:22,957 | INFO | ✅ Processed Ledger Activity
2025-05-12 00:14:23,340 | INFO | ✅ Processed A/R Aging
2025-05-12 00:14:23,356 | INFO | ✅ Processed Transaction Closeout
2025-05-12 00:14:23,403 | INFO | ✅ Processed In-House List
2025-05-12 00:14:23,419 | INFO | ✅ Processed room_statistics
2025-05-12 00:14:23,433 | INFO | ✅ Processed performance_statistics
2025-05-12 00:14:23,446 | INFO | ✅ Processed guest_statistics
2025-05-12 00:14:23,459 | INFO | ✅ Processed Ledger Activity
2025-05-12 00:14:25,552 | INFO | ✅ Processed Ledger Summary
2025-05-12 00:14:25,557 | WARNING | ⚠️ No No Show Report data in 2025 - 01 - 01- Night Audit Packet.pdf
2025-05-12 00:14:25,574 | INFO | ✅ Processed Rate Discrepancy
2025-05-12 00:14:25,613 | INFO | ✅ Processed Hotel Journal Summary
2025-05-12 00:14:25,658 | INFO | ✅ Processed Hotel Journal Detail
2025-05-12 00:14:25,722 | INFO | ✅ Processed Reservation Activity → reservation_activity (7 rows)
2025-05-12 00:14:25,965 | INFO | ✅ Processed Shift Reconciliation → shift_reconciliation (1 rows)
2025-05-12 00:14:25,979 | INFO | ✅ Processed Shift Reconciliation → shift_summary (3 rows)
2025-05-12 00:14:26,013 | INFO | ✅ Processed Tax Exempt → exempt_revenue_tax (2 rows)
2025-05-12 00:14:26,014 | WARNING | ⚠️ No Tax Exempt data for exempt_tax in 2025 - 01 - 01- Night Audit Packet.pdf
2025-05-12 00:14:26,014 | WARNING | ⚠️ No Tax Exempt data for tax_exempt_revenue_summary in 2025 - 01 - 01- Night Audit Packet.pdf
2025-05-12 00:14:26,025 | INFO | ✅ Processed Tax Exempt → tax_refund_revenue_summary (2 rows)
2025-05-12 00:14:26,048 | INFO | ✅ Processed Gross Room Revenue → gross_room_revenue_detail (3 rows)
2025-05-12 00:14:26,083 | INFO | ✅ Processed Revenue by Rate Code → revenue_by_rate_code (9 rows)
2025-05-12 00:14:26,098 | INFO | ✅ Processed Advance Deposit Journal → advance_deposit_journal (1 rows)
2025-05-12 00:14:26,100 | INFO | ✅ Completed 2025 - 01 - 01- Night Audit Packet.pdf | Rows loaded: 230 | Failed: None
2025-05-12 00:14:27,059 | INFO | 📧 Email sent successfully.
2025-05-12 00:14:27,191 | INFO | 📄 Starting processing file: 2025 - 01 - 09- Night Audit Packet.pdf
2025-05-12 00:14:27,514 | INFO | ✅ Processed Ledger Summary
2025-05-12 00:14:27,515 | WARNING | ⚠️ No No Show Report data in 2025 - 01 - 02- Night Audit Packet.pdf
2025-05-12 00:14:27,549 | INFO | ✅ Processed Rate Discrepancy
2025-05-12 00:14:27,557 | INFO | ✅ Processed Ledger Summary
2025-05-12 00:14:27,561 | WARNING | ⚠️ No No Show Report data in 2025 - 01 - 06- Night Audit Packet.pdf
2025-05-12 00:14:27,658 | INFO | ✅ Processed Rate Discrepancy
2025-05-12 00:14:27,659 | INFO | ✅ Processed Hotel Journal Summary
2025-05-12 00:14:27,674 | INFO | ✅ Processed Hotel Journal Summary
2025-05-12 00:14:27,701 | INFO | ✅ Processed Hotel Journal Detail
2025-05-12 00:14:27,733 | INFO | ✅ Processed Reservation Activity → reservation_activity (8 rows)
2025-05-12 00:14:27,736 | INFO | ✅ Processed Hotel Journal Detail
2025-05-12 00:14:27,744 | INFO | ✅ Processed Shift Reconciliation → shift_reconciliation (1 rows)
2025-05-12 00:14:27,753 | INFO | ✅ Processed Shift Reconciliation → shift_summary (3 rows)
2025-05-12 00:14:27,759 | INFO | ✅ Processed Reservation Activity → reservation_activity (3 rows)
2025-05-12 00:14:27,770 | INFO | ✅ Processed Shift Reconciliation → shift_reconciliation (2 rows)
2025-05-12 00:14:27,780 | INFO | ✅ Processed Shift Reconciliation → shift_summary (3 rows)
2025-05-12 00:14:27,788 | INFO | ✅ Processed Tax Exempt → exempt_revenue_tax (3 rows)
2025-05-12 00:14:27,799 | INFO | ✅ Processed Tax Exempt → exempt_tax (2 rows)
2025-05-12 00:14:27,802 | INFO | ✅ Processed Tax Exempt → exempt_revenue_tax (3 rows)
2025-05-12 00:14:27,811 | INFO | ✅ Processed Tax Exempt → tax_exempt_revenue_summary (2 rows)
2025-05-12 00:14:27,811 | INFO | ✅ Processed Tax Exempt → exempt_tax (2 rows)
2025-05-12 00:14:27,819 | INFO | ✅ Processed Tax Exempt → tax_exempt_revenue_summary (2 rows)
2025-05-12 00:14:27,822 | INFO | ✅ Processed Tax Exempt → tax_refund_revenue_summary (2 rows)
2025-05-12 00:14:27,828 | INFO | ✅ Processed Tax Exempt → tax_refund_revenue_summary (2 rows)
2025-05-12 00:14:27,842 | INFO | ✅ Processed Gross Room Revenue → gross_room_revenue_detail (3 rows)
2025-05-12 00:14:27,851 | INFO | ✅ Processed Gross Room Revenue → gross_room_revenue_detail (3 rows)
2025-05-12 00:14:27,863 | INFO | ✅ Processed Revenue by Rate Code → revenue_by_rate_code (11 rows)
2025-05-12 00:14:27,870 | INFO | ✅ Processed Revenue by Rate Code → revenue_by_rate_code (15 rows)
2025-05-12 00:14:27,874 | WARNING | ⚠️ No Advance Deposit Journal data for advance_deposit_journal in 2025 - 01 - 06- Night Audit Packet.pdf
2025-05-12 00:14:27,876 | INFO | ✅ Completed 2025 - 01 - 06- Night Audit Packet.pdf | Rows loaded: 246 | Failed: None
2025-05-12 00:14:27,879 | INFO | ✅ Processed Advance Deposit Journal → advance_deposit_journal (2 rows)
2025-05-12 00:14:27,881 | INFO | ✅ Completed 2025 - 01 - 02- Night Audit Packet.pdf | Rows loaded: 245 | Failed: None
2025-05-12 00:14:28,333 | INFO | ✅ Processed Ledger Summary
2025-05-12 00:14:28,345 | WARNING | ⚠️ No No Show Report data in 2025 - 01 - 05- Night Audit Packet.pdf
2025-05-12 00:14:28,362 | INFO | ✅ Processed Rate Discrepancy
2025-05-12 00:14:28,407 | INFO | ✅ Processed Hotel Journal Summary
2025-05-12 00:14:28,431 | INFO | ✅ Processed Hotel Journal Detail
2025-05-12 00:14:28,463 | INFO | ✅ Processed Reservation Activity → reservation_activity (3 rows)
2025-05-12 00:14:28,484 | INFO | ✅ Processed Shift Reconciliation → shift_reconciliation (1 rows)
2025-05-12 00:14:28,498 | INFO | ✅ Processed Shift Reconciliation → shift_summary (3 rows)
2025-05-12 00:14:28,507 | INFO | ✅ Processed Ledger Summary
2025-05-12 00:14:28,516 | INFO | ✅ Processed Tax Exempt → exempt_revenue_tax (3 rows)
2025-05-12 00:14:28,532 | INFO | ✅ Processed Tax Exempt → exempt_tax (2 rows)
2025-05-12 00:14:28,537 | INFO | ✅ Processed No Show Report
2025-05-12 00:14:28,551 | INFO | ✅ Processed Tax Exempt → tax_exempt_revenue_summary (2 rows)
2025-05-12 00:14:28,556 | INFO | ✅ Processed Rate Discrepancy
2025-05-12 00:14:28,559 | INFO | ✅ Processed Ledger Summary
2025-05-12 00:14:28,565 | WARNING | ⚠️ No No Show Report data in 2025 - 01 - 03- Night Audit Packet.pdf
2025-05-12 00:14:28,569 | INFO | ✅ Processed Tax Exempt → tax_refund_revenue_summary (2 rows)
2025-05-12 00:14:28,583 | INFO | ✅ Processed Rate Discrepancy
2025-05-12 00:14:28,585 | INFO | ✅ Processed Hotel Journal Summary
2025-05-12 00:14:28,588 | INFO | ✅ Processed Gross Room Revenue → gross_room_revenue_detail (3 rows)
2025-05-12 00:14:28,642 | INFO | ✅ Processed Hotel Journal Summary
2025-05-12 00:14:28,656 | INFO | ✅ Processed Hotel Journal Detail
2025-05-12 00:14:28,665 | INFO | ✅ Processed Revenue by Rate Code → revenue_by_rate_code (13 rows)
2025-05-12 00:14:28,666 | INFO | ✅ Processed Hotel Journal Detail
2025-05-12 00:14:28,671 | INFO | 📧 Email sent successfully.
2025-05-12 00:14:28,676 | WARNING | ⚠️ No Advance Deposit Journal data for advance_deposit_journal in 2025 - 01 - 05- Night Audit Packet.pdf
2025-05-12 00:14:28,682 | INFO | ✅ Processed Reservation Activity → reservation_activity (8 rows)
2025-05-12 00:14:28,687 | INFO | ✅ Completed 2025 - 01 - 05- Night Audit Packet.pdf | Rows loaded: 253 | Failed: None
2025-05-12 00:14:28,693 | INFO | ✅ Processed Reservation Activity → reservation_activity (11 rows)
2025-05-12 00:14:28,704 | INFO | ✅ Processed Shift Reconciliation → shift_reconciliation (2 rows)
2025-05-12 00:14:28,722 | INFO | ✅ Processed Shift Reconciliation → shift_reconciliation (1 rows)
2025-05-12 00:14:28,724 | INFO | ✅ Processed Shift Reconciliation → shift_summary (3 rows)
2025-05-12 00:14:28,739 | INFO | ✅ Processed Shift Reconciliation → shift_summary (3 rows)
2025-05-12 00:14:28,745 | INFO | 📄 Starting processing file: 2025 - 01 - 10- Night Audit Packet.pdf
2025-05-12 00:14:28,756 | INFO | ✅ Processed Tax Exempt → exempt_revenue_tax (3 rows)
2025-05-12 00:14:28,770 | INFO | ✅ Processed Tax Exempt → exempt_revenue_tax (3 rows)
2025-05-12 00:14:28,770 | INFO | ✅ Processed Tax Exempt → exempt_tax (2 rows)
2025-05-12 00:14:28,783 | INFO | ✅ Processed Tax Exempt → tax_exempt_revenue_summary (2 rows)
2025-05-12 00:14:28,784 | INFO | ✅ Processed Tax Exempt → exempt_tax (2 rows)
2025-05-12 00:14:28,799 | INFO | ✅ Processed Tax Exempt → tax_refund_revenue_summary (2 rows)
2025-05-12 00:14:28,799 | INFO | ✅ Processed Tax Exempt → tax_exempt_revenue_summary (2 rows)
2025-05-12 00:14:28,803 | INFO | 📧 Email sent successfully.
2025-05-12 00:14:28,824 | INFO | ✅ Processed Tax Exempt → tax_refund_revenue_summary (2 rows)
2025-05-12 00:14:28,838 | INFO | ✅ Processed Gross Room Revenue → gross_room_revenue_detail (3 rows)
2025-05-12 00:14:28,846 | INFO | ✅ Processed Ledger Summary
2025-05-12 00:14:28,852 | WARNING | ⚠️ No No Show Report data in 2025 - 01 - 07- Night Audit Packet.pdf
2025-05-12 00:14:28,853 | INFO | ✅ Processed Gross Room Revenue → gross_room_revenue_detail (3 rows)
2025-05-12 00:14:28,867 | INFO | ✅ Processed Rate Discrepancy
2025-05-12 00:14:28,868 | INFO | ✅ Processed Revenue by Rate Code → revenue_by_rate_code (12 rows)
2025-05-12 00:14:28,891 | INFO | 📄 Starting processing file: 2025 - 01 - 13- Night Audit Packet.pdf
2025-05-12 00:14:28,897 | INFO | ✅ Processed Advance Deposit Journal → advance_deposit_journal (2 rows)
2025-05-12 00:14:28,901 | INFO | ✅ Processed Hotel Journal Summary
2025-05-12 00:14:28,912 | INFO | ✅ Completed 2025 - 01 - 04- Night Audit Packet.pdf | Rows loaded: 250 | Failed: None
2025-05-12 00:14:28,912 | INFO | ✅ Processed Revenue by Rate Code → revenue_by_rate_code (11 rows)
2025-05-12 00:14:28,934 | INFO | ✅ Processed Advance Deposit Journal → advance_deposit_journal (2 rows)
2025-05-12 00:14:28,938 | INFO | ✅ Completed 2025 - 01 - 03- Night Audit Packet.pdf | Rows loaded: 252 | Failed: None
2025-05-12 00:14:28,940 | INFO | ✅ Processed Hotel Journal Detail
2025-05-12 00:14:28,968 | INFO | ✅ Processed Reservation Activity → reservation_activity (9 rows)
2025-05-12 00:14:28,979 | INFO | ✅ Processed Shift Reconciliation → shift_reconciliation (3 rows)
2025-05-12 00:14:28,994 | INFO | ✅ Processed Shift Reconciliation → shift_summary (3 rows)
2025-05-12 00:14:29,051 | INFO | ✅ Processed Tax Exempt → exempt_revenue_tax (3 rows)
2025-05-12 00:14:29,065 | INFO | ✅ Processed Tax Exempt → exempt_tax (2 rows)
2025-05-12 00:14:29,072 | INFO | ✅ Processed Tax Exempt → tax_exempt_revenue_summary (2 rows)
2025-05-12 00:14:29,079 | INFO | ✅ Processed Tax Exempt → tax_refund_revenue_summary (2 rows)
2025-05-12 00:14:29,110 | INFO | ✅ Processed Gross Room Revenue → gross_room_revenue_detail (3 rows)
2025-05-12 00:14:29,135 | INFO | ✅ Processed Revenue by Rate Code → revenue_by_rate_code (17 rows)
2025-05-12 00:14:29,164 | INFO | ✅ Processed Advance Deposit Journal → advance_deposit_journal (2 rows)
2025-05-12 00:14:29,167 | INFO | ✅ Completed 2025 - 01 - 07- Night Audit Packet.pdf | Rows loaded: 254 | Failed: None
2025-05-12 00:14:29,690 | INFO | 📧 Email sent successfully.
2025-05-12 00:14:29,753 | INFO | 📧 Email sent successfully.
2025-05-12 00:14:29,875 | INFO | 📧 Email sent successfully.
2025-05-12 00:14:29,949 | INFO | ✅ Processed Ledger Summary
2025-05-12 00:14:29,994 | INFO | ✅ Processed No Show Report
2025-05-12 00:14:30,072 | INFO | ✅ Processed Rate Discrepancy
2025-05-12 00:14:30,103 | INFO | 📄 Starting processing file: 2025 - 01 - 22- Night Audit Packet.pdf
2025-05-12 00:14:30,116 | INFO | 📄 Starting processing file: 2025 - 02 - 07- Night Audit Packet.pdf
2025-05-12 00:14:30,117 | INFO | ✅ Processed Hotel Journal Summary
2025-05-12 00:14:30,120 | INFO | 📄 Starting processing file: 2025 - 02 - 04- Night Audit Packet.pdf
2025-05-12 00:14:30,169 | INFO | ✅ Processed Hotel Journal Detail
2025-05-12 00:14:30,201 | INFO | ✅ Processed Reservation Activity → reservation_activity (15 rows)
2025-05-12 00:14:30,243 | INFO | ✅ Processed Shift Reconciliation → shift_reconciliation (1 rows)
2025-05-12 00:14:30,286 | INFO | ✅ Processed Shift Reconciliation → shift_summary (4 rows)
2025-05-12 00:14:30,329 | INFO | ✅ Processed Tax Exempt → exempt_revenue_tax (3 rows)
2025-05-12 00:14:30,361 | INFO | ✅ Processed Tax Exempt → exempt_tax (2 rows)
2025-05-12 00:14:30,372 | INFO | ✅ Processed Tax Exempt → tax_exempt_revenue_summary (2 rows)
2025-05-12 00:14:30,386 | INFO | ✅ Processed Tax Exempt → tax_refund_revenue_summary (2 rows)
2025-05-12 00:14:30,413 | INFO | ✅ Processed Gross Room Revenue → gross_room_revenue_detail (3 rows)
2025-05-12 00:14:30,464 | INFO | ✅ Processed Revenue by Rate Code → revenue_by_rate_code (19 rows)
2025-05-12 00:14:30,476 | INFO | ✅ Processed Advance Deposit Journal → advance_deposit_journal (1 rows)
2025-05-12 00:14:30,507 | INFO | ✅ Completed 2025 - 01 - 08- Night Audit Packet.pdf | Rows loaded: 259 | Failed: None
2025-05-12 00:14:30,510 | INFO | 📧 Email sent successfully.
2025-05-12 00:14:30,634 | INFO | 📄 Starting processing file: 2025 - 02 - 14- Night Audit Packet.pdf
2025-05-12 00:14:31,695 | INFO | 📧 Email sent successfully.
2025-05-12 00:14:31,801 | INFO | 📄 Starting processing file: 2025 - 02 - 15- Night Audit Packet.pdf
2025-05-12 00:14:42,671 | INFO | ✅ Processed A/R Aging
2025-05-12 00:14:42,733 | INFO | ✅ Processed Transaction Closeout
2025-05-12 00:14:42,797 | INFO | ✅ Processed In-House List
2025-05-12 00:14:42,809 | INFO | ✅ Processed room_statistics
2025-05-12 00:14:42,831 | INFO | ✅ Processed performance_statistics
2025-05-12 00:14:42,852 | INFO | ✅ Processed guest_statistics
2025-05-12 00:14:42,868 | INFO | ✅ Processed Ledger Activity
2025-05-12 00:14:46,350 | INFO | ✅ Processed A/R Aging
2025-05-12 00:14:46,388 | INFO | ✅ Processed Transaction Closeout
2025-05-12 00:14:46,427 | INFO | ✅ Processed In-House List
2025-05-12 00:14:46,446 | INFO | ✅ Processed room_statistics
2025-05-12 00:14:46,546 | INFO | ✅ Processed A/R Aging
2025-05-12 00:14:46,597 | INFO | ✅ Processed Transaction Closeout
2025-05-12 00:14:46,650 | INFO | ✅ Processed In-House List
2025-05-12 00:14:46,677 | INFO | ✅ Processed room_statistics
2025-05-12 00:14:46,699 | INFO | ✅ Processed performance_statistics
2025-05-12 00:14:46,716 | INFO | ✅ Processed guest_statistics
2025-05-12 00:14:46,740 | INFO | ✅ Processed Ledger Activity
2025-05-12 00:14:46,992 | INFO | ✅ Processed performance_statistics
2025-05-12 00:14:47,008 | INFO | ✅ Processed guest_statistics
2025-05-12 00:14:47,022 | INFO | ✅ Processed Ledger Activity
2025-05-12 00:14:47,383 | INFO | ✅ Processed A/R Aging
2025-05-12 00:14:47,415 | INFO | ✅ Processed Transaction Closeout
2025-05-12 00:14:47,465 | INFO | ✅ Processed In-House List
2025-05-12 00:14:47,484 | INFO | ✅ Processed room_statistics
2025-05-12 00:14:47,509 | INFO | ✅ Processed performance_statistics
2025-05-12 00:14:47,535 | INFO | ✅ Processed guest_statistics
2025-05-12 00:14:47,552 | INFO | ✅ Processed Ledger Activity
2025-05-12 00:14:49,116 | INFO | ✅ Processed A/R Aging
2025-05-12 00:14:49,142 | INFO | ✅ Processed Transaction Closeout
2025-05-12 00:14:49,190 | INFO | ✅ Processed In-House List
2025-05-12 00:14:49,207 | INFO | ✅ Processed room_statistics
2025-05-12 00:14:49,225 | INFO | ✅ Processed performance_statistics
2025-05-12 00:14:49,244 | INFO | ✅ Processed guest_statistics
2025-05-12 00:14:49,258 | INFO | ✅ Processed Ledger Activity
2025-05-12 00:14:49,272 | INFO | ✅ Processed Ledger Summary
2025-05-12 00:14:49,274 | WARNING | ⚠️ No No Show Report data in 2025 - 01 - 09- Night Audit Packet.pdf
2025-05-12 00:14:49,291 | INFO | ✅ Processed Rate Discrepancy
2025-05-12 00:14:49,317 | INFO | ✅ Processed Hotel Journal Summary
2025-05-12 00:14:49,386 | INFO | ✅ Processed Hotel Journal Detail
2025-05-12 00:14:49,397 | INFO | ✅ Processed A/R Aging
2025-05-12 00:14:49,401 | INFO | ✅ Processed Reservation Activity → reservation_activity (7 rows)
2025-05-12 00:14:49,417 | INFO | ✅ Processed Shift Reconciliation → shift_reconciliation (2 rows)
2025-05-12 00:14:49,420 | INFO | ✅ Processed Transaction Closeout
2025-05-12 00:14:49,443 | INFO | ✅ Processed Shift Reconciliation → shift_summary (3 rows)
2025-05-12 00:14:49,458 | INFO | ✅ Processed In-House List
2025-05-12 00:14:49,468 | INFO | ✅ Processed Tax Exempt → exempt_revenue_tax (3 rows)
2025-05-12 00:14:49,472 | INFO | ✅ Processed room_statistics
2025-05-12 00:14:49,485 | INFO | ✅ Processed Tax Exempt → exempt_tax (2 rows)
2025-05-12 00:14:49,505 | INFO | ✅ Processed performance_statistics
2025-05-12 00:14:49,509 | INFO | ✅ Processed Tax Exempt → tax_exempt_revenue_summary (2 rows)
2025-05-12 00:14:49,516 | INFO | ✅ Processed guest_statistics
2025-05-12 00:14:49,521 | INFO | ✅ Processed A/R Aging
2025-05-12 00:14:49,525 | INFO | ✅ Processed Tax Exempt → tax_refund_revenue_summary (2 rows)
2025-05-12 00:14:49,528 | INFO | ✅ Processed Ledger Activity
2025-05-12 00:14:49,554 | INFO | ✅ Processed Transaction Closeout
2025-05-12 00:14:49,557 | INFO | ✅ Processed Gross Room Revenue → gross_room_revenue_detail (3 rows)
2025-05-12 00:14:49,587 | INFO | ✅ Processed In-House List
2025-05-12 00:14:49,595 | INFO | ✅ Processed Revenue by Rate Code → revenue_by_rate_code (20 rows)
2025-05-12 00:14:49,607 | INFO | ✅ Processed room_statistics
2025-05-12 00:14:49,612 | INFO | ✅ Processed Advance Deposit Journal → advance_deposit_journal (1 rows)
2025-05-12 00:14:49,614 | INFO | ✅ Completed 2025 - 01 - 09- Night Audit Packet.pdf | Rows loaded: 256 | Failed: None
2025-05-12 00:14:49,624 | INFO | ✅ Processed performance_statistics
2025-05-12 00:14:49,639 | INFO | ✅ Processed guest_statistics
2025-05-12 00:14:49,650 | INFO | ✅ Processed Ledger Activity
2025-05-12 00:14:50,692 | INFO | 📧 Email sent successfully.
2025-05-12 00:14:50,806 | INFO | 📄 Starting processing file: 2025 - 04 - 02- Night Audit Packet.pdf
2025-05-12 00:14:51,161 | INFO | ✅ Processed A/R Aging
2025-05-12 00:14:51,189 | INFO | ✅ Processed Transaction Closeout
2025-05-12 00:14:51,217 | INFO | ✅ Processed In-House List
2025-05-12 00:14:51,227 | INFO | ✅ Processed room_statistics
2025-05-12 00:14:51,237 | INFO | ✅ Processed performance_statistics
2025-05-12 00:14:51,247 | INFO | ✅ Processed guest_statistics
2025-05-12 00:14:51,258 | INFO | ✅ Processed Ledger Activity
2025-05-12 00:14:51,939 | INFO | ✅ Processed Ledger Summary
2025-05-12 00:14:51,972 | INFO | ✅ Processed No Show Report
2025-05-12 00:14:51,992 | INFO | ✅ Processed Rate Discrepancy
2025-05-12 00:14:52,018 | INFO | ✅ Processed Hotel Journal Summary
2025-05-12 00:14:52,077 | INFO | ✅ Processed Hotel Journal Detail
2025-05-12 00:14:52,098 | INFO | ✅ Processed Reservation Activity → reservation_activity (9 rows)
2025-05-12 00:14:52,112 | INFO | ✅ Processed Shift Reconciliation → shift_reconciliation (1 rows)
2025-05-12 00:14:52,133 | INFO | ✅ Processed Shift Reconciliation → shift_summary (3 rows)
2025-05-12 00:14:52,163 | INFO | ✅ Processed Tax Exempt → exempt_revenue_tax (3 rows)
2025-05-12 00:14:52,194 | INFO | ✅ Processed Tax Exempt → exempt_tax (2 rows)
2025-05-12 00:14:52,210 | INFO | ✅ Processed Tax Exempt → tax_exempt_revenue_summary (2 rows)
2025-05-12 00:14:52,228 | INFO | ✅ Processed Tax Exempt → tax_refund_revenue_summary (2 rows)
2025-05-12 00:14:52,256 | INFO | ✅ Processed Gross Room Revenue → gross_room_revenue_detail (3 rows)
2025-05-12 00:14:52,334 | INFO | ✅ Processed Revenue by Rate Code → revenue_by_rate_code (33 rows)
2025-05-12 00:14:52,385 | INFO | ✅ Processed Advance Deposit Journal → advance_deposit_journal (2 rows)
2025-05-12 00:14:52,391 | INFO | ✅ Completed 2025 - 01 - 22- Night Audit Packet.pdf | Rows loaded: 243 | Failed: None
2025-05-12 00:14:52,747 | INFO | ✅ Processed Ledger Summary
2025-05-12 00:14:52,749 | WARNING | ⚠️ No No Show Report data in 2025 - 01 - 10- Night Audit Packet.pdf
2025-05-12 00:14:52,778 | INFO | ✅ Processed Rate Discrepancy
2025-05-12 00:14:52,824 | INFO | ✅ Processed Hotel Journal Summary
2025-05-12 00:14:52,863 | INFO | ✅ Processed Hotel Journal Detail
2025-05-12 00:14:52,889 | INFO | ✅ Processed Reservation Activity → reservation_activity (10 rows)
2025-05-12 00:14:52,908 | INFO | ✅ Processed Shift Reconciliation → shift_reconciliation (2 rows)
2025-05-12 00:14:52,923 | INFO | ✅ Processed Shift Reconciliation → shift_summary (3 rows)
2025-05-12 00:14:52,956 | INFO | ✅ Processed Tax Exempt → exempt_revenue_tax (3 rows)
2025-05-12 00:14:52,968 | INFO | ✅ Processed Tax Exempt → exempt_tax (2 rows)
2025-05-12 00:14:52,976 | INFO | ✅ Processed Tax Exempt → tax_exempt_revenue_summary (2 rows)
2025-05-12 00:14:52,985 | INFO | ✅ Processed Tax Exempt → tax_refund_revenue_summary (2 rows)
2025-05-12 00:14:53,010 | INFO | ✅ Processed Gross Room Revenue → gross_room_revenue_detail (3 rows)
2025-05-12 00:14:53,043 | INFO | ✅ Processed Revenue by Rate Code → revenue_by_rate_code (21 rows)
2025-05-12 00:14:53,046 | WARNING | ⚠️ No Advance Deposit Journal data for advance_deposit_journal in 2025 - 01 - 10- Night Audit Packet.pdf
2025-05-12 00:14:53,049 | INFO | ✅ Completed 2025 - 01 - 10- Night Audit Packet.pdf | Rows loaded: 276 | Failed: None
2025-05-12 00:14:53,076 | INFO | 📧 Email sent successfully.
2025-05-12 00:14:53,369 | INFO | ✅ Processed Ledger Summary
2025-05-12 00:14:53,371 | WARNING | ⚠️ No No Show Report data in 2025 - 01 - 13- Night Audit Packet.pdf
2025-05-12 00:14:53,389 | INFO | ✅ Processed Rate Discrepancy
2025-05-12 00:14:53,409 | INFO | ✅ Processed Hotel Journal Summary
2025-05-12 00:14:53,451 | INFO | ✅ Processed Hotel Journal Detail
2025-05-12 00:14:53,476 | INFO | ✅ Processed Reservation Activity → reservation_activity (9 rows)
2025-05-12 00:14:53,488 | INFO | ✅ Processed Shift Reconciliation → shift_reconciliation (2 rows)
2025-05-12 00:14:53,506 | INFO | ✅ Processed Shift Reconciliation → shift_summary (3 rows)
2025-05-12 00:14:53,531 | INFO | ✅ Processed Tax Exempt → exempt_revenue_tax (3 rows)
2025-05-12 00:14:53,541 | INFO | ✅ Processed Tax Exempt → exempt_tax (2 rows)
2025-05-12 00:14:53,554 | INFO | ✅ Processed Tax Exempt → tax_exempt_revenue_summary (2 rows)
2025-05-12 00:14:53,560 | INFO | ✅ Processed Tax Exempt → tax_refund_revenue_summary (2 rows)
2025-05-12 00:14:53,577 | INFO | ✅ Processed Gross Room Revenue → gross_room_revenue_detail (3 rows)
2025-05-12 00:14:53,625 | INFO | ✅ Processed Revenue by Rate Code → revenue_by_rate_code (24 rows)
2025-05-12 00:14:53,636 | INFO | ✅ Processed Advance Deposit Journal → advance_deposit_journal (2 rows)
2025-05-12 00:14:53,638 | INFO | ✅ Completed 2025 - 01 - 13- Night Audit Packet.pdf | Rows loaded: 275 | Failed: None
2025-05-12 00:14:53,929 | INFO | 📧 Email sent successfully.
2025-05-12 00:14:54,493 | INFO | ✅ Processed Ledger Summary
2025-05-12 00:14:54,496 | WARNING | ⚠️ No No Show Report data in 2025 - 02 - 07- Night Audit Packet.pdf
2025-05-12 00:14:54,507 | INFO | ✅ Processed Rate Discrepancy
2025-05-12 00:14:54,533 | INFO | ✅ Processed Hotel Journal Summary
2025-05-12 00:14:54,574 | INFO | ✅ Processed Hotel Journal Detail
2025-05-12 00:14:54,621 | INFO | ✅ Processed Reservation Activity → reservation_activity (15 rows)
2025-05-12 00:14:54,633 | INFO | ✅ Processed Shift Reconciliation → shift_reconciliation (1 rows)
2025-05-12 00:14:54,655 | INFO | 📧 Email sent successfully.
2025-05-12 00:14:54,657 | INFO | ✅ Processed Shift Reconciliation → shift_summary (2 rows)
2025-05-12 00:14:54,697 | INFO | ✅ Processed Tax Exempt → exempt_revenue_tax (3 rows)
2025-05-12 00:14:54,720 | INFO | ✅ Processed Tax Exempt → exempt_tax (2 rows)
2025-05-12 00:14:54,731 | INFO | ✅ Processed Tax Exempt → tax_exempt_revenue_summary (2 rows)
2025-05-12 00:14:54,742 | INFO | ✅ Processed Tax Exempt → tax_refund_revenue_summary (2 rows)
2025-05-12 00:14:54,764 | INFO | ✅ Processed Gross Room Revenue → gross_room_revenue_detail (5 rows)
2025-05-12 00:14:54,800 | INFO | ✅ Processed Revenue by Rate Code → revenue_by_rate_code (40 rows)
2025-05-12 00:14:54,815 | INFO | ✅ Processed Advance Deposit Journal → advance_deposit_journal (2 rows)
2025-05-12 00:14:54,817 | INFO | ✅ Completed 2025 - 02 - 07- Night Audit Packet.pdf | Rows loaded: 241 | Failed: None
2025-05-12 00:14:54,889 | INFO | ✅ Processed Ledger Summary
2025-05-12 00:14:54,890 | WARNING | ⚠️ No No Show Report data in 2025 - 02 - 04- Night Audit Packet.pdf
2025-05-12 00:14:54,900 | INFO | ✅ Processed Rate Discrepancy
2025-05-12 00:14:54,915 | INFO | ✅ Processed Hotel Journal Summary
2025-05-12 00:14:54,948 | INFO | ✅ Processed Hotel Journal Detail
2025-05-12 00:14:54,958 | INFO | ✅ Processed Reservation Activity → reservation_activity (8 rows)
2025-05-12 00:14:54,963 | INFO | ✅ Processed Shift Reconciliation → shift_reconciliation (2 rows)
2025-05-12 00:14:54,967 | INFO | ✅ Processed Shift Reconciliation → shift_summary (3 rows)
2025-05-12 00:14:54,981 | INFO | ✅ Processed Tax Exempt → exempt_revenue_tax (2 rows)
2025-05-12 00:14:54,991 | INFO | ✅ Processed Tax Exempt → exempt_tax (1 rows)
2025-05-12 00:14:55,000 | INFO | ✅ Processed Tax Exempt → tax_exempt_revenue_summary (1 rows)
2025-05-12 00:14:55,008 | INFO | ✅ Processed Tax Exempt → tax_refund_revenue_summary (2 rows)
2025-05-12 00:14:55,011 | INFO | ✅ Processed Ledger Summary
2025-05-12 00:14:55,012 | WARNING | ⚠️ No No Show Report data in 2025 - 02 - 14- Night Audit Packet.pdf
2025-05-12 00:14:55,019 | INFO | ✅ Processed Gross Room Revenue → gross_room_revenue_detail (5 rows)
2025-05-12 00:14:55,022 | INFO | ✅ Processed Rate Discrepancy
2025-05-12 00:14:55,031 | INFO | ✅ Processed Hotel Journal Summary
2025-05-12 00:14:55,035 | INFO | ✅ Processed Revenue by Rate Code → revenue_by_rate_code (40 rows)
2025-05-12 00:14:55,041 | INFO | ✅ Processed Advance Deposit Journal → advance_deposit_journal (1 rows)
2025-05-12 00:14:55,041 | INFO | ✅ Completed 2025 - 02 - 04- Night Audit Packet.pdf | Rows loaded: 286 | Failed: None
2025-05-12 00:14:55,051 | INFO | ✅ Processed Hotel Journal Detail
2025-05-12 00:14:55,069 | INFO | ✅ Processed Reservation Activity → reservation_activity (8 rows)
2025-05-12 00:14:55,078 | INFO | ✅ Processed Shift Reconciliation → shift_reconciliation (2 rows)
2025-05-12 00:14:55,089 | INFO | ✅ Processed Shift Reconciliation → shift_summary (2 rows)
2025-05-12 00:14:55,110 | INFO | ✅ Processed Tax Exempt → exempt_revenue_tax (3 rows)
2025-05-12 00:14:55,114 | INFO | ✅ Processed Tax Exempt → exempt_tax (2 rows)
2025-05-12 00:14:55,117 | INFO | ✅ Processed Tax Exempt → tax_exempt_revenue_summary (2 rows)
2025-05-12 00:14:55,121 | INFO | ✅ Processed Tax Exempt → tax_refund_revenue_summary (2 rows)
2025-05-12 00:14:55,129 | INFO | ✅ Processed Gross Room Revenue → gross_room_revenue_detail (5 rows)
2025-05-12 00:14:55,144 | INFO | ✅ Processed Revenue by Rate Code → revenue_by_rate_code (44 rows)
2025-05-12 00:14:55,149 | INFO | ✅ Processed Advance Deposit Journal → advance_deposit_journal (1 rows)
2025-05-12 00:14:55,150 | INFO | ✅ Completed 2025 - 02 - 14- Night Audit Packet.pdf | Rows loaded: 266 | Failed: None
2025-05-12 00:14:55,726 | INFO | 📧 Email sent successfully.
2025-05-12 00:14:55,859 | INFO | ✅ Processed Ledger Summary
2025-05-12 00:14:55,860 | WARNING | ⚠️ No No Show Report data in 2025 - 02 - 15- Night Audit Packet.pdf
2025-05-12 00:14:55,866 | INFO | ✅ Processed Rate Discrepancy
2025-05-12 00:14:55,875 | INFO | ✅ Processed Hotel Journal Summary
2025-05-12 00:14:55,884 | INFO | 📧 Email sent successfully.
2025-05-12 00:14:55,893 | INFO | ✅ Processed Hotel Journal Detail
2025-05-12 00:14:55,907 | INFO | ✅ Processed Reservation Activity → reservation_activity (9 rows)
2025-05-12 00:14:55,915 | INFO | ✅ Processed Shift Reconciliation → shift_reconciliation (2 rows)
2025-05-12 00:14:55,919 | INFO | ✅ Processed Shift Reconciliation → shift_summary (3 rows)
2025-05-12 00:14:55,935 | INFO | ✅ Processed Tax Exempt → exempt_revenue_tax (3 rows)
2025-05-12 00:14:55,939 | INFO | ✅ Processed Tax Exempt → exempt_tax (2 rows)
2025-05-12 00:14:55,943 | INFO | ✅ Processed Tax Exempt → tax_exempt_revenue_summary (2 rows)
2025-05-12 00:14:55,946 | INFO | ✅ Processed Tax Exempt → tax_refund_revenue_summary (2 rows)
2025-05-12 00:14:55,955 | INFO | ✅ Processed Gross Room Revenue → gross_room_revenue_detail (5 rows)
2025-05-12 00:14:55,971 | INFO | ✅ Processed Revenue by Rate Code → revenue_by_rate_code (46 rows)
2025-05-12 00:14:55,971 | WARNING | ⚠️ No Advance Deposit Journal data for advance_deposit_journal in 2025 - 02 - 15- Night Audit Packet.pdf
2025-05-12 00:14:55,972 | INFO | ✅ Completed 2025 - 02 - 15- Night Audit Packet.pdf | Rows loaded: 280 | Failed: None
2025-05-12 00:14:56,058 | INFO | 📧 Email sent successfully.
2025-05-12 00:14:56,933 | INFO | 📧 Email sent successfully.
2025-05-12 00:15:01,118 | INFO | ✅ Processed A/R Aging
2025-05-12 00:15:01,128 | INFO | ✅ Processed Transaction Closeout
2025-05-12 00:15:01,137 | INFO | ✅ Processed In-House List
2025-05-12 00:15:01,143 | INFO | ✅ Processed room_statistics
2025-05-12 00:15:01,147 | INFO | ✅ Processed performance_statistics
2025-05-12 00:15:01,151 | INFO | ✅ Processed guest_statistics
2025-05-12 00:15:01,155 | INFO | ✅ Processed Ledger Activity
2025-05-12 00:15:03,870 | INFO | ✅ Processed Ledger Summary
2025-05-12 00:15:03,871 | WARNING | ⚠️ No No Show Report data in 2025 - 04 - 02- Night Audit Packet.pdf
2025-05-12 00:15:03,877 | INFO | ✅ Processed Rate Discrepancy
2025-05-12 00:15:03,884 | INFO | ✅ Processed Hotel Journal Summary
2025-05-12 00:15:03,897 | INFO | ✅ Processed Hotel Journal Detail
2025-05-12 00:15:03,904 | INFO | ✅ Processed Reservation Activity → reservation_activity (15 rows)
2025-05-12 00:15:03,908 | INFO | ✅ Processed Shift Reconciliation → shift_reconciliation (1 rows)
2025-05-12 00:15:03,912 | INFO | ✅ Processed Shift Reconciliation → shift_summary (4 rows)
2025-05-12 00:15:03,927 | INFO | ✅ Processed Tax Exempt → exempt_revenue_tax (3 rows)
2025-05-12 00:15:03,931 | INFO | ✅ Processed Tax Exempt → exempt_tax (2 rows)
2025-05-12 00:15:03,934 | INFO | ✅ Processed Tax Exempt → tax_exempt_revenue_summary (2 rows)
2025-05-12 00:15:03,937 | INFO | ✅ Processed Tax Exempt → tax_refund_revenue_summary (2 rows)
2025-05-12 00:15:03,945 | INFO | ✅ Processed Gross Room Revenue → gross_room_revenue_detail (5 rows)
2025-05-12 00:15:03,960 | INFO | ✅ Processed Revenue by Rate Code → revenue_by_rate_code (56 rows)
2025-05-12 00:15:03,960 | WARNING | ⚠️ No Advance Deposit Journal data for advance_deposit_journal in 2025 - 04 - 02- Night Audit Packet.pdf
2025-05-12 00:15:03,961 | INFO | ✅ Completed 2025 - 04 - 02- Night Audit Packet.pdf | Rows loaded: 241 | Failed: None
2025-05-12 00:15:04,849 | INFO | 📧 Email sent successfully.
