2025-05-12 04:45:26,081 | INFO | 📄 Starting processing file: 2025 - 01 - 01- Night Audit Packet.pdf
2025-05-12 04:45:26,082 | INFO | 📄 Starting processing file: 2025 - 01 - 02- Night Audit Packet.pdf
2025-05-12 04:45:26,095 | INFO | 📄 Starting processing file: 2025 - 01 - 03- Night Audit Packet.pdf
2025-05-12 04:45:26,125 | INFO | 📄 Starting processing file: 2025 - 01 - 05- Night Audit Packet.pdf
2025-05-12 04:45:38,167 | INFO | ✅ Processed A/R Aging
2025-05-12 04:45:38,184 | INFO | ✅ Processed Transaction Closeout
2025-05-12 04:45:38,211 | INFO | ✅ Processed In-House List
2025-05-12 04:45:38,226 | INFO | ✅ Processed room_statistics
2025-05-12 04:45:38,238 | INFO | ✅ Processed performance_statistics
2025-05-12 04:45:38,249 | INFO | ✅ Processed guest_statistics
2025-05-12 04:45:38,266 | INFO | ✅ Processed Ledger Activity
2025-05-12 04:45:38,582 | INFO | ✅ Processed A/R Aging
2025-05-12 04:45:38,609 | INFO | ✅ Processed Transaction Closeout
2025-05-12 04:45:38,648 | INFO | ✅ Processed In-House List
2025-05-12 04:45:38,672 | INFO | ✅ Processed room_statistics
2025-05-12 04:45:38,693 | INFO | ✅ Processed performance_statistics
2025-05-12 04:45:38,713 | INFO | ✅ Processed guest_statistics
2025-05-12 04:45:38,731 | INFO | ✅ Processed Ledger Activity
2025-05-12 04:45:39,445 | INFO | ✅ Processed A/R Aging
2025-05-12 04:45:39,469 | INFO | ✅ Processed Transaction Closeout
2025-05-12 04:45:39,520 | INFO | ✅ Processed In-House List
2025-05-12 04:45:39,565 | INFO | ✅ Processed room_statistics
2025-05-12 04:45:39,584 | INFO | ✅ Processed performance_statistics
2025-05-12 04:45:39,600 | INFO | ✅ Processed guest_statistics
2025-05-12 04:45:39,615 | INFO | ✅ Processed Ledger Activity
2025-05-12 04:45:39,703 | INFO | ✅ Processed A/R Aging
2025-05-12 04:45:39,734 | INFO | ✅ Processed Transaction Closeout
2025-05-12 04:45:39,765 | INFO | ✅ Processed In-House List
2025-05-12 04:45:39,774 | INFO | ✅ Processed room_statistics
2025-05-12 04:45:39,786 | INFO | ✅ Processed performance_statistics
2025-05-12 04:45:39,802 | INFO | ✅ Processed guest_statistics
2025-05-12 04:45:39,821 | INFO | ✅ Processed Ledger Activity
2025-05-12 04:45:42,941 | INFO | ✅ Processed Ledger Summary
2025-05-12 04:45:42,942 | WARNING | ⚠️ No No Show Report data in 2025 - 01 - 01- Night Audit Packet.pdf
2025-05-12 04:45:42,955 | INFO | ✅ Processed Rate Discrepancy
2025-05-12 04:45:42,985 | INFO | ✅ Processed Hotel Journal Summary
2025-05-12 04:45:43,034 | INFO | ✅ Processed Hotel Journal Detail
2025-05-12 04:45:43,063 | INFO | ✅ Processed Reservation Activity → reservation_activity (7 rows)
2025-05-12 04:45:43,073 | INFO | ✅ Processed Shift Reconciliation → shift_reconciliation (1 rows)
2025-05-12 04:45:43,088 | INFO | ✅ Processed Shift Reconciliation → shift_summary (3 rows)
2025-05-12 04:45:43,102 | INFO | ✅ Processed Tax Exempt → exempt_revenue_tax (2 rows)
2025-05-12 04:45:43,103 | WARNING | ⚠️ No Tax Exempt data for exempt_tax in 2025 - 01 - 01- Night Audit Packet.pdf
2025-05-12 04:45:43,103 | WARNING | ⚠️ No Tax Exempt data for tax_exempt_revenue_summary in 2025 - 01 - 01- Night Audit Packet.pdf
2025-05-12 04:45:43,112 | INFO | ✅ Processed Tax Exempt → tax_refund_revenue_summary (2 rows)
2025-05-12 04:45:43,136 | INFO | ✅ Processed Gross Room Revenue → gross_room_revenue_detail (3 rows)
2025-05-12 04:45:43,158 | INFO | ✅ Processed Revenue by Rate Code → revenue_by_rate_code (9 rows)
2025-05-12 04:45:43,173 | INFO | ✅ Processed Advance Deposit Journal → advance_deposit_journal (1 rows)
2025-05-12 04:45:43,176 | INFO | ✅ Completed 2025 - 01 - 01- Night Audit Packet.pdf | Rows loaded: 230 | Failed: None
2025-05-12 04:45:43,843 | INFO | ✅ Processed Ledger Summary
2025-05-12 04:45:43,845 | WARNING | ⚠️ No No Show Report data in 2025 - 01 - 02- Night Audit Packet.pdf
2025-05-12 04:45:43,865 | INFO | ✅ Processed Rate Discrepancy
2025-05-12 04:45:43,883 | INFO | ✅ Processed Hotel Journal Summary
2025-05-12 04:45:43,916 | INFO | ✅ Processed Hotel Journal Detail
2025-05-12 04:45:43,950 | INFO | ✅ Processed Reservation Activity → reservation_activity (8 rows)
2025-05-12 04:45:43,965 | INFO | ✅ Processed Shift Reconciliation → shift_reconciliation (1 rows)
2025-05-12 04:45:43,982 | INFO | ✅ Processed Shift Reconciliation → shift_summary (3 rows)
2025-05-12 04:45:44,007 | INFO | ✅ Processed Tax Exempt → exempt_revenue_tax (3 rows)
2025-05-12 04:45:44,019 | INFO | ✅ Processed Tax Exempt → exempt_tax (2 rows)
2025-05-12 04:45:44,027 | INFO | 📧 Email sent successfully.
2025-05-12 04:45:44,032 | INFO | ✅ Processed Tax Exempt → tax_exempt_revenue_summary (2 rows)
2025-05-12 04:45:44,041 | INFO | ✅ Processed Tax Exempt → tax_refund_revenue_summary (2 rows)
2025-05-12 04:45:44,067 | INFO | 📄 Starting processing file: 2025 - 01 - 09- Night Audit Packet.pdf
2025-05-12 04:45:44,068 | INFO | ✅ Processed Gross Room Revenue → gross_room_revenue_detail (3 rows)
2025-05-12 04:45:44,097 | INFO | ✅ Processed Revenue by Rate Code → revenue_by_rate_code (11 rows)
2025-05-12 04:45:44,112 | INFO | ✅ Processed Advance Deposit Journal → advance_deposit_journal (2 rows)
2025-05-12 04:45:44,122 | INFO | ✅ Completed 2025 - 01 - 02- Night Audit Packet.pdf | Rows loaded: 245 | Failed: None
2025-05-12 04:45:44,568 | INFO | ✅ Processed Ledger Summary
2025-05-12 04:45:44,570 | WARNING | ⚠️ No No Show Report data in 2025 - 01 - 05- Night Audit Packet.pdf
2025-05-12 04:45:44,585 | INFO | ✅ Processed Rate Discrepancy
2025-05-12 04:45:44,616 | INFO | ✅ Processed Hotel Journal Summary
2025-05-12 04:45:44,647 | INFO | ✅ Processed Hotel Journal Detail
2025-05-12 04:45:44,666 | INFO | ✅ Processed Reservation Activity → reservation_activity (3 rows)
2025-05-12 04:45:44,681 | INFO | ✅ Processed Shift Reconciliation → shift_reconciliation (1 rows)
2025-05-12 04:45:44,691 | INFO | ✅ Processed Shift Reconciliation → shift_summary (3 rows)
2025-05-12 04:45:44,715 | INFO | ✅ Processed Tax Exempt → exempt_revenue_tax (3 rows)
2025-05-12 04:45:44,719 | INFO | ✅ Processed Ledger Summary
2025-05-12 04:45:44,720 | WARNING | ⚠️ No No Show Report data in 2025 - 01 - 03- Night Audit Packet.pdf
2025-05-12 04:45:44,726 | INFO | ✅ Processed Tax Exempt → exempt_tax (2 rows)
2025-05-12 04:45:44,733 | INFO | ✅ Processed Tax Exempt → tax_exempt_revenue_summary (2 rows)
2025-05-12 04:45:44,733 | INFO | ✅ Processed Rate Discrepancy
2025-05-12 04:45:44,752 | INFO | ✅ Processed Tax Exempt → tax_refund_revenue_summary (2 rows)
2025-05-12 04:45:44,758 | INFO | ✅ Processed Hotel Journal Summary
2025-05-12 04:45:44,769 | INFO | ✅ Processed Gross Room Revenue → gross_room_revenue_detail (3 rows)
2025-05-12 04:45:44,786 | INFO | ✅ Processed Hotel Journal Detail
2025-05-12 04:45:44,790 | INFO | ✅ Processed Revenue by Rate Code → revenue_by_rate_code (13 rows)
2025-05-12 04:45:44,792 | WARNING | ⚠️ No Advance Deposit Journal data for advance_deposit_journal in 2025 - 01 - 05- Night Audit Packet.pdf
2025-05-12 04:45:44,794 | INFO | ✅ Completed 2025 - 01 - 05- Night Audit Packet.pdf | Rows loaded: 253 | Failed: None
2025-05-12 04:45:44,807 | INFO | ✅ Processed Reservation Activity → reservation_activity (11 rows)
2025-05-12 04:45:44,816 | INFO | ✅ Processed Shift Reconciliation → shift_reconciliation (1 rows)
2025-05-12 04:45:44,828 | INFO | ✅ Processed Shift Reconciliation → shift_summary (3 rows)
2025-05-12 04:45:44,836 | INFO | 📧 Email sent successfully.
2025-05-12 04:45:44,844 | INFO | ✅ Processed Tax Exempt → exempt_revenue_tax (3 rows)
2025-05-12 04:45:44,857 | INFO | ✅ Processed Tax Exempt → exempt_tax (2 rows)
2025-05-12 04:45:44,867 | INFO | ✅ Processed Tax Exempt → tax_exempt_revenue_summary (2 rows)
2025-05-12 04:45:44,878 | INFO | ✅ Processed Tax Exempt → tax_refund_revenue_summary (2 rows)
2025-05-12 04:45:44,893 | INFO | 📄 Starting processing file: 2025 - 01 - 10- Night Audit Packet.pdf
2025-05-12 04:45:44,899 | INFO | ✅ Processed Gross Room Revenue → gross_room_revenue_detail (3 rows)
2025-05-12 04:45:44,916 | INFO | ✅ Processed Revenue by Rate Code → revenue_by_rate_code (11 rows)
2025-05-12 04:45:44,927 | INFO | ✅ Processed Advance Deposit Journal → advance_deposit_journal (2 rows)
2025-05-12 04:45:44,929 | INFO | ✅ Completed 2025 - 01 - 03- Night Audit Packet.pdf | Rows loaded: 252 | Failed: None
2025-05-12 04:45:45,516 | INFO | 📧 Email sent successfully.
2025-05-12 04:45:45,566 | INFO | 📄 Starting processing file: 2025 - 01 - 22- Night Audit Packet.pdf
2025-05-12 04:45:45,928 | INFO | 📧 Email sent successfully.
2025-05-12 04:45:46,003 | INFO | 📄 Starting processing file: 2025 - 02 - 07- Night Audit Packet.pdf
2025-05-12 04:45:57,853 | INFO | ✅ Processed A/R Aging
2025-05-12 04:45:57,877 | INFO | ✅ Processed Transaction Closeout
2025-05-12 04:45:57,917 | INFO | ✅ Processed In-House List
2025-05-12 04:45:57,932 | INFO | ✅ Processed room_statistics
2025-05-12 04:45:57,951 | INFO | ✅ Processed performance_statistics
2025-05-12 04:45:57,965 | INFO | ✅ Processed guest_statistics
2025-05-12 04:45:57,998 | INFO | ✅ Processed Ledger Activity
2025-05-12 04:46:00,228 | INFO | ✅ Processed A/R Aging
2025-05-12 04:46:00,252 | INFO | ✅ Processed Transaction Closeout
2025-05-12 04:46:00,302 | INFO | ✅ Processed In-House List
2025-05-12 04:46:00,337 | INFO | ✅ Processed room_statistics
2025-05-12 04:46:00,359 | INFO | ✅ Processed performance_statistics
2025-05-12 04:46:00,371 | INFO | ✅ Processed guest_statistics
2025-05-12 04:46:00,383 | INFO | ✅ Processed Ledger Activity
2025-05-12 04:46:00,434 | INFO | ✅ Processed A/R Aging
2025-05-12 04:46:00,467 | INFO | ✅ Processed Transaction Closeout
2025-05-12 04:46:00,504 | INFO | ✅ Processed In-House List
2025-05-12 04:46:00,525 | INFO | ✅ Processed room_statistics
2025-05-12 04:46:00,542 | INFO | ✅ Processed performance_statistics
2025-05-12 04:46:00,567 | INFO | ✅ Processed guest_statistics
2025-05-12 04:46:00,602 | INFO | ✅ Processed Ledger Activity
2025-05-12 04:46:02,934 | INFO | ✅ Processed Ledger Summary
2025-05-12 04:46:02,937 | WARNING | ⚠️ No No Show Report data in 2025 - 01 - 09- Night Audit Packet.pdf
2025-05-12 04:46:02,959 | INFO | ✅ Processed Rate Discrepancy
2025-05-12 04:46:03,018 | INFO | ✅ Processed Hotel Journal Summary
2025-05-12 04:46:03,064 | INFO | ✅ Processed Hotel Journal Detail
2025-05-12 04:46:03,129 | INFO | ✅ Processed Reservation Activity → reservation_activity (7 rows)
2025-05-12 04:46:03,163 | INFO | ✅ Processed Shift Reconciliation → shift_reconciliation (2 rows)
2025-05-12 04:46:03,195 | INFO | ✅ Processed Shift Reconciliation → shift_summary (3 rows)
2025-05-12 04:46:03,246 | INFO | ✅ Processed Tax Exempt → exempt_revenue_tax (3 rows)
2025-05-12 04:46:03,276 | INFO | ✅ Processed Tax Exempt → exempt_tax (2 rows)
2025-05-12 04:46:03,294 | INFO | ✅ Processed Tax Exempt → tax_exempt_revenue_summary (2 rows)
2025-05-12 04:46:03,303 | INFO | ✅ Processed Tax Exempt → tax_refund_revenue_summary (2 rows)
2025-05-12 04:46:03,329 | INFO | ✅ Processed Gross Room Revenue → gross_room_revenue_detail (3 rows)
2025-05-12 04:46:03,363 | INFO | ✅ Processed Revenue by Rate Code → revenue_by_rate_code (20 rows)
2025-05-12 04:46:03,383 | INFO | ✅ Processed Advance Deposit Journal → advance_deposit_journal (1 rows)
2025-05-12 04:46:03,385 | INFO | ✅ Completed 2025 - 01 - 09- Night Audit Packet.pdf | Rows loaded: 256 | Failed: None
2025-05-12 04:46:03,735 | INFO | ✅ Processed A/R Aging
2025-05-12 04:46:03,758 | INFO | ✅ Processed Transaction Closeout
2025-05-12 04:46:03,795 | INFO | ✅ Processed In-House List
2025-05-12 04:46:03,811 | INFO | ✅ Processed room_statistics
2025-05-12 04:46:03,834 | INFO | ✅ Processed performance_statistics
2025-05-12 04:46:03,854 | INFO | ✅ Processed guest_statistics
2025-05-12 04:46:03,874 | INFO | ✅ Processed Ledger Activity
2025-05-12 04:46:04,263 | INFO | 📧 Email sent successfully.
2025-05-12 04:46:04,315 | INFO | 📄 Starting processing file: 2025 - 04 - 02- Night Audit Packet.pdf
2025-05-12 04:46:05,893 | INFO | ✅ Processed Ledger Summary
2025-05-12 04:46:05,924 | INFO | ✅ Processed No Show Report
2025-05-12 04:46:05,949 | INFO | ✅ Processed Rate Discrepancy
2025-05-12 04:46:05,978 | INFO | ✅ Processed Hotel Journal Summary
2025-05-12 04:46:06,035 | INFO | ✅ Processed Hotel Journal Detail
2025-05-12 04:46:06,058 | INFO | ✅ Processed Reservation Activity → reservation_activity (9 rows)
2025-05-12 04:46:06,091 | INFO | ✅ Processed Shift Reconciliation → shift_reconciliation (1 rows)
2025-05-12 04:46:06,109 | INFO | ✅ Processed Shift Reconciliation → shift_summary (3 rows)
2025-05-12 04:46:06,127 | INFO | ✅ Processed Tax Exempt → exempt_revenue_tax (3 rows)
2025-05-12 04:46:06,141 | INFO | ✅ Processed Tax Exempt → exempt_tax (2 rows)
2025-05-12 04:46:06,161 | INFO | ✅ Processed Tax Exempt → tax_exempt_revenue_summary (2 rows)
2025-05-12 04:46:06,173 | INFO | ✅ Processed Tax Exempt → tax_refund_revenue_summary (2 rows)
2025-05-12 04:46:06,194 | INFO | ✅ Processed Gross Room Revenue → gross_room_revenue_detail (3 rows)
2025-05-12 04:46:06,220 | INFO | ✅ Processed Revenue by Rate Code → revenue_by_rate_code (33 rows)
2025-05-12 04:46:06,245 | INFO | ✅ Processed Advance Deposit Journal → advance_deposit_journal (2 rows)
2025-05-12 04:46:06,251 | INFO | ✅ Completed 2025 - 01 - 22- Night Audit Packet.pdf | Rows loaded: 243 | Failed: None
2025-05-12 04:46:06,496 | INFO | ✅ Processed Ledger Summary
2025-05-12 04:46:06,499 | WARNING | ⚠️ No No Show Report data in 2025 - 01 - 10- Night Audit Packet.pdf
2025-05-12 04:46:06,531 | INFO | ✅ Processed Rate Discrepancy
2025-05-12 04:46:06,567 | INFO | ✅ Processed Hotel Journal Summary
2025-05-12 04:46:06,600 | INFO | ✅ Processed Hotel Journal Detail
2025-05-12 04:46:06,628 | INFO | ✅ Processed Reservation Activity → reservation_activity (10 rows)
2025-05-12 04:46:06,643 | INFO | ✅ Processed Shift Reconciliation → shift_reconciliation (2 rows)
2025-05-12 04:46:06,660 | INFO | ✅ Processed Shift Reconciliation → shift_summary (3 rows)
2025-05-12 04:46:06,685 | INFO | ✅ Processed Tax Exempt → exempt_revenue_tax (3 rows)
2025-05-12 04:46:06,700 | INFO | ✅ Processed Tax Exempt → exempt_tax (2 rows)
2025-05-12 04:46:06,712 | INFO | ✅ Processed Tax Exempt → tax_exempt_revenue_summary (2 rows)
2025-05-12 04:46:06,729 | INFO | ✅ Processed Tax Exempt → tax_refund_revenue_summary (2 rows)
2025-05-12 04:46:06,746 | INFO | ✅ Processed Gross Room Revenue → gross_room_revenue_detail (3 rows)
2025-05-12 04:46:06,779 | INFO | ✅ Processed Revenue by Rate Code → revenue_by_rate_code (21 rows)
2025-05-12 04:46:06,782 | WARNING | ⚠️ No Advance Deposit Journal data for advance_deposit_journal in 2025 - 01 - 10- Night Audit Packet.pdf
2025-05-12 04:46:06,786 | INFO | ✅ Completed 2025 - 01 - 10- Night Audit Packet.pdf | Rows loaded: 276 | Failed: None
2025-05-12 04:46:07,079 | INFO | 📧 Email sent successfully.
2025-05-12 04:46:08,134 | INFO | 📧 Email sent successfully.
2025-05-12 04:46:08,556 | INFO | ✅ Processed Ledger Summary
2025-05-12 04:46:08,558 | WARNING | ⚠️ No No Show Report data in 2025 - 02 - 07- Night Audit Packet.pdf
2025-05-12 04:46:08,568 | INFO | ✅ Processed Rate Discrepancy
2025-05-12 04:46:08,585 | INFO | ✅ Processed Hotel Journal Summary
2025-05-12 04:46:08,608 | INFO | ✅ Processed Hotel Journal Detail
2025-05-12 04:46:08,624 | INFO | ✅ Processed Reservation Activity → reservation_activity (15 rows)
2025-05-12 04:46:08,632 | INFO | ✅ Processed Shift Reconciliation → shift_reconciliation (1 rows)
2025-05-12 04:46:08,639 | INFO | ✅ Processed Shift Reconciliation → shift_summary (2 rows)
2025-05-12 04:46:08,660 | INFO | ✅ Processed Tax Exempt → exempt_revenue_tax (3 rows)
2025-05-12 04:46:08,667 | INFO | ✅ Processed Tax Exempt → exempt_tax (2 rows)
2025-05-12 04:46:08,679 | INFO | ✅ Processed Tax Exempt → tax_exempt_revenue_summary (2 rows)
2025-05-12 04:46:08,685 | INFO | ✅ Processed Tax Exempt → tax_refund_revenue_summary (2 rows)
2025-05-12 04:46:08,697 | INFO | ✅ Processed Gross Room Revenue → gross_room_revenue_detail (5 rows)
2025-05-12 04:46:08,713 | INFO | ✅ Processed Revenue by Rate Code → revenue_by_rate_code (40 rows)
2025-05-12 04:46:08,725 | INFO | ✅ Processed Advance Deposit Journal → advance_deposit_journal (2 rows)
2025-05-12 04:46:08,726 | INFO | ✅ Completed 2025 - 02 - 07- Night Audit Packet.pdf | Rows loaded: 241 | Failed: None
2025-05-12 04:46:09,702 | INFO | 📧 Email sent successfully.
2025-05-12 04:46:14,268 | INFO | ✅ Processed A/R Aging
2025-05-12 04:46:14,280 | INFO | ✅ Processed Transaction Closeout
2025-05-12 04:46:14,292 | INFO | ✅ Processed In-House List
2025-05-12 04:46:14,300 | INFO | ✅ Processed room_statistics
2025-05-12 04:46:14,306 | INFO | ✅ Processed performance_statistics
2025-05-12 04:46:14,312 | INFO | ✅ Processed guest_statistics
2025-05-12 04:46:14,319 | INFO | ✅ Processed Ledger Activity
2025-05-12 04:46:16,833 | INFO | ✅ Processed Ledger Summary
2025-05-12 04:46:16,833 | WARNING | ⚠️ No No Show Report data in 2025 - 04 - 02- Night Audit Packet.pdf
2025-05-12 04:46:16,843 | INFO | ✅ Processed Rate Discrepancy
2025-05-12 04:46:16,853 | INFO | ✅ Processed Hotel Journal Summary
2025-05-12 04:46:16,870 | INFO | ✅ Processed Hotel Journal Detail
2025-05-12 04:46:16,881 | INFO | ✅ Processed Reservation Activity → reservation_activity (15 rows)
2025-05-12 04:46:16,886 | INFO | ✅ Processed Shift Reconciliation → shift_reconciliation (1 rows)
2025-05-12 04:46:16,893 | INFO | ✅ Processed Shift Reconciliation → shift_summary (4 rows)
2025-05-12 04:46:16,906 | INFO | ✅ Processed Tax Exempt → exempt_revenue_tax (3 rows)
2025-05-12 04:46:16,911 | INFO | ✅ Processed Tax Exempt → exempt_tax (2 rows)
2025-05-12 04:46:16,917 | INFO | ✅ Processed Tax Exempt → tax_exempt_revenue_summary (2 rows)
2025-05-12 04:46:16,923 | INFO | ✅ Processed Tax Exempt → tax_refund_revenue_summary (2 rows)
2025-05-12 04:46:16,933 | INFO | ✅ Processed Gross Room Revenue → gross_room_revenue_detail (5 rows)
2025-05-12 04:46:16,951 | INFO | ✅ Processed Revenue by Rate Code → revenue_by_rate_code (56 rows)
2025-05-12 04:46:16,952 | WARNING | ⚠️ No Advance Deposit Journal data for advance_deposit_journal in 2025 - 04 - 02- Night Audit Packet.pdf
2025-05-12 04:46:16,953 | INFO | ✅ Completed 2025 - 04 - 02- Night Audit Packet.pdf | Rows loaded: 241 | Failed: None
2025-05-12 04:46:17,839 | INFO | 📧 Email sent successfully.
