2025-05-11 20:36:31,962 | INFO | 📄 Starting processing file: 2025 - 01 - 01- Night Audit Packet.pdf
2025-05-11 20:36:32,023 | INFO | 📄 Starting processing file: 2025 - 01 - 02- Night Audit Packet.pdf
2025-05-11 20:36:32,027 | INFO | 📄 Starting processing file: 2025 - 01 - 03- Night Audit Packet.pdf
2025-05-11 20:36:32,027 | INFO | 📄 Starting processing file: 2025 - 01 - 04- Night Audit Packet.pdf
2025-05-11 20:36:32,033 | INFO | 📄 Starting processing file: 2025 - 01 - 05- Night Audit Packet.pdf
2025-05-11 20:36:32,040 | INFO | 📄 Starting processing file: 2025 - 01 - 06- Night Audit Packet.pdf
2025-05-11 20:36:32,040 | INFO | 📄 Starting processing file: 2025 - 01 - 07- Night Audit Packet.pdf
2025-05-11 20:36:32,058 | INFO | 📄 Starting processing file: 2025 - 01 - 08- Night Audit Packet.pdf
2025-05-11 20:36:44,046 | INFO | ✅ Processed A/R Aging
2025-05-11 20:36:44,070 | INFO | ✅ Processed Transaction Closeout
2025-05-11 20:36:44,113 | INFO | ✅ Processed In-House List
2025-05-11 20:36:44,130 | INFO | ✅ Processed room_statistics
2025-05-11 20:36:44,144 | INFO | ✅ Processed performance_statistics
2025-05-11 20:36:44,157 | INFO | ✅ Processed guest_statistics
2025-05-11 20:36:44,172 | INFO | ✅ Processed Ledger Activity
2025-05-11 20:36:44,678 | INFO | ✅ Processed A/R Aging
2025-05-11 20:36:44,703 | INFO | ✅ Processed Transaction Closeout
2025-05-11 20:36:44,738 | INFO | ✅ Processed In-House List
2025-05-11 20:36:44,759 | INFO | ✅ Processed room_statistics
2025-05-11 20:36:44,784 | INFO | ✅ Processed performance_statistics
2025-05-11 20:36:44,798 | INFO | ✅ Processed guest_statistics
2025-05-11 20:36:44,812 | INFO | ✅ Processed Ledger Activity
2025-05-11 20:36:45,569 | INFO | ✅ Processed A/R Aging
2025-05-11 20:36:45,595 | INFO | ✅ Processed Transaction Closeout
2025-05-11 20:36:45,635 | INFO | ✅ Processed In-House List
2025-05-11 20:36:45,654 | INFO | ✅ Processed room_statistics
2025-05-11 20:36:45,665 | INFO | ✅ Processed performance_statistics
2025-05-11 20:36:45,689 | INFO | ✅ Processed guest_statistics
2025-05-11 20:36:45,704 | INFO | ✅ Processed Ledger Activity
2025-05-11 20:36:45,862 | INFO | ✅ Processed A/R Aging
2025-05-11 20:36:45,888 | INFO | ✅ Processed Transaction Closeout
2025-05-11 20:36:45,972 | INFO | ✅ Processed In-House List
2025-05-11 20:36:45,988 | INFO | ✅ Processed room_statistics
2025-05-11 20:36:45,996 | INFO | ✅ Processed A/R Aging
2025-05-11 20:36:46,004 | INFO | ✅ Processed performance_statistics
2025-05-11 20:36:46,014 | INFO | ✅ Processed Transaction Closeout
2025-05-11 20:36:46,019 | INFO | ✅ Processed guest_statistics
2025-05-11 20:36:46,036 | INFO | ✅ Processed Ledger Activity
2025-05-11 20:36:46,053 | INFO | ✅ Processed A/R Aging
2025-05-11 20:36:46,054 | INFO | ✅ Processed In-House List
2025-05-11 20:36:46,071 | INFO | ✅ Processed room_statistics
2025-05-11 20:36:46,085 | INFO | ✅ Processed Transaction Closeout
2025-05-11 20:36:46,089 | INFO | ✅ Processed performance_statistics
2025-05-11 20:36:46,102 | INFO | ✅ Processed guest_statistics
2025-05-11 20:36:46,118 | INFO | ✅ Processed Ledger Activity
2025-05-11 20:36:46,118 | INFO | ✅ Processed In-House List
2025-05-11 20:36:46,136 | INFO | ✅ Processed room_statistics
2025-05-11 20:36:46,146 | INFO | ✅ Processed performance_statistics
2025-05-11 20:36:46,158 | INFO | ✅ Processed guest_statistics
2025-05-11 20:36:46,179 | INFO | ✅ Processed Ledger Activity
2025-05-11 20:36:46,213 | INFO | ✅ Processed A/R Aging
2025-05-11 20:36:46,244 | INFO | ✅ Processed Transaction Closeout
2025-05-11 20:36:46,278 | INFO | ✅ Processed In-House List
2025-05-11 20:36:46,294 | INFO | ✅ Processed room_statistics
2025-05-11 20:36:46,310 | INFO | ✅ Processed performance_statistics
2025-05-11 20:36:46,324 | INFO | ✅ Processed guest_statistics
2025-05-11 20:36:46,344 | INFO | ✅ Processed Ledger Activity
2025-05-11 20:36:47,170 | INFO | ✅ Processed A/R Aging
2025-05-11 20:36:47,186 | INFO | ✅ Processed Transaction Closeout
2025-05-11 20:36:47,250 | INFO | ✅ Processed In-House List
2025-05-11 20:36:47,262 | INFO | ✅ Processed room_statistics
2025-05-11 20:36:47,274 | INFO | ✅ Processed performance_statistics
2025-05-11 20:36:47,285 | INFO | ✅ Processed guest_statistics
2025-05-11 20:36:47,296 | INFO | ✅ Processed Ledger Activity
2025-05-11 20:36:49,063 | INFO | ✅ Processed Ledger Summary
2025-05-11 20:36:49,065 | WARNING | ⚠️ No No Show Report data in 2025 - 01 - 01- Night Audit Packet.pdf
2025-05-11 20:36:49,087 | INFO | ✅ Processed Rate Discrepancy
2025-05-11 20:36:49,114 | INFO | ✅ Processed Hotel Journal Summary
2025-05-11 20:36:49,157 | INFO | ✅ Processed Hotel Journal Detail
2025-05-11 20:36:49,179 | INFO | ✅ Processed Reservation Activity → reservation_activity (7 rows)
2025-05-11 20:36:49,192 | INFO | ✅ Processed Shift Reconciliation → shift_reconciliation (1 rows)
2025-05-11 20:36:49,203 | INFO | ✅ Processed Shift Reconciliation → shift_summary (3 rows)
2025-05-11 20:36:49,233 | INFO | ✅ Processed Tax Exempt → exempt_revenue_tax (2 rows)
2025-05-11 20:36:49,233 | WARNING | ⚠️ No Tax Exempt data for exempt_tax in 2025 - 01 - 01- Night Audit Packet.pdf
2025-05-11 20:36:49,233 | WARNING | ⚠️ No Tax Exempt data for tax_exempt_revenue_summary in 2025 - 01 - 01- Night Audit Packet.pdf
2025-05-11 20:36:49,246 | INFO | ✅ Processed Tax Exempt → tax_refund_revenue_summary (2 rows)
2025-05-11 20:36:49,275 | INFO | ✅ Processed Gross Room Revenue → gross_room_revenue_detail (3 rows)
2025-05-11 20:36:49,300 | INFO | ✅ Processed Revenue by Rate Code → revenue_by_rate_code (9 rows)
2025-05-11 20:36:49,318 | INFO | ✅ Processed Advance Deposit Journal → advance_deposit_journal (1 rows)
2025-05-11 20:36:49,322 | INFO | ✅ Completed 2025 - 01 - 01- Night Audit Packet.pdf | Rows loaded: 230 | Failed: None
2025-05-11 20:36:50,014 | INFO | ✅ Processed Ledger Summary
2025-05-11 20:36:50,015 | WARNING | ⚠️ No No Show Report data in 2025 - 01 - 02- Night Audit Packet.pdf
2025-05-11 20:36:50,028 | INFO | ✅ Processed Rate Discrepancy
2025-05-11 20:36:50,048 | INFO | ✅ Processed Hotel Journal Summary
2025-05-11 20:36:50,078 | INFO | ✅ Processed Hotel Journal Detail
2025-05-11 20:36:50,093 | INFO | ✅ Processed Reservation Activity → reservation_activity (8 rows)
2025-05-11 20:36:50,102 | INFO | ✅ Processed Shift Reconciliation → shift_reconciliation (1 rows)
2025-05-11 20:36:50,113 | INFO | ✅ Processed Shift Reconciliation → shift_summary (3 rows)
2025-05-11 20:36:50,129 | INFO | ✅ Processed Tax Exempt → exempt_revenue_tax (3 rows)
2025-05-11 20:36:50,138 | INFO | ✅ Processed Tax Exempt → exempt_tax (2 rows)
2025-05-11 20:36:50,145 | INFO | ✅ Processed Tax Exempt → tax_exempt_revenue_summary (2 rows)
2025-05-11 20:36:50,154 | INFO | 📧 Email sent successfully.
2025-05-11 20:36:50,156 | INFO | ✅ Processed Tax Exempt → tax_refund_revenue_summary (2 rows)
2025-05-11 20:36:50,179 | INFO | ✅ Processed Gross Room Revenue → gross_room_revenue_detail (3 rows)
2025-05-11 20:36:50,214 | INFO | ✅ Processed Revenue by Rate Code → revenue_by_rate_code (11 rows)
2025-05-11 20:36:50,234 | INFO | ✅ Processed Advance Deposit Journal → advance_deposit_journal (2 rows)
2025-05-11 20:36:50,238 | INFO | ✅ Completed 2025 - 01 - 02- Night Audit Packet.pdf | Rows loaded: 245 | Failed: None
2025-05-11 20:36:50,241 | INFO | 📄 Starting processing file: 2025 - 01 - 09- Night Audit Packet.pdf
2025-05-11 20:36:50,760 | INFO | ✅ Processed Ledger Summary
2025-05-11 20:36:50,762 | WARNING | ⚠️ No No Show Report data in 2025 - 01 - 06- Night Audit Packet.pdf
2025-05-11 20:36:50,777 | INFO | ✅ Processed Rate Discrepancy
2025-05-11 20:36:50,806 | INFO | ✅ Processed Hotel Journal Summary
2025-05-11 20:36:50,885 | INFO | ✅ Processed Hotel Journal Detail
2025-05-11 20:36:50,911 | INFO | ✅ Processed Reservation Activity → reservation_activity (3 rows)
2025-05-11 20:36:50,934 | INFO | ✅ Processed Shift Reconciliation → shift_reconciliation (2 rows)
2025-05-11 20:36:50,955 | INFO | ✅ Processed Shift Reconciliation → shift_summary (3 rows)
2025-05-11 20:36:50,980 | INFO | ✅ Processed Tax Exempt → exempt_revenue_tax (3 rows)
2025-05-11 20:36:50,997 | INFO | ✅ Processed Tax Exempt → exempt_tax (2 rows)
2025-05-11 20:36:51,016 | INFO | ✅ Processed Tax Exempt → tax_exempt_revenue_summary (2 rows)
2025-05-11 20:36:51,039 | INFO | ✅ Processed Tax Exempt → tax_refund_revenue_summary (2 rows)
2025-05-11 20:36:51,063 | INFO | ✅ Processed Gross Room Revenue → gross_room_revenue_detail (3 rows)
2025-05-11 20:36:51,089 | INFO | 📧 Email sent successfully.
2025-05-11 20:36:51,104 | INFO | ✅ Processed Revenue by Rate Code → revenue_by_rate_code (15 rows)
2025-05-11 20:36:51,107 | WARNING | ⚠️ No Advance Deposit Journal data for advance_deposit_journal in 2025 - 01 - 06- Night Audit Packet.pdf
2025-05-11 20:36:51,117 | INFO | ✅ Completed 2025 - 01 - 06- Night Audit Packet.pdf | Rows loaded: 246 | Failed: None
2025-05-11 20:36:51,170 | INFO | 📄 Starting processing file: 2025 - 01 - 10- Night Audit Packet.pdf
2025-05-11 20:36:51,315 | INFO | ✅ Processed Ledger Summary
2025-05-11 20:36:51,317 | WARNING | ⚠️ No No Show Report data in 2025 - 01 - 07- Night Audit Packet.pdf
2025-05-11 20:36:51,333 | INFO | ✅ Processed Rate Discrepancy
2025-05-11 20:36:51,371 | INFO | ✅ Processed Hotel Journal Summary
2025-05-11 20:36:51,391 | INFO | ✅ Processed Ledger Summary
2025-05-11 20:36:51,409 | INFO | ✅ Processed Hotel Journal Detail
2025-05-11 20:36:51,416 | INFO | ✅ Processed No Show Report
2025-05-11 20:36:51,427 | INFO | ✅ Processed Reservation Activity → reservation_activity (9 rows)
2025-05-11 20:36:51,430 | INFO | ✅ Processed Rate Discrepancy
2025-05-11 20:36:51,439 | INFO | ✅ Processed Shift Reconciliation → shift_reconciliation (3 rows)
2025-05-11 20:36:51,454 | INFO | ✅ Processed Shift Reconciliation → shift_summary (3 rows)
2025-05-11 20:36:51,456 | INFO | ✅ Processed Hotel Journal Summary
2025-05-11 20:36:51,493 | INFO | ✅ Processed Tax Exempt → exempt_revenue_tax (3 rows)
2025-05-11 20:36:51,513 | INFO | ✅ Processed Tax Exempt → exempt_tax (2 rows)
2025-05-11 20:36:51,514 | INFO | ✅ Processed Hotel Journal Detail
2025-05-11 20:36:51,535 | INFO | ✅ Processed Tax Exempt → tax_exempt_revenue_summary (2 rows)
2025-05-11 20:36:51,547 | INFO | ✅ Processed Reservation Activity → reservation_activity (8 rows)
2025-05-11 20:36:51,547 | INFO | ✅ Processed Ledger Summary
2025-05-11 20:36:51,549 | INFO | ✅ Processed Tax Exempt → tax_refund_revenue_summary (2 rows)
2025-05-11 20:36:51,550 | WARNING | ⚠️ No No Show Report data in 2025 - 01 - 03- Night Audit Packet.pdf
2025-05-11 20:36:51,566 | INFO | ✅ Processed Shift Reconciliation → shift_reconciliation (2 rows)
2025-05-11 20:36:51,569 | INFO | ✅ Processed Gross Room Revenue → gross_room_revenue_detail (3 rows)
2025-05-11 20:36:51,569 | INFO | ✅ Processed Rate Discrepancy
2025-05-11 20:36:51,587 | INFO | ✅ Processed Shift Reconciliation → shift_summary (3 rows)
2025-05-11 20:36:51,596 | INFO | ✅ Processed Hotel Journal Summary
2025-05-11 20:36:51,599 | INFO | ✅ Processed Revenue by Rate Code → revenue_by_rate_code (17 rows)
2025-05-11 20:36:51,618 | INFO | ✅ Processed Advance Deposit Journal → advance_deposit_journal (2 rows)
2025-05-11 20:36:51,618 | INFO | ✅ Processed Ledger Summary
2025-05-11 20:36:51,620 | WARNING | ⚠️ No No Show Report data in 2025 - 01 - 05- Night Audit Packet.pdf
2025-05-11 20:36:51,620 | INFO | ✅ Completed 2025 - 01 - 07- Night Audit Packet.pdf | Rows loaded: 254 | Failed: None
2025-05-11 20:36:51,631 | INFO | ✅ Processed Tax Exempt → exempt_revenue_tax (3 rows)
2025-05-11 20:36:51,637 | INFO | ✅ Processed Rate Discrepancy
2025-05-11 20:36:51,642 | INFO | ✅ Processed Tax Exempt → exempt_tax (2 rows)
2025-05-11 20:36:51,651 | INFO | ✅ Processed Hotel Journal Detail
2025-05-11 20:36:51,661 | INFO | ✅ Processed Tax Exempt → tax_exempt_revenue_summary (2 rows)
2025-05-11 20:36:51,676 | INFO | ✅ Processed Reservation Activity → reservation_activity (11 rows)
2025-05-11 20:36:51,676 | INFO | ✅ Processed Tax Exempt → tax_refund_revenue_summary (2 rows)
2025-05-11 20:36:51,683 | INFO | ✅ Processed Hotel Journal Summary
2025-05-11 20:36:51,689 | INFO | ✅ Processed Shift Reconciliation → shift_reconciliation (1 rows)
2025-05-11 20:36:51,699 | INFO | ✅ Processed Gross Room Revenue → gross_room_revenue_detail (3 rows)
2025-05-11 20:36:51,708 | INFO | ✅ Processed Shift Reconciliation → shift_summary (3 rows)
2025-05-11 20:36:51,731 | INFO | ✅ Processed Hotel Journal Detail
2025-05-11 20:36:51,749 | INFO | ✅ Processed Reservation Activity → reservation_activity (3 rows)
2025-05-11 20:36:51,749 | INFO | ✅ Processed Revenue by Rate Code → revenue_by_rate_code (12 rows)
2025-05-11 20:36:51,749 | INFO | ✅ Processed Tax Exempt → exempt_revenue_tax (3 rows)
2025-05-11 20:36:51,758 | INFO | ✅ Processed Tax Exempt → exempt_tax (2 rows)
2025-05-11 20:36:51,760 | INFO | ✅ Processed Shift Reconciliation → shift_reconciliation (1 rows)
2025-05-11 20:36:51,764 | INFO | ✅ Processed Advance Deposit Journal → advance_deposit_journal (2 rows)
2025-05-11 20:36:51,766 | INFO | ✅ Completed 2025 - 01 - 04- Night Audit Packet.pdf | Rows loaded: 250 | Failed: None
2025-05-11 20:36:51,766 | INFO | ✅ Processed Tax Exempt → tax_exempt_revenue_summary (2 rows)
2025-05-11 20:36:51,770 | INFO | ✅ Processed Shift Reconciliation → shift_summary (3 rows)
2025-05-11 20:36:51,775 | INFO | ✅ Processed Tax Exempt → tax_refund_revenue_summary (2 rows)
2025-05-11 20:36:51,787 | INFO | ✅ Processed Tax Exempt → exempt_revenue_tax (3 rows)
2025-05-11 20:36:51,795 | INFO | ✅ Processed Gross Room Revenue → gross_room_revenue_detail (3 rows)
2025-05-11 20:36:51,796 | INFO | ✅ Processed Tax Exempt → exempt_tax (2 rows)
2025-05-11 20:36:51,807 | INFO | ✅ Processed Tax Exempt → tax_exempt_revenue_summary (2 rows)
2025-05-11 20:36:51,821 | INFO | ✅ Processed Tax Exempt → tax_refund_revenue_summary (2 rows)
2025-05-11 20:36:51,821 | INFO | ✅ Processed Revenue by Rate Code → revenue_by_rate_code (11 rows)
2025-05-11 20:36:51,832 | INFO | ✅ Processed Advance Deposit Journal → advance_deposit_journal (2 rows)
2025-05-11 20:36:51,833 | INFO | ✅ Processed Gross Room Revenue → gross_room_revenue_detail (3 rows)
2025-05-11 20:36:51,834 | INFO | ✅ Completed 2025 - 01 - 03- Night Audit Packet.pdf | Rows loaded: 252 | Failed: None
2025-05-11 20:36:51,874 | INFO | ✅ Processed Revenue by Rate Code → revenue_by_rate_code (13 rows)
2025-05-11 20:36:51,876 | WARNING | ⚠️ No Advance Deposit Journal data for advance_deposit_journal in 2025 - 01 - 05- Night Audit Packet.pdf
2025-05-11 20:36:51,878 | INFO | ✅ Completed 2025 - 01 - 05- Night Audit Packet.pdf | Rows loaded: 253 | Failed: None
2025-05-11 20:36:51,933 | INFO | 📧 Email sent successfully.
2025-05-11 20:36:52,028 | INFO | 📄 Starting processing file: 2025 - 01 - 13- Night Audit Packet.pdf
2025-05-11 20:36:52,564 | INFO | 📧 Email sent successfully.
2025-05-11 20:36:52,643 | INFO | 📄 Starting processing file: 2025 - 01 - 22- Night Audit Packet.pdf
2025-05-11 20:36:52,753 | INFO | 📧 Email sent successfully.
2025-05-11 20:36:52,770 | INFO | ✅ Processed Ledger Summary
2025-05-11 20:36:52,845 | INFO | ✅ Processed No Show Report
2025-05-11 20:36:52,869 | INFO | ✅ Processed Rate Discrepancy
2025-05-11 20:36:52,873 | INFO | 📧 Email sent successfully.
2025-05-11 20:36:52,903 | INFO | ✅ Processed Hotel Journal Summary
2025-05-11 20:36:52,913 | INFO | 📄 Starting processing file: 2025 - 02 - 04- Night Audit Packet.pdf
2025-05-11 20:36:52,945 | INFO | ✅ Processed Hotel Journal Detail
2025-05-11 20:36:52,978 | INFO | ✅ Processed Reservation Activity → reservation_activity (15 rows)
2025-05-11 20:36:52,981 | INFO | 📄 Starting processing file: 2025 - 02 - 07- Night Audit Packet.pdf
2025-05-11 20:36:52,991 | INFO | ✅ Processed Shift Reconciliation → shift_reconciliation (1 rows)
2025-05-11 20:36:53,001 | INFO | ✅ Processed Shift Reconciliation → shift_summary (4 rows)
2025-05-11 20:36:53,028 | INFO | ✅ Processed Tax Exempt → exempt_revenue_tax (3 rows)
2025-05-11 20:36:53,045 | INFO | ✅ Processed Tax Exempt → exempt_tax (2 rows)
2025-05-11 20:36:53,057 | INFO | ✅ Processed Tax Exempt → tax_exempt_revenue_summary (2 rows)
2025-05-11 20:36:53,070 | INFO | ✅ Processed Tax Exempt → tax_refund_revenue_summary (2 rows)
2025-05-11 20:36:53,089 | INFO | ✅ Processed Gross Room Revenue → gross_room_revenue_detail (3 rows)
2025-05-11 20:36:53,125 | INFO | ✅ Processed Revenue by Rate Code → revenue_by_rate_code (19 rows)
2025-05-11 20:36:53,140 | INFO | ✅ Processed Advance Deposit Journal → advance_deposit_journal (1 rows)
2025-05-11 20:36:53,142 | INFO | ✅ Completed 2025 - 01 - 08- Night Audit Packet.pdf | Rows loaded: 259 | Failed: None
2025-05-11 20:36:53,295 | INFO | 📧 Email sent successfully.
2025-05-11 20:36:53,374 | INFO | 📄 Starting processing file: 2025 - 02 - 14- Night Audit Packet.pdf
2025-05-11 20:36:54,054 | INFO | 📧 Email sent successfully.
2025-05-11 20:36:54,196 | INFO | 📄 Starting processing file: 2025 - 02 - 15- Night Audit Packet.pdf
2025-05-11 20:37:06,981 | INFO | ✅ Processed A/R Aging
2025-05-11 20:37:07,016 | INFO | ✅ Processed Transaction Closeout
2025-05-11 20:37:07,047 | INFO | ✅ Processed In-House List
2025-05-11 20:37:07,070 | INFO | ✅ Processed room_statistics
2025-05-11 20:37:07,086 | INFO | ✅ Processed performance_statistics
2025-05-11 20:37:07,109 | INFO | ✅ Processed guest_statistics
2025-05-11 20:37:07,134 | INFO | ✅ Processed Ledger Activity
2025-05-11 20:37:10,131 | INFO | ✅ Processed A/R Aging
2025-05-11 20:37:10,149 | INFO | ✅ Processed Transaction Closeout
2025-05-11 20:37:10,188 | INFO | ✅ Processed In-House List
2025-05-11 20:37:10,203 | INFO | ✅ Processed room_statistics
2025-05-11 20:37:10,220 | INFO | ✅ Processed performance_statistics
2025-05-11 20:37:10,236 | INFO | ✅ Processed guest_statistics
2025-05-11 20:37:10,252 | INFO | ✅ Processed Ledger Activity
2025-05-11 20:37:10,546 | INFO | ✅ Processed A/R Aging
2025-05-11 20:37:10,584 | INFO | ✅ Processed Transaction Closeout
2025-05-11 20:37:10,618 | INFO | ✅ Processed In-House List
2025-05-11 20:37:10,633 | INFO | ✅ Processed room_statistics
2025-05-11 20:37:10,649 | INFO | ✅ Processed performance_statistics
2025-05-11 20:37:10,664 | INFO | ✅ Processed guest_statistics
2025-05-11 20:37:10,675 | INFO | ✅ Processed Ledger Activity
2025-05-11 20:37:11,643 | INFO | ✅ Processed A/R Aging
2025-05-11 20:37:11,670 | INFO | ✅ Processed Transaction Closeout
2025-05-11 20:37:11,699 | INFO | ✅ Processed In-House List
2025-05-11 20:37:11,718 | INFO | ✅ Processed room_statistics
2025-05-11 20:37:11,740 | INFO | ✅ Processed performance_statistics
2025-05-11 20:37:11,755 | INFO | ✅ Processed guest_statistics
2025-05-11 20:37:11,773 | INFO | ✅ Processed Ledger Activity
2025-05-11 20:37:13,535 | INFO | ✅ Processed A/R Aging
2025-05-11 20:37:13,560 | INFO | ✅ Processed Transaction Closeout
2025-05-11 20:37:13,585 | INFO | ✅ Processed In-House List
2025-05-11 20:37:13,597 | INFO | ✅ Processed room_statistics
2025-05-11 20:37:13,614 | INFO | ✅ Processed performance_statistics
2025-05-11 20:37:13,631 | INFO | ✅ Processed guest_statistics
2025-05-11 20:37:13,648 | INFO | ✅ Processed Ledger Activity
2025-05-11 20:37:14,056 | INFO | ✅ Processed Ledger Summary
2025-05-11 20:37:14,065 | WARNING | ⚠️ No No Show Report data in 2025 - 01 - 09- Night Audit Packet.pdf
2025-05-11 20:37:14,087 | INFO | ✅ Processed Rate Discrepancy
2025-05-11 20:37:14,142 | INFO | ✅ Processed Hotel Journal Summary
2025-05-11 20:37:14,183 | INFO | ✅ Processed Hotel Journal Detail
2025-05-11 20:37:14,204 | INFO | ✅ Processed Reservation Activity → reservation_activity (7 rows)
2025-05-11 20:37:14,233 | INFO | ✅ Processed Shift Reconciliation → shift_reconciliation (2 rows)
2025-05-11 20:37:14,252 | INFO | ✅ Processed Shift Reconciliation → shift_summary (3 rows)
2025-05-11 20:37:14,282 | INFO | ✅ Processed Tax Exempt → exempt_revenue_tax (3 rows)
2025-05-11 20:37:14,292 | INFO | ✅ Processed Tax Exempt → exempt_tax (2 rows)
2025-05-11 20:37:14,307 | INFO | ✅ Processed Tax Exempt → tax_exempt_revenue_summary (2 rows)
2025-05-11 20:37:14,322 | INFO | ✅ Processed Tax Exempt → tax_refund_revenue_summary (2 rows)
2025-05-11 20:37:14,355 | INFO | ✅ Processed Gross Room Revenue → gross_room_revenue_detail (3 rows)
2025-05-11 20:37:14,384 | INFO | ✅ Processed A/R Aging
2025-05-11 20:37:14,398 | INFO | ✅ Processed Revenue by Rate Code → revenue_by_rate_code (20 rows)
2025-05-11 20:37:14,409 | INFO | ✅ Processed Advance Deposit Journal → advance_deposit_journal (1 rows)
2025-05-11 20:37:14,413 | INFO | ✅ Completed 2025 - 01 - 09- Night Audit Packet.pdf | Rows loaded: 256 | Failed: None
2025-05-11 20:37:14,435 | INFO | ✅ Processed Transaction Closeout
2025-05-11 20:37:14,455 | INFO | ✅ Processed In-House List
2025-05-11 20:37:14,467 | INFO | ✅ Processed room_statistics
2025-05-11 20:37:14,480 | INFO | ✅ Processed performance_statistics
2025-05-11 20:37:14,495 | INFO | ✅ Processed guest_statistics
2025-05-11 20:37:14,512 | INFO | ✅ Processed Ledger Activity
2025-05-11 20:37:15,095 | INFO | ✅ Processed A/R Aging
2025-05-11 20:37:15,129 | INFO | ✅ Processed Transaction Closeout
2025-05-11 20:37:15,160 | INFO | ✅ Processed In-House List
2025-05-11 20:37:15,174 | INFO | ✅ Processed room_statistics
2025-05-11 20:37:15,191 | INFO | ✅ Processed performance_statistics
2025-05-11 20:37:15,201 | INFO | ✅ Processed guest_statistics
2025-05-11 20:37:15,213 | INFO | ✅ Processed Ledger Activity
2025-05-11 20:37:15,246 | INFO | 📧 Email sent successfully.
2025-05-11 20:37:15,324 | INFO | 📄 Starting processing file: 2025 - 04 - 02- Night Audit Packet.pdf
2025-05-11 20:37:16,157 | INFO | ✅ Processed A/R Aging
2025-05-11 20:37:16,184 | INFO | ✅ Processed Transaction Closeout
2025-05-11 20:37:16,226 | INFO | ✅ Processed In-House List
2025-05-11 20:37:16,246 | INFO | ✅ Processed room_statistics
2025-05-11 20:37:16,265 | INFO | ✅ Processed performance_statistics
2025-05-11 20:37:16,277 | INFO | ✅ Processed guest_statistics
2025-05-11 20:37:16,298 | INFO | ✅ Processed Ledger Activity
2025-05-11 20:37:17,219 | INFO | ✅ Processed Ledger Summary
2025-05-11 20:37:17,253 | INFO | ✅ Processed No Show Report
2025-05-11 20:37:17,263 | INFO | ✅ Processed Rate Discrepancy
2025-05-11 20:37:17,306 | INFO | ✅ Processed Hotel Journal Summary
2025-05-11 20:37:17,349 | INFO | ✅ Processed Hotel Journal Detail
2025-05-11 20:37:17,365 | INFO | ✅ Processed Reservation Activity → reservation_activity (9 rows)
2025-05-11 20:37:17,380 | INFO | ✅ Processed Shift Reconciliation → shift_reconciliation (1 rows)
2025-05-11 20:37:17,396 | INFO | ✅ Processed Shift Reconciliation → shift_summary (3 rows)
2025-05-11 20:37:17,428 | INFO | ✅ Processed Tax Exempt → exempt_revenue_tax (3 rows)
2025-05-11 20:37:17,439 | INFO | ✅ Processed Tax Exempt → exempt_tax (2 rows)
2025-05-11 20:37:17,470 | INFO | ✅ Processed Tax Exempt → tax_exempt_revenue_summary (2 rows)
2025-05-11 20:37:17,490 | INFO | ✅ Processed Tax Exempt → tax_refund_revenue_summary (2 rows)
2025-05-11 20:37:17,525 | INFO | ✅ Processed Gross Room Revenue → gross_room_revenue_detail (3 rows)
2025-05-11 20:37:17,570 | INFO | ✅ Processed Revenue by Rate Code → revenue_by_rate_code (33 rows)
2025-05-11 20:37:17,593 | INFO | ✅ Processed Ledger Summary
2025-05-11 20:37:17,597 | WARNING | ⚠️ No No Show Report data in 2025 - 01 - 10- Night Audit Packet.pdf
2025-05-11 20:37:17,599 | INFO | ✅ Processed Advance Deposit Journal → advance_deposit_journal (2 rows)
2025-05-11 20:37:17,607 | INFO | ✅ Completed 2025 - 01 - 22- Night Audit Packet.pdf | Rows loaded: 243 | Failed: None
2025-05-11 20:37:17,626 | INFO | ✅ Processed Rate Discrepancy
2025-05-11 20:37:17,655 | INFO | ✅ Processed Hotel Journal Summary
2025-05-11 20:37:17,696 | INFO | ✅ Processed Hotel Journal Detail
2025-05-11 20:37:17,727 | INFO | ✅ Processed Reservation Activity → reservation_activity (10 rows)
2025-05-11 20:37:17,739 | INFO | ✅ Processed Shift Reconciliation → shift_reconciliation (2 rows)
2025-05-11 20:37:17,755 | INFO | ✅ Processed Shift Reconciliation → shift_summary (3 rows)
2025-05-11 20:37:17,791 | INFO | ✅ Processed Tax Exempt → exempt_revenue_tax (3 rows)
2025-05-11 20:37:17,809 | INFO | ✅ Processed Tax Exempt → exempt_tax (2 rows)
2025-05-11 20:37:17,821 | INFO | ✅ Processed Tax Exempt → tax_exempt_revenue_summary (2 rows)
2025-05-11 20:37:17,831 | INFO | ✅ Processed Tax Exempt → tax_refund_revenue_summary (2 rows)
2025-05-11 20:37:17,860 | INFO | ✅ Processed Gross Room Revenue → gross_room_revenue_detail (3 rows)
2025-05-11 20:37:17,905 | INFO | ✅ Processed Revenue by Rate Code → revenue_by_rate_code (21 rows)
2025-05-11 20:37:17,912 | WARNING | ⚠️ No Advance Deposit Journal data for advance_deposit_journal in 2025 - 01 - 10- Night Audit Packet.pdf
2025-05-11 20:37:17,919 | INFO | ✅ Completed 2025 - 01 - 10- Night Audit Packet.pdf | Rows loaded: 276 | Failed: None
2025-05-11 20:37:18,318 | INFO | 📧 Email sent successfully.
2025-05-11 20:37:18,526 | INFO | ✅ Processed Ledger Summary
2025-05-11 20:37:18,528 | WARNING | ⚠️ No No Show Report data in 2025 - 01 - 13- Night Audit Packet.pdf
2025-05-11 20:37:18,542 | INFO | ✅ Processed Rate Discrepancy
2025-05-11 20:37:18,574 | INFO | ✅ Processed Hotel Journal Summary
2025-05-11 20:37:18,602 | INFO | ✅ Processed Hotel Journal Detail
2025-05-11 20:37:18,618 | INFO | ✅ Processed Reservation Activity → reservation_activity (9 rows)
2025-05-11 20:37:18,627 | INFO | ✅ Processed Shift Reconciliation → shift_reconciliation (2 rows)
2025-05-11 20:37:18,638 | INFO | ✅ Processed Shift Reconciliation → shift_summary (3 rows)
2025-05-11 20:37:18,660 | INFO | ✅ Processed Tax Exempt → exempt_revenue_tax (3 rows)
2025-05-11 20:37:18,666 | INFO | ✅ Processed Tax Exempt → exempt_tax (2 rows)
2025-05-11 20:37:18,682 | INFO | ✅ Processed Tax Exempt → tax_exempt_revenue_summary (2 rows)
2025-05-11 20:37:18,695 | INFO | ✅ Processed Tax Exempt → tax_refund_revenue_summary (2 rows)
2025-05-11 20:37:18,704 | INFO | 📧 Email sent successfully.
2025-05-11 20:37:18,714 | INFO | ✅ Processed Gross Room Revenue → gross_room_revenue_detail (3 rows)
2025-05-11 20:37:18,758 | INFO | ✅ Processed Revenue by Rate Code → revenue_by_rate_code (24 rows)
2025-05-11 20:37:18,773 | INFO | ✅ Processed Advance Deposit Journal → advance_deposit_journal (2 rows)
2025-05-11 20:37:18,780 | INFO | ✅ Completed 2025 - 01 - 13- Night Audit Packet.pdf | Rows loaded: 275 | Failed: None
2025-05-11 20:37:19,522 | INFO | 📧 Email sent successfully.
2025-05-11 20:37:19,639 | INFO | ✅ Processed Ledger Summary
2025-05-11 20:37:19,640 | WARNING | ⚠️ No No Show Report data in 2025 - 02 - 07- Night Audit Packet.pdf
2025-05-11 20:37:19,649 | INFO | ✅ Processed Rate Discrepancy
2025-05-11 20:37:19,664 | INFO | ✅ Processed Hotel Journal Summary
2025-05-11 20:37:19,689 | INFO | ✅ Processed Hotel Journal Detail
2025-05-11 20:37:19,709 | INFO | ✅ Processed Reservation Activity → reservation_activity (15 rows)
2025-05-11 20:37:19,729 | INFO | ✅ Processed Shift Reconciliation → shift_reconciliation (1 rows)
2025-05-11 20:37:19,739 | INFO | ✅ Processed Shift Reconciliation → shift_summary (2 rows)
2025-05-11 20:37:19,766 | INFO | ✅ Processed Tax Exempt → exempt_revenue_tax (3 rows)
2025-05-11 20:37:19,780 | INFO | ✅ Processed Tax Exempt → exempt_tax (2 rows)
2025-05-11 20:37:19,789 | INFO | ✅ Processed Tax Exempt → tax_exempt_revenue_summary (2 rows)
2025-05-11 20:37:19,797 | INFO | ✅ Processed Tax Exempt → tax_refund_revenue_summary (2 rows)
2025-05-11 20:37:19,815 | INFO | ✅ Processed Gross Room Revenue → gross_room_revenue_detail (5 rows)
2025-05-11 20:37:19,841 | INFO | ✅ Processed Revenue by Rate Code → revenue_by_rate_code (40 rows)
2025-05-11 20:37:19,857 | INFO | ✅ Processed Advance Deposit Journal → advance_deposit_journal (2 rows)
2025-05-11 20:37:19,860 | INFO | ✅ Completed 2025 - 02 - 07- Night Audit Packet.pdf | Rows loaded: 241 | Failed: None
2025-05-11 20:37:20,585 | INFO | 📧 Email sent successfully.
2025-05-11 20:37:20,707 | INFO | ✅ Processed Ledger Summary
2025-05-11 20:37:20,709 | WARNING | ⚠️ No No Show Report data in 2025 - 02 - 04- Night Audit Packet.pdf
2025-05-11 20:37:20,723 | INFO | ✅ Processed Rate Discrepancy
2025-05-11 20:37:20,738 | INFO | ✅ Processed Hotel Journal Summary
2025-05-11 20:37:20,761 | INFO | ✅ Processed Hotel Journal Detail
2025-05-11 20:37:20,771 | INFO | ✅ Processed Reservation Activity → reservation_activity (8 rows)
2025-05-11 20:37:20,781 | INFO | ✅ Processed Shift Reconciliation → shift_reconciliation (2 rows)
2025-05-11 20:37:20,791 | INFO | ✅ Processed Shift Reconciliation → shift_summary (3 rows)
2025-05-11 20:37:20,808 | INFO | ✅ Processed Tax Exempt → exempt_revenue_tax (2 rows)
2025-05-11 20:37:20,814 | INFO | ✅ Processed Tax Exempt → exempt_tax (1 rows)
2025-05-11 20:37:20,820 | INFO | ✅ Processed Tax Exempt → tax_exempt_revenue_summary (1 rows)
2025-05-11 20:37:20,824 | INFO | ✅ Processed Tax Exempt → tax_refund_revenue_summary (2 rows)
2025-05-11 20:37:20,837 | INFO | ✅ Processed Gross Room Revenue → gross_room_revenue_detail (5 rows)
2025-05-11 20:37:20,897 | INFO | ✅ Processed Revenue by Rate Code → revenue_by_rate_code (40 rows)
2025-05-11 20:37:20,905 | INFO | ✅ Processed Advance Deposit Journal → advance_deposit_journal (1 rows)
2025-05-11 20:37:20,906 | INFO | ✅ Completed 2025 - 02 - 04- Night Audit Packet.pdf | Rows loaded: 286 | Failed: None
2025-05-11 20:37:21,085 | INFO | ✅ Processed Ledger Summary
2025-05-11 20:37:21,086 | WARNING | ⚠️ No No Show Report data in 2025 - 02 - 14- Night Audit Packet.pdf
2025-05-11 20:37:21,097 | INFO | ✅ Processed Rate Discrepancy
2025-05-11 20:37:21,109 | INFO | ✅ Processed Hotel Journal Summary
2025-05-11 20:37:21,128 | INFO | ✅ Processed Hotel Journal Detail
2025-05-11 20:37:21,138 | INFO | ✅ Processed Reservation Activity → reservation_activity (8 rows)
2025-05-11 20:37:21,143 | INFO | ✅ Processed Shift Reconciliation → shift_reconciliation (2 rows)
2025-05-11 20:37:21,151 | INFO | ✅ Processed Shift Reconciliation → shift_summary (2 rows)
2025-05-11 20:37:21,166 | INFO | ✅ Processed Tax Exempt → exempt_revenue_tax (3 rows)
2025-05-11 20:37:21,172 | INFO | ✅ Processed Tax Exempt → exempt_tax (2 rows)
2025-05-11 20:37:21,178 | INFO | ✅ Processed Tax Exempt → tax_exempt_revenue_summary (2 rows)
2025-05-11 20:37:21,184 | INFO | ✅ Processed Tax Exempt → tax_refund_revenue_summary (2 rows)
2025-05-11 20:37:21,195 | INFO | ✅ Processed Gross Room Revenue → gross_room_revenue_detail (5 rows)
2025-05-11 20:37:21,215 | INFO | ✅ Processed Revenue by Rate Code → revenue_by_rate_code (44 rows)
2025-05-11 20:37:21,223 | INFO | ✅ Processed Advance Deposit Journal → advance_deposit_journal (1 rows)
2025-05-11 20:37:21,224 | INFO | ✅ Completed 2025 - 02 - 14- Night Audit Packet.pdf | Rows loaded: 266 | Failed: None
2025-05-11 20:37:21,504 | INFO | ✅ Processed Ledger Summary
2025-05-11 20:37:21,505 | WARNING | ⚠️ No No Show Report data in 2025 - 02 - 15- Night Audit Packet.pdf
2025-05-11 20:37:21,513 | INFO | ✅ Processed Rate Discrepancy
2025-05-11 20:37:21,526 | INFO | ✅ Processed Hotel Journal Summary
2025-05-11 20:37:21,553 | INFO | ✅ Processed Hotel Journal Detail
2025-05-11 20:37:21,564 | INFO | ✅ Processed Reservation Activity → reservation_activity (9 rows)
2025-05-11 20:37:21,570 | INFO | ✅ Processed Shift Reconciliation → shift_reconciliation (2 rows)
2025-05-11 20:37:21,576 | INFO | ✅ Processed Shift Reconciliation → shift_summary (3 rows)
2025-05-11 20:37:21,590 | INFO | ✅ Processed Tax Exempt → exempt_revenue_tax (3 rows)
2025-05-11 20:37:21,595 | INFO | ✅ Processed Tax Exempt → exempt_tax (2 rows)
2025-05-11 20:37:21,600 | INFO | ✅ Processed Tax Exempt → tax_exempt_revenue_summary (2 rows)
2025-05-11 20:37:21,605 | INFO | ✅ Processed Tax Exempt → tax_refund_revenue_summary (2 rows)
2025-05-11 20:37:21,615 | INFO | ✅ Processed Gross Room Revenue → gross_room_revenue_detail (5 rows)
2025-05-11 20:37:21,634 | INFO | ✅ Processed Revenue by Rate Code → revenue_by_rate_code (46 rows)
2025-05-11 20:37:21,635 | WARNING | ⚠️ No Advance Deposit Journal data for advance_deposit_journal in 2025 - 02 - 15- Night Audit Packet.pdf
2025-05-11 20:37:21,637 | INFO | ✅ Completed 2025 - 02 - 15- Night Audit Packet.pdf | Rows loaded: 280 | Failed: None
2025-05-11 20:37:21,722 | INFO | 📧 Email sent successfully.
2025-05-11 20:37:21,914 | INFO | 📧 Email sent successfully.
2025-05-11 20:37:22,670 | INFO | 📧 Email sent successfully.
2025-05-11 20:37:26,561 | INFO | ✅ Processed A/R Aging
2025-05-11 20:37:26,571 | INFO | ✅ Processed Transaction Closeout
2025-05-11 20:37:26,581 | INFO | ✅ Processed In-House List
2025-05-11 20:37:26,597 | INFO | ✅ Processed room_statistics
2025-05-11 20:37:26,602 | INFO | ✅ Processed performance_statistics
2025-05-11 20:37:26,607 | INFO | ✅ Processed guest_statistics
2025-05-11 20:37:26,612 | INFO | ✅ Processed Ledger Activity
2025-05-11 20:37:29,293 | INFO | ✅ Processed Ledger Summary
2025-05-11 20:37:29,294 | WARNING | ⚠️ No No Show Report data in 2025 - 04 - 02- Night Audit Packet.pdf
2025-05-11 20:37:29,303 | INFO | ✅ Processed Rate Discrepancy
2025-05-11 20:37:29,313 | INFO | ✅ Processed Hotel Journal Summary
2025-05-11 20:37:29,330 | INFO | ✅ Processed Hotel Journal Detail
2025-05-11 20:37:29,340 | INFO | ✅ Processed Reservation Activity → reservation_activity (15 rows)
2025-05-11 20:37:29,345 | INFO | ✅ Processed Shift Reconciliation → shift_reconciliation (1 rows)
2025-05-11 20:37:29,351 | INFO | ✅ Processed Shift Reconciliation → shift_summary (4 rows)
2025-05-11 20:37:29,363 | INFO | ✅ Processed Tax Exempt → exempt_revenue_tax (3 rows)
2025-05-11 20:37:29,368 | INFO | ✅ Processed Tax Exempt → exempt_tax (2 rows)
2025-05-11 20:37:29,373 | INFO | ✅ Processed Tax Exempt → tax_exempt_revenue_summary (2 rows)
2025-05-11 20:37:29,377 | INFO | ✅ Processed Tax Exempt → tax_refund_revenue_summary (2 rows)
2025-05-11 20:37:29,387 | INFO | ✅ Processed Gross Room Revenue → gross_room_revenue_detail (5 rows)
2025-05-11 20:37:29,407 | INFO | ✅ Processed Revenue by Rate Code → revenue_by_rate_code (56 rows)
2025-05-11 20:37:29,408 | WARNING | ⚠️ No Advance Deposit Journal data for advance_deposit_journal in 2025 - 04 - 02- Night Audit Packet.pdf
2025-05-11 20:37:29,409 | INFO | ✅ Completed 2025 - 04 - 02- Night Audit Packet.pdf | Rows loaded: 241 | Failed: None
2025-05-11 20:37:30,156 | INFO | 📧 Email sent successfully.
