2025-05-10 16:48:49,497 | INFO | 📄 Starting processing file: 2025 - 01 - 01- Night Audit Packet.pdf
2025-05-10 16:48:49,498 | INFO | 📄 Starting processing file: 2025 - 01 - 02- Night Audit Packet.pdf
2025-05-10 16:48:49,501 | INFO | 📄 Starting processing file: 2025 - 01 - 03- Night Audit Packet.pdf
2025-05-10 16:48:49,503 | INFO | 📄 Starting processing file: 2025 - 01 - 04- Night Audit Packet.pdf
2025-05-10 16:48:49,504 | INFO | 📄 Starting processing file: 2025 - 01 - 05- Night Audit Packet.pdf
2025-05-10 16:48:49,509 | INFO | 📄 Starting processing file: 2025 - 01 - 06- Night Audit Packet.pdf
2025-05-10 16:48:49,517 | INFO | 📄 Starting processing file: 2025 - 01 - 07- Night Audit Packet.pdf
2025-05-10 16:48:49,541 | INFO | 📄 Starting processing file: 2025 - 01 - 08- Night Audit Packet.pdf
2025-05-10 16:49:03,003 | INFO | ✅ Processed A/R Aging
2025-05-10 16:49:03,029 | INFO | ✅ Processed Transaction Closeout
2025-05-10 16:49:03,058 | INFO | ✅ Processed In-House List
2025-05-10 16:49:03,077 | INFO | ✅ Processed room_statistics
2025-05-10 16:49:03,094 | INFO | ✅ Processed performance_statistics
2025-05-10 16:49:03,112 | INFO | ✅ Processed guest_statistics
2025-05-10 16:49:03,131 | INFO | ✅ Processed Ledger Activity
2025-05-10 16:49:04,783 | INFO | ✅ Processed A/R Aging
2025-05-10 16:49:04,793 | INFO | ✅ Processed A/R Aging
2025-05-10 16:49:04,810 | INFO | ✅ Processed Transaction Closeout
2025-05-10 16:49:04,822 | INFO | ✅ Processed Transaction Closeout
2025-05-10 16:49:04,838 | INFO | ✅ Processed In-House List
2025-05-10 16:49:04,860 | INFO | ✅ Processed In-House List
2025-05-10 16:49:04,871 | INFO | ✅ Processed room_statistics
2025-05-10 16:49:04,886 | INFO | ✅ Processed room_statistics
2025-05-10 16:49:04,888 | INFO | ✅ Processed performance_statistics
2025-05-10 16:49:04,911 | INFO | ✅ Processed guest_statistics
2025-05-10 16:49:04,919 | INFO | ✅ Processed performance_statistics
2025-05-10 16:49:04,936 | INFO | ✅ Processed Ledger Activity
2025-05-10 16:49:04,937 | INFO | ✅ Processed guest_statistics
2025-05-10 16:49:04,957 | INFO | ✅ Processed Ledger Activity
2025-05-10 16:49:05,795 | INFO | ✅ Processed A/R Aging
2025-05-10 16:49:05,829 | INFO | ✅ Processed Transaction Closeout
2025-05-10 16:49:05,856 | INFO | ✅ Processed In-House List
2025-05-10 16:49:05,877 | INFO | ✅ Processed room_statistics
2025-05-10 16:49:05,896 | INFO | ✅ Processed performance_statistics
2025-05-10 16:49:05,903 | INFO | ✅ Processed A/R Aging
2025-05-10 16:49:05,907 | INFO | ✅ Processed guest_statistics
2025-05-10 16:49:05,923 | INFO | ✅ Processed Ledger Activity
2025-05-10 16:49:05,930 | INFO | ✅ Processed Transaction Closeout
2025-05-10 16:49:05,938 | INFO | ✅ Processed A/R Aging
2025-05-10 16:49:05,941 | INFO | ✅ Processed A/R Aging
2025-05-10 16:49:05,958 | INFO | ✅ Processed In-House List
2025-05-10 16:49:05,959 | INFO | ✅ Processed Transaction Closeout
2025-05-10 16:49:05,959 | INFO | ✅ Processed Transaction Closeout
2025-05-10 16:49:05,976 | INFO | ✅ Processed room_statistics
2025-05-10 16:49:05,986 | INFO | ✅ Processed In-House List
2025-05-10 16:49:05,989 | INFO | ✅ Processed In-House List
2025-05-10 16:49:06,002 | INFO | ✅ Processed performance_statistics
2025-05-10 16:49:06,006 | INFO | ✅ Processed room_statistics
2025-05-10 16:49:06,018 | INFO | ✅ Processed room_statistics
2025-05-10 16:49:06,021 | INFO | ✅ Processed guest_statistics
2025-05-10 16:49:06,023 | INFO | ✅ Processed performance_statistics
2025-05-10 16:49:06,036 | INFO | ✅ Processed guest_statistics
2025-05-10 16:49:06,035 | INFO | ✅ Processed performance_statistics
2025-05-10 16:49:06,043 | INFO | ✅ Processed Ledger Activity
2025-05-10 16:49:06,049 | INFO | ✅ Processed guest_statistics
2025-05-10 16:49:06,051 | INFO | ✅ Processed Ledger Activity
2025-05-10 16:49:06,080 | INFO | ✅ Processed Ledger Activity
2025-05-10 16:49:06,648 | INFO | ✅ Processed A/R Aging
2025-05-10 16:49:06,669 | INFO | ✅ Processed Transaction Closeout
2025-05-10 16:49:06,698 | INFO | ✅ Processed In-House List
2025-05-10 16:49:06,710 | INFO | ✅ Processed room_statistics
2025-05-10 16:49:06,741 | INFO | ✅ Processed performance_statistics
2025-05-10 16:49:06,753 | INFO | ✅ Processed guest_statistics
2025-05-10 16:49:06,768 | INFO | ✅ Processed Ledger Activity
2025-05-10 16:49:08,506 | INFO | ✅ Processed Ledger Summary
2025-05-10 16:49:08,508 | WARNING | ⚠️ No No Show Report data in 2025 - 01 - 01- Night Audit Packet.pdf
2025-05-10 16:49:08,535 | INFO | ✅ Processed Rate Discrepancy
2025-05-10 16:49:08,589 | INFO | ✅ Processed Hotel Journal Summary
2025-05-10 16:49:08,632 | INFO | ✅ Processed Hotel Journal Detail
2025-05-10 16:49:08,654 | INFO | ✅ Processed Reservation Activity → reservation_activity (7 rows)
2025-05-10 16:49:08,665 | INFO | ✅ Processed Shift Reconciliation → shift_reconciliation (1 rows)
2025-05-10 16:49:08,677 | INFO | ✅ Processed Shift Reconciliation → shift_summary (3 rows)
2025-05-10 16:49:08,704 | INFO | ✅ Processed Tax Exempt → exempt_revenue_tax (2 rows)
2025-05-10 16:49:08,705 | WARNING | ⚠️ No Tax Exempt data for exempt_tax in 2025 - 01 - 01- Night Audit Packet.pdf
2025-05-10 16:49:08,705 | WARNING | ⚠️ No Tax Exempt data for tax_exempt_revenue_summary in 2025 - 01 - 01- Night Audit Packet.pdf
2025-05-10 16:49:08,715 | INFO | ✅ Processed Tax Exempt → tax_refund_revenue_summary (2 rows)
2025-05-10 16:49:08,739 | INFO | ✅ Processed Gross Room Revenue → gross_room_revenue_detail (3 rows)
2025-05-10 16:49:08,778 | INFO | ✅ Processed Revenue by Rate Code → revenue_by_rate_code (9 rows)
2025-05-10 16:49:08,796 | INFO | ✅ Processed Advance Deposit Journal → advance_deposit_journal (1 rows)
2025-05-10 16:49:08,800 | INFO | ✅ Completed 2025 - 01 - 01- Night Audit Packet.pdf | Rows loaded: 230 | Failed: None
2025-05-10 16:49:08,802 | ERROR | ❌ Failed to send email: 'function' object is not subscriptable
2025-05-10 16:49:08,882 | INFO | 📄 Starting processing file: 2025 - 01 - 09- Night Audit Packet.pdf
2025-05-10 16:49:10,148 | INFO | ✅ Processed Ledger Summary
2025-05-10 16:49:10,151 | WARNING | ⚠️ No No Show Report data in 2025 - 01 - 06- Night Audit Packet.pdf
2025-05-10 16:49:10,169 | INFO | ✅ Processed Rate Discrepancy
2025-05-10 16:49:10,195 | INFO | ✅ Processed Hotel Journal Summary
2025-05-10 16:49:10,265 | INFO | ✅ Processed Hotel Journal Detail
2025-05-10 16:49:10,287 | INFO | ✅ Processed Reservation Activity → reservation_activity (3 rows)
2025-05-10 16:49:10,303 | INFO | ✅ Processed Shift Reconciliation → shift_reconciliation (2 rows)
2025-05-10 16:49:10,319 | INFO | ✅ Processed Shift Reconciliation → shift_summary (3 rows)
2025-05-10 16:49:10,351 | INFO | ✅ Processed Tax Exempt → exempt_revenue_tax (3 rows)
2025-05-10 16:49:10,369 | INFO | ✅ Processed Tax Exempt → exempt_tax (2 rows)
2025-05-10 16:49:10,381 | INFO | ✅ Processed Tax Exempt → tax_exempt_revenue_summary (2 rows)
2025-05-10 16:49:10,391 | INFO | ✅ Processed Tax Exempt → tax_refund_revenue_summary (2 rows)
2025-05-10 16:49:10,424 | INFO | ✅ Processed Gross Room Revenue → gross_room_revenue_detail (3 rows)
2025-05-10 16:49:10,471 | INFO | ✅ Processed Revenue by Rate Code → revenue_by_rate_code (15 rows)
2025-05-10 16:49:10,476 | WARNING | ⚠️ No Advance Deposit Journal data for advance_deposit_journal in 2025 - 01 - 06- Night Audit Packet.pdf
2025-05-10 16:49:10,482 | INFO | ✅ Completed 2025 - 01 - 06- Night Audit Packet.pdf | Rows loaded: 246 | Failed: None
2025-05-10 16:49:10,482 | INFO | ✅ Processed Ledger Summary
2025-05-10 16:49:10,482 | ERROR | ❌ Failed to send email: 'function' object is not subscriptable
2025-05-10 16:49:10,485 | WARNING | ⚠️ No No Show Report data in 2025 - 01 - 02- Night Audit Packet.pdf
2025-05-10 16:49:10,509 | INFO | ✅ Processed Rate Discrepancy
2025-05-10 16:49:10,537 | INFO | 📄 Starting processing file: 2025 - 01 - 10- Night Audit Packet.pdf
2025-05-10 16:49:10,544 | INFO | ✅ Processed Hotel Journal Summary
2025-05-10 16:49:10,603 | INFO | ✅ Processed Hotel Journal Detail
2025-05-10 16:49:10,624 | INFO | ✅ Processed Reservation Activity → reservation_activity (8 rows)
2025-05-10 16:49:10,647 | INFO | ✅ Processed Shift Reconciliation → shift_reconciliation (1 rows)
2025-05-10 16:49:10,670 | INFO | ✅ Processed Shift Reconciliation → shift_summary (3 rows)
2025-05-10 16:49:10,711 | INFO | ✅ Processed Tax Exempt → exempt_revenue_tax (3 rows)
2025-05-10 16:49:10,728 | INFO | ✅ Processed Tax Exempt → exempt_tax (2 rows)
2025-05-10 16:49:10,744 | INFO | ✅ Processed Tax Exempt → tax_exempt_revenue_summary (2 rows)
2025-05-10 16:49:10,764 | INFO | ✅ Processed Tax Exempt → tax_refund_revenue_summary (2 rows)
2025-05-10 16:49:10,787 | INFO | ✅ Processed Gross Room Revenue → gross_room_revenue_detail (3 rows)
2025-05-10 16:49:10,821 | INFO | ✅ Processed Revenue by Rate Code → revenue_by_rate_code (11 rows)
2025-05-10 16:49:10,835 | INFO | ✅ Processed Advance Deposit Journal → advance_deposit_journal (2 rows)
2025-05-10 16:49:10,838 | INFO | ✅ Completed 2025 - 01 - 02- Night Audit Packet.pdf | Rows loaded: 245 | Failed: None
2025-05-10 16:49:10,838 | ERROR | ❌ Failed to send email: 'function' object is not subscriptable
2025-05-10 16:49:10,887 | INFO | 📄 Starting processing file: 2025 - 01 - 13- Night Audit Packet.pdf
2025-05-10 16:49:11,444 | INFO | ✅ Processed Ledger Summary
2025-05-10 16:49:11,492 | INFO | ✅ Processed No Show Report
2025-05-10 16:49:11,513 | INFO | ✅ Processed Rate Discrepancy
2025-05-10 16:49:11,522 | INFO | ✅ Processed Ledger Summary
2025-05-10 16:49:11,530 | WARNING | ⚠️ No No Show Report data in 2025 - 01 - 07- Night Audit Packet.pdf
2025-05-10 16:49:11,601 | INFO | ✅ Processed Rate Discrepancy
2025-05-10 16:49:11,606 | INFO | ✅ Processed Hotel Journal Summary
2025-05-10 16:49:11,640 | INFO | ✅ Processed Hotel Journal Detail
2025-05-10 16:49:11,641 | INFO | ✅ Processed Ledger Summary
2025-05-10 16:49:11,645 | INFO | ✅ Processed Hotel Journal Summary
2025-05-10 16:49:11,646 | WARNING | ⚠️ No No Show Report data in 2025 - 01 - 03- Night Audit Packet.pdf
2025-05-10 16:49:11,657 | INFO | ✅ Processed Ledger Summary
2025-05-10 16:49:11,673 | WARNING | ⚠️ No No Show Report data in 2025 - 01 - 05- Night Audit Packet.pdf
2025-05-10 16:49:11,686 | INFO | ✅ Processed Reservation Activity → reservation_activity (8 rows)
2025-05-10 16:49:11,687 | INFO | ✅ Processed Rate Discrepancy
2025-05-10 16:49:11,689 | INFO | ✅ Processed Rate Discrepancy
2025-05-10 16:49:11,704 | INFO | ✅ Processed Hotel Journal Detail
2025-05-10 16:49:11,710 | INFO | ✅ Processed Shift Reconciliation → shift_reconciliation (2 rows)
2025-05-10 16:49:11,723 | INFO | ✅ Processed Shift Reconciliation → shift_summary (3 rows)
2025-05-10 16:49:11,728 | INFO | ✅ Processed Hotel Journal Summary
2025-05-10 16:49:11,731 | INFO | ✅ Processed Reservation Activity → reservation_activity (9 rows)
2025-05-10 16:49:11,737 | INFO | ✅ Processed Hotel Journal Summary
2025-05-10 16:49:11,746 | INFO | ✅ Processed Shift Reconciliation → shift_reconciliation (3 rows)
2025-05-10 16:49:11,747 | INFO | ✅ Processed Tax Exempt → exempt_revenue_tax (3 rows)
2025-05-10 16:49:11,756 | INFO | ✅ Processed Shift Reconciliation → shift_summary (3 rows)
2025-05-10 16:49:11,760 | INFO | ✅ Processed Tax Exempt → exempt_tax (2 rows)
2025-05-10 16:49:11,761 | INFO | ✅ Processed Hotel Journal Detail
2025-05-10 16:49:11,767 | INFO | ✅ Processed Hotel Journal Detail
2025-05-10 16:49:11,770 | INFO | ✅ Processed Tax Exempt → tax_exempt_revenue_summary (2 rows)
2025-05-10 16:49:11,780 | INFO | ✅ Processed Tax Exempt → exempt_revenue_tax (3 rows)
2025-05-10 16:49:11,780 | INFO | ✅ Processed Tax Exempt → tax_refund_revenue_summary (2 rows)
2025-05-10 16:49:11,784 | INFO | ✅ Processed Reservation Activity → reservation_activity (3 rows)
2025-05-10 16:49:11,785 | INFO | ✅ Processed Reservation Activity → reservation_activity (11 rows)
2025-05-10 16:49:11,788 | INFO | ✅ Processed Tax Exempt → exempt_tax (2 rows)
2025-05-10 16:49:11,795 | INFO | ✅ Processed Shift Reconciliation → shift_reconciliation (1 rows)
2025-05-10 16:49:11,797 | INFO | ✅ Processed Tax Exempt → tax_exempt_revenue_summary (2 rows)
2025-05-10 16:49:11,797 | INFO | ✅ Processed Shift Reconciliation → shift_reconciliation (1 rows)
2025-05-10 16:49:11,800 | INFO | ✅ Processed Gross Room Revenue → gross_room_revenue_detail (3 rows)
2025-05-10 16:49:11,805 | INFO | ✅ Processed Tax Exempt → tax_refund_revenue_summary (2 rows)
2025-05-10 16:49:11,807 | INFO | ✅ Processed Shift Reconciliation → shift_summary (3 rows)
2025-05-10 16:49:11,810 | INFO | ✅ Processed Shift Reconciliation → shift_summary (3 rows)
2025-05-10 16:49:11,834 | INFO | ✅ Processed Revenue by Rate Code → revenue_by_rate_code (12 rows)
2025-05-10 16:49:11,840 | INFO | ✅ Processed Gross Room Revenue → gross_room_revenue_detail (3 rows)
2025-05-10 16:49:11,843 | INFO | ✅ Processed Tax Exempt → exempt_revenue_tax (3 rows)
2025-05-10 16:49:11,846 | INFO | ✅ Processed Tax Exempt → exempt_revenue_tax (3 rows)
2025-05-10 16:49:11,850 | INFO | ✅ Processed Advance Deposit Journal → advance_deposit_journal (2 rows)
2025-05-10 16:49:11,853 | INFO | ✅ Completed 2025 - 01 - 04- Night Audit Packet.pdf | Rows loaded: 250 | Failed: None
2025-05-10 16:49:11,853 | INFO | ✅ Processed Tax Exempt → exempt_tax (2 rows)
2025-05-10 16:49:11,853 | ERROR | ❌ Failed to send email: 'function' object is not subscriptable
2025-05-10 16:49:11,855 | INFO | ✅ Processed Tax Exempt → exempt_tax (2 rows)
2025-05-10 16:49:11,865 | INFO | ✅ Processed Tax Exempt → tax_exempt_revenue_summary (2 rows)
2025-05-10 16:49:11,865 | INFO | ✅ Processed Tax Exempt → tax_exempt_revenue_summary (2 rows)
2025-05-10 16:49:11,871 | INFO | ✅ Processed Revenue by Rate Code → revenue_by_rate_code (17 rows)
2025-05-10 16:49:11,875 | INFO | ✅ Processed Tax Exempt → tax_refund_revenue_summary (2 rows)
2025-05-10 16:49:11,875 | INFO | ✅ Processed Tax Exempt → tax_refund_revenue_summary (2 rows)
2025-05-10 16:49:11,886 | INFO | ✅ Processed Advance Deposit Journal → advance_deposit_journal (2 rows)
2025-05-10 16:49:11,897 | INFO | ✅ Completed 2025 - 01 - 07- Night Audit Packet.pdf | Rows loaded: 254 | Failed: None
2025-05-10 16:49:11,898 | ERROR | ❌ Failed to send email: 'function' object is not subscriptable
2025-05-10 16:49:11,900 | INFO | ✅ Processed Gross Room Revenue → gross_room_revenue_detail (3 rows)
2025-05-10 16:49:11,913 | INFO | ✅ Processed Gross Room Revenue → gross_room_revenue_detail (3 rows)
2025-05-10 16:49:11,918 | INFO | 📄 Starting processing file: 2025 - 01 - 22- Night Audit Packet.pdf
2025-05-10 16:49:11,926 | INFO | ✅ Processed Revenue by Rate Code → revenue_by_rate_code (11 rows)
2025-05-10 16:49:11,950 | INFO | ✅ Processed Advance Deposit Journal → advance_deposit_journal (2 rows)
2025-05-10 16:49:11,958 | INFO | ✅ Processed Revenue by Rate Code → revenue_by_rate_code (13 rows)
2025-05-10 16:49:11,961 | WARNING | ⚠️ No Advance Deposit Journal data for advance_deposit_journal in 2025 - 01 - 05- Night Audit Packet.pdf
2025-05-10 16:49:11,962 | INFO | ✅ Completed 2025 - 01 - 03- Night Audit Packet.pdf | Rows loaded: 252 | Failed: None
2025-05-10 16:49:11,962 | ERROR | ❌ Failed to send email: 'function' object is not subscriptable
2025-05-10 16:49:11,963 | INFO | ✅ Completed 2025 - 01 - 05- Night Audit Packet.pdf | Rows loaded: 253 | Failed: None
2025-05-10 16:49:11,964 | ERROR | ❌ Failed to send email: 'function' object is not subscriptable
2025-05-10 16:49:11,976 | INFO | 📄 Starting processing file: 2025 - 02 - 04- Night Audit Packet.pdf
2025-05-10 16:49:12,024 | INFO | 📄 Starting processing file: 2025 - 02 - 07- Night Audit Packet.pdf
2025-05-10 16:49:12,049 | INFO | 📄 Starting processing file: 2025 - 02 - 14- Night Audit Packet.pdf
2025-05-10 16:49:12,782 | INFO | ✅ Processed Ledger Summary
2025-05-10 16:49:12,802 | INFO | ✅ Processed No Show Report
2025-05-10 16:49:12,824 | INFO | ✅ Processed Rate Discrepancy
2025-05-10 16:49:12,864 | INFO | ✅ Processed Hotel Journal Summary
2025-05-10 16:49:12,907 | INFO | ✅ Processed Hotel Journal Detail
2025-05-10 16:49:12,935 | INFO | ✅ Processed Reservation Activity → reservation_activity (15 rows)
2025-05-10 16:49:13,002 | INFO | ✅ Processed Shift Reconciliation → shift_reconciliation (1 rows)
2025-05-10 16:49:13,021 | INFO | ✅ Processed Shift Reconciliation → shift_summary (4 rows)
2025-05-10 16:49:13,053 | INFO | ✅ Processed Tax Exempt → exempt_revenue_tax (3 rows)
2025-05-10 16:49:13,072 | INFO | ✅ Processed Tax Exempt → exempt_tax (2 rows)
2025-05-10 16:49:13,084 | INFO | ✅ Processed Tax Exempt → tax_exempt_revenue_summary (2 rows)
2025-05-10 16:49:13,113 | INFO | ✅ Processed Tax Exempt → tax_refund_revenue_summary (2 rows)
2025-05-10 16:49:13,157 | INFO | ✅ Processed Gross Room Revenue → gross_room_revenue_detail (3 rows)
2025-05-10 16:49:13,194 | INFO | ✅ Processed Revenue by Rate Code → revenue_by_rate_code (19 rows)
2025-05-10 16:49:13,217 | INFO | ✅ Processed Advance Deposit Journal → advance_deposit_journal (1 rows)
2025-05-10 16:49:13,240 | INFO | ✅ Completed 2025 - 01 - 08- Night Audit Packet.pdf | Rows loaded: 259 | Failed: None
2025-05-10 16:49:13,248 | ERROR | ❌ Failed to send email: 'function' object is not subscriptable
2025-05-10 16:49:13,398 | INFO | 📄 Starting processing file: 2025 - 02 - 15- Night Audit Packet.pdf
2025-05-10 16:49:25,921 | INFO | ✅ Processed A/R Aging
2025-05-10 16:49:25,953 | INFO | ✅ Processed Transaction Closeout
2025-05-10 16:49:25,993 | INFO | ✅ Processed In-House List
2025-05-10 16:49:26,014 | INFO | ✅ Processed room_statistics
2025-05-10 16:49:26,035 | INFO | ✅ Processed performance_statistics
2025-05-10 16:49:26,055 | INFO | ✅ Processed guest_statistics
2025-05-10 16:49:26,071 | INFO | ✅ Processed Ledger Activity
2025-05-10 16:49:29,685 | INFO | ✅ Processed A/R Aging
2025-05-10 16:49:29,685 | INFO | ✅ Processed A/R Aging
2025-05-10 16:49:29,712 | INFO | ✅ Processed Transaction Closeout
2025-05-10 16:49:29,713 | INFO | ✅ Processed Transaction Closeout
2025-05-10 16:49:29,743 | INFO | ✅ Processed In-House List
2025-05-10 16:49:29,746 | INFO | ✅ Processed In-House List
2025-05-10 16:49:29,768 | INFO | ✅ Processed room_statistics
2025-05-10 16:49:29,780 | INFO | ✅ Processed room_statistics
2025-05-10 16:49:29,796 | INFO | ✅ Processed performance_statistics
2025-05-10 16:49:29,798 | INFO | ✅ Processed performance_statistics
2025-05-10 16:49:29,819 | INFO | ✅ Processed guest_statistics
2025-05-10 16:49:29,820 | INFO | ✅ Processed guest_statistics
2025-05-10 16:49:29,839 | INFO | ✅ Processed Ledger Activity
2025-05-10 16:49:29,840 | INFO | ✅ Processed Ledger Activity
2025-05-10 16:49:30,143 | INFO | ✅ Processed A/R Aging
2025-05-10 16:49:30,183 | INFO | ✅ Processed Transaction Closeout
2025-05-10 16:49:30,210 | INFO | ✅ Processed In-House List
2025-05-10 16:49:30,238 | INFO | ✅ Processed room_statistics
2025-05-10 16:49:30,253 | INFO | ✅ Processed performance_statistics
2025-05-10 16:49:30,266 | INFO | ✅ Processed guest_statistics
2025-05-10 16:49:30,281 | INFO | ✅ Processed Ledger Activity
2025-05-10 16:49:32,284 | INFO | ✅ Processed A/R Aging
2025-05-10 16:49:32,320 | INFO | ✅ Processed Transaction Closeout
2025-05-10 16:49:32,361 | INFO | ✅ Processed In-House List
2025-05-10 16:49:32,382 | INFO | ✅ Processed room_statistics
2025-05-10 16:49:32,397 | INFO | ✅ Processed performance_statistics
2025-05-10 16:49:32,408 | INFO | ✅ Processed guest_statistics
2025-05-10 16:49:32,424 | INFO | ✅ Processed Ledger Activity
2025-05-10 16:49:32,578 | INFO | ✅ Processed A/R Aging
2025-05-10 16:49:32,598 | INFO | ✅ Processed Transaction Closeout
2025-05-10 16:49:32,634 | INFO | ✅ Processed In-House List
2025-05-10 16:49:32,651 | INFO | ✅ Processed room_statistics
2025-05-10 16:49:32,663 | INFO | ✅ Processed performance_statistics
2025-05-10 16:49:32,674 | INFO | ✅ Processed guest_statistics
2025-05-10 16:49:32,695 | INFO | ✅ Processed Ledger Activity
2025-05-10 16:49:32,749 | INFO | ✅ Processed Ledger Summary
2025-05-10 16:49:32,753 | WARNING | ⚠️ No No Show Report data in 2025 - 01 - 09- Night Audit Packet.pdf
2025-05-10 16:49:32,773 | INFO | ✅ Processed Rate Discrepancy
2025-05-10 16:49:32,829 | INFO | ✅ Processed A/R Aging
2025-05-10 16:49:32,865 | INFO | ✅ Processed Transaction Closeout
2025-05-10 16:49:32,880 | INFO | ✅ Processed Hotel Journal Summary
2025-05-10 16:49:32,894 | INFO | ✅ Processed In-House List
2025-05-10 16:49:32,907 | INFO | ✅ Processed room_statistics
2025-05-10 16:49:32,908 | INFO | ✅ Processed Hotel Journal Detail
2025-05-10 16:49:32,924 | INFO | ✅ Processed performance_statistics
2025-05-10 16:49:32,929 | INFO | ✅ Processed Reservation Activity → reservation_activity (7 rows)
2025-05-10 16:49:32,935 | INFO | ✅ Processed guest_statistics
2025-05-10 16:49:32,940 | INFO | ✅ Processed Shift Reconciliation → shift_reconciliation (2 rows)
2025-05-10 16:49:32,949 | INFO | ✅ Processed Ledger Activity
2025-05-10 16:49:32,952 | INFO | ✅ Processed Shift Reconciliation → shift_summary (3 rows)
2025-05-10 16:49:32,979 | INFO | ✅ Processed Tax Exempt → exempt_revenue_tax (3 rows)
2025-05-10 16:49:32,988 | INFO | ✅ Processed Tax Exempt → exempt_tax (2 rows)
2025-05-10 16:49:32,999 | INFO | ✅ Processed Tax Exempt → tax_exempt_revenue_summary (2 rows)
2025-05-10 16:49:33,006 | INFO | ✅ Processed Tax Exempt → tax_refund_revenue_summary (2 rows)
2025-05-10 16:49:33,040 | INFO | ✅ Processed Gross Room Revenue → gross_room_revenue_detail (3 rows)
2025-05-10 16:49:33,081 | INFO | ✅ Processed Revenue by Rate Code → revenue_by_rate_code (20 rows)
2025-05-10 16:49:33,107 | INFO | ✅ Processed Advance Deposit Journal → advance_deposit_journal (1 rows)
2025-05-10 16:49:33,112 | INFO | ✅ Completed 2025 - 01 - 09- Night Audit Packet.pdf | Rows loaded: 256 | Failed: None
2025-05-10 16:49:33,112 | ERROR | ❌ Failed to send email: 'function' object is not subscriptable
2025-05-10 16:49:33,208 | INFO | 📄 Starting processing file: 2025 - 04 - 02- Night Audit Packet.pdf
2025-05-10 16:49:34,141 | INFO | ✅ Processed A/R Aging
2025-05-10 16:49:34,179 | INFO | ✅ Processed Transaction Closeout
2025-05-10 16:49:34,224 | INFO | ✅ Processed In-House List
2025-05-10 16:49:34,239 | INFO | ✅ Processed room_statistics
2025-05-10 16:49:34,255 | INFO | ✅ Processed performance_statistics
2025-05-10 16:49:34,278 | INFO | ✅ Processed guest_statistics
2025-05-10 16:49:34,291 | INFO | ✅ Processed Ledger Activity
2025-05-10 16:49:35,606 | INFO | ✅ Processed Ledger Summary
2025-05-10 16:49:35,637 | INFO | ✅ Processed No Show Report
2025-05-10 16:49:35,652 | INFO | ✅ Processed Rate Discrepancy
2025-05-10 16:49:35,679 | INFO | ✅ Processed Hotel Journal Summary
2025-05-10 16:49:35,713 | INFO | ✅ Processed Hotel Journal Detail
2025-05-10 16:49:35,732 | INFO | ✅ Processed Reservation Activity → reservation_activity (9 rows)
2025-05-10 16:49:35,751 | INFO | ✅ Processed Shift Reconciliation → shift_reconciliation (1 rows)
2025-05-10 16:49:35,763 | INFO | ✅ Processed Shift Reconciliation → shift_summary (3 rows)
2025-05-10 16:49:35,791 | INFO | ✅ Processed Tax Exempt → exempt_revenue_tax (3 rows)
2025-05-10 16:49:35,801 | INFO | ✅ Processed Tax Exempt → exempt_tax (2 rows)
2025-05-10 16:49:35,812 | INFO | ✅ Processed Tax Exempt → tax_exempt_revenue_summary (2 rows)
2025-05-10 16:49:35,832 | INFO | ✅ Processed Tax Exempt → tax_refund_revenue_summary (2 rows)
2025-05-10 16:49:35,856 | INFO | ✅ Processed Gross Room Revenue → gross_room_revenue_detail (3 rows)
2025-05-10 16:49:35,902 | INFO | ✅ Processed Revenue by Rate Code → revenue_by_rate_code (33 rows)
2025-05-10 16:49:35,915 | INFO | ✅ Processed Advance Deposit Journal → advance_deposit_journal (2 rows)
2025-05-10 16:49:35,920 | INFO | ✅ Completed 2025 - 01 - 22- Night Audit Packet.pdf | Rows loaded: 243 | Failed: None
2025-05-10 16:49:35,920 | ERROR | ❌ Failed to send email: 'function' object is not subscriptable
2025-05-10 16:49:36,376 | INFO | ✅ Processed Ledger Summary
2025-05-10 16:49:36,378 | WARNING | ⚠️ No No Show Report data in 2025 - 01 - 10- Night Audit Packet.pdf
2025-05-10 16:49:36,395 | INFO | ✅ Processed Rate Discrepancy
2025-05-10 16:49:36,412 | INFO | ✅ Processed Hotel Journal Summary
2025-05-10 16:49:36,448 | INFO | ✅ Processed Hotel Journal Detail
2025-05-10 16:49:36,474 | INFO | ✅ Processed Reservation Activity → reservation_activity (10 rows)
2025-05-10 16:49:36,496 | INFO | ✅ Processed Shift Reconciliation → shift_reconciliation (2 rows)
2025-05-10 16:49:36,508 | INFO | ✅ Processed Shift Reconciliation → shift_summary (3 rows)
2025-05-10 16:49:36,532 | INFO | ✅ Processed Tax Exempt → exempt_revenue_tax (3 rows)
2025-05-10 16:49:36,553 | INFO | ✅ Processed Tax Exempt → exempt_tax (2 rows)
2025-05-10 16:49:36,580 | INFO | ✅ Processed Tax Exempt → tax_exempt_revenue_summary (2 rows)
2025-05-10 16:49:36,594 | INFO | ✅ Processed Tax Exempt → tax_refund_revenue_summary (2 rows)
2025-05-10 16:49:36,624 | INFO | ✅ Processed Gross Room Revenue → gross_room_revenue_detail (3 rows)
2025-05-10 16:49:36,665 | INFO | ✅ Processed Revenue by Rate Code → revenue_by_rate_code (21 rows)
2025-05-10 16:49:36,666 | WARNING | ⚠️ No Advance Deposit Journal data for advance_deposit_journal in 2025 - 01 - 10- Night Audit Packet.pdf
2025-05-10 16:49:36,669 | INFO | ✅ Completed 2025 - 01 - 10- Night Audit Packet.pdf | Rows loaded: 276 | Failed: None
2025-05-10 16:49:36,670 | ERROR | ❌ Failed to send email: 'function' object is not subscriptable
2025-05-10 16:49:36,684 | INFO | ✅ Processed Ledger Summary
2025-05-10 16:49:36,687 | WARNING | ⚠️ No No Show Report data in 2025 - 01 - 13- Night Audit Packet.pdf
2025-05-10 16:49:36,702 | INFO | ✅ Processed Rate Discrepancy
2025-05-10 16:49:36,748 | INFO | ✅ Processed Hotel Journal Summary
2025-05-10 16:49:36,778 | INFO | ✅ Processed Hotel Journal Detail
2025-05-10 16:49:36,797 | INFO | ✅ Processed Reservation Activity → reservation_activity (9 rows)
2025-05-10 16:49:36,809 | INFO | ✅ Processed Shift Reconciliation → shift_reconciliation (2 rows)
2025-05-10 16:49:36,820 | INFO | ✅ Processed Shift Reconciliation → shift_summary (3 rows)
2025-05-10 16:49:36,839 | INFO | ✅ Processed Tax Exempt → exempt_revenue_tax (3 rows)
2025-05-10 16:49:36,854 | INFO | ✅ Processed Tax Exempt → exempt_tax (2 rows)
2025-05-10 16:49:36,862 | INFO | ✅ Processed Tax Exempt → tax_exempt_revenue_summary (2 rows)
2025-05-10 16:49:36,873 | INFO | ✅ Processed Tax Exempt → tax_refund_revenue_summary (2 rows)
2025-05-10 16:49:36,889 | INFO | ✅ Processed Gross Room Revenue → gross_room_revenue_detail (3 rows)
2025-05-10 16:49:36,929 | INFO | ✅ Processed Revenue by Rate Code → revenue_by_rate_code (24 rows)
2025-05-10 16:49:36,944 | INFO | ✅ Processed Advance Deposit Journal → advance_deposit_journal (2 rows)
2025-05-10 16:49:36,949 | INFO | ✅ Completed 2025 - 01 - 13- Night Audit Packet.pdf | Rows loaded: 275 | Failed: None
2025-05-10 16:49:36,949 | ERROR | ❌ Failed to send email: 'function' object is not subscriptable
2025-05-10 16:49:38,187 | INFO | ✅ Processed Ledger Summary
2025-05-10 16:49:38,189 | WARNING | ⚠️ No No Show Report data in 2025 - 02 - 07- Night Audit Packet.pdf
2025-05-10 16:49:38,198 | INFO | ✅ Processed Rate Discrepancy
2025-05-10 16:49:38,214 | INFO | ✅ Processed Hotel Journal Summary
2025-05-10 16:49:38,239 | INFO | ✅ Processed Hotel Journal Detail
2025-05-10 16:49:38,270 | INFO | ✅ Processed Reservation Activity → reservation_activity (15 rows)
2025-05-10 16:49:38,280 | INFO | ✅ Processed Shift Reconciliation → shift_reconciliation (1 rows)
2025-05-10 16:49:38,290 | INFO | ✅ Processed Shift Reconciliation → shift_summary (2 rows)
2025-05-10 16:49:38,319 | INFO | ✅ Processed Tax Exempt → exempt_revenue_tax (3 rows)
2025-05-10 16:49:38,328 | INFO | ✅ Processed Tax Exempt → exempt_tax (2 rows)
2025-05-10 16:49:38,338 | INFO | ✅ Processed Tax Exempt → tax_exempt_revenue_summary (2 rows)
2025-05-10 16:49:38,347 | INFO | ✅ Processed Tax Exempt → tax_refund_revenue_summary (2 rows)
2025-05-10 16:49:38,380 | INFO | ✅ Processed Gross Room Revenue → gross_room_revenue_detail (5 rows)
2025-05-10 16:49:38,413 | INFO | ✅ Processed Revenue by Rate Code → revenue_by_rate_code (40 rows)
2025-05-10 16:49:38,422 | INFO | ✅ Processed Advance Deposit Journal → advance_deposit_journal (2 rows)
2025-05-10 16:49:38,426 | INFO | ✅ Completed 2025 - 02 - 07- Night Audit Packet.pdf | Rows loaded: 241 | Failed: None
2025-05-10 16:49:38,426 | ERROR | ❌ Failed to send email: 'function' object is not subscriptable
2025-05-10 16:49:38,498 | INFO | ✅ Processed Ledger Summary
2025-05-10 16:49:38,501 | WARNING | ⚠️ No No Show Report data in 2025 - 02 - 04- Night Audit Packet.pdf
2025-05-10 16:49:38,518 | INFO | ✅ Processed Rate Discrepancy
2025-05-10 16:49:38,535 | INFO | ✅ Processed Hotel Journal Summary
2025-05-10 16:49:38,560 | INFO | ✅ Processed Hotel Journal Detail
2025-05-10 16:49:38,576 | INFO | ✅ Processed Reservation Activity → reservation_activity (8 rows)
2025-05-10 16:49:38,591 | INFO | ✅ Processed Shift Reconciliation → shift_reconciliation (2 rows)
2025-05-10 16:49:38,600 | INFO | ✅ Processed Shift Reconciliation → shift_summary (3 rows)
2025-05-10 16:49:38,614 | INFO | ✅ Processed Tax Exempt → exempt_revenue_tax (2 rows)
2025-05-10 16:49:38,619 | INFO | ✅ Processed Tax Exempt → exempt_tax (1 rows)
2025-05-10 16:49:38,624 | INFO | ✅ Processed Tax Exempt → tax_exempt_revenue_summary (1 rows)
2025-05-10 16:49:38,630 | INFO | ✅ Processed Tax Exempt → tax_refund_revenue_summary (2 rows)
2025-05-10 16:49:38,637 | INFO | ✅ Processed Ledger Summary
2025-05-10 16:49:38,638 | WARNING | ⚠️ No No Show Report data in 2025 - 02 - 14- Night Audit Packet.pdf
2025-05-10 16:49:38,640 | INFO | ✅ Processed Gross Room Revenue → gross_room_revenue_detail (5 rows)
2025-05-10 16:49:38,647 | INFO | ✅ Processed Rate Discrepancy
2025-05-10 16:49:38,658 | INFO | ✅ Processed Hotel Journal Summary
2025-05-10 16:49:38,660 | INFO | ✅ Processed Revenue by Rate Code → revenue_by_rate_code (40 rows)
2025-05-10 16:49:38,666 | INFO | ✅ Processed Advance Deposit Journal → advance_deposit_journal (1 rows)
2025-05-10 16:49:38,667 | INFO | ✅ Completed 2025 - 02 - 04- Night Audit Packet.pdf | Rows loaded: 286 | Failed: None
2025-05-10 16:49:38,668 | ERROR | ❌ Failed to send email: 'function' object is not subscriptable
2025-05-10 16:49:38,676 | INFO | ✅ Processed Hotel Journal Detail
2025-05-10 16:49:38,687 | INFO | ✅ Processed Reservation Activity → reservation_activity (8 rows)
2025-05-10 16:49:38,698 | INFO | ✅ Processed Shift Reconciliation → shift_reconciliation (2 rows)
2025-05-10 16:49:38,707 | INFO | ✅ Processed Shift Reconciliation → shift_summary (2 rows)
2025-05-10 16:49:38,729 | INFO | ✅ Processed Tax Exempt → exempt_revenue_tax (3 rows)
2025-05-10 16:49:38,735 | INFO | ✅ Processed Tax Exempt → exempt_tax (2 rows)
2025-05-10 16:49:38,740 | INFO | ✅ Processed Tax Exempt → tax_exempt_revenue_summary (2 rows)
2025-05-10 16:49:38,746 | INFO | ✅ Processed Tax Exempt → tax_refund_revenue_summary (2 rows)
2025-05-10 16:49:38,757 | INFO | ✅ Processed Gross Room Revenue → gross_room_revenue_detail (5 rows)
2025-05-10 16:49:38,776 | INFO | ✅ Processed Revenue by Rate Code → revenue_by_rate_code (44 rows)
2025-05-10 16:49:38,783 | INFO | ✅ Processed Advance Deposit Journal → advance_deposit_journal (1 rows)
2025-05-10 16:49:38,784 | INFO | ✅ Completed 2025 - 02 - 14- Night Audit Packet.pdf | Rows loaded: 266 | Failed: None
2025-05-10 16:49:38,784 | ERROR | ❌ Failed to send email: 'function' object is not subscriptable
2025-05-10 16:49:39,413 | INFO | ✅ Processed Ledger Summary
2025-05-10 16:49:39,414 | WARNING | ⚠️ No No Show Report data in 2025 - 02 - 15- Night Audit Packet.pdf
2025-05-10 16:49:39,422 | INFO | ✅ Processed Rate Discrepancy
2025-05-10 16:49:39,432 | INFO | ✅ Processed Hotel Journal Summary
2025-05-10 16:49:39,454 | INFO | ✅ Processed Hotel Journal Detail
2025-05-10 16:49:39,463 | INFO | ✅ Processed Reservation Activity → reservation_activity (9 rows)
2025-05-10 16:49:39,469 | INFO | ✅ Processed Shift Reconciliation → shift_reconciliation (2 rows)
2025-05-10 16:49:39,475 | INFO | ✅ Processed Shift Reconciliation → shift_summary (3 rows)
2025-05-10 16:49:39,488 | INFO | ✅ Processed Tax Exempt → exempt_revenue_tax (3 rows)
2025-05-10 16:49:39,493 | INFO | ✅ Processed Tax Exempt → exempt_tax (2 rows)
2025-05-10 16:49:39,498 | INFO | ✅ Processed Tax Exempt → tax_exempt_revenue_summary (2 rows)
2025-05-10 16:49:39,503 | INFO | ✅ Processed Tax Exempt → tax_refund_revenue_summary (2 rows)
2025-05-10 16:49:39,513 | INFO | ✅ Processed Gross Room Revenue → gross_room_revenue_detail (5 rows)
2025-05-10 16:49:39,540 | INFO | ✅ Processed Revenue by Rate Code → revenue_by_rate_code (46 rows)
2025-05-10 16:49:39,541 | WARNING | ⚠️ No Advance Deposit Journal data for advance_deposit_journal in 2025 - 02 - 15- Night Audit Packet.pdf
2025-05-10 16:49:39,542 | INFO | ✅ Completed 2025 - 02 - 15- Night Audit Packet.pdf | Rows loaded: 280 | Failed: None
2025-05-10 16:49:39,542 | ERROR | ❌ Failed to send email: 'function' object is not subscriptable
2025-05-10 16:49:44,118 | INFO | ✅ Processed A/R Aging
2025-05-10 16:49:44,130 | INFO | ✅ Processed Transaction Closeout
2025-05-10 16:49:44,141 | INFO | ✅ Processed In-House List
2025-05-10 16:49:44,149 | INFO | ✅ Processed room_statistics
2025-05-10 16:49:44,156 | INFO | ✅ Processed performance_statistics
2025-05-10 16:49:44,162 | INFO | ✅ Processed guest_statistics
2025-05-10 16:49:44,168 | INFO | ✅ Processed Ledger Activity
2025-05-10 16:49:46,976 | INFO | ✅ Processed Ledger Summary
2025-05-10 16:49:46,977 | WARNING | ⚠️ No No Show Report data in 2025 - 04 - 02- Night Audit Packet.pdf
2025-05-10 16:49:46,985 | INFO | ✅ Processed Rate Discrepancy
2025-05-10 16:49:46,994 | INFO | ✅ Processed Hotel Journal Summary
2025-05-10 16:49:47,012 | INFO | ✅ Processed Hotel Journal Detail
2025-05-10 16:49:47,023 | INFO | ✅ Processed Reservation Activity → reservation_activity (15 rows)
2025-05-10 16:49:47,029 | INFO | ✅ Processed Shift Reconciliation → shift_reconciliation (1 rows)
2025-05-10 16:49:47,035 | INFO | ✅ Processed Shift Reconciliation → shift_summary (4 rows)
2025-05-10 16:49:47,048 | INFO | ✅ Processed Tax Exempt → exempt_revenue_tax (3 rows)
2025-05-10 16:49:47,054 | INFO | ✅ Processed Tax Exempt → exempt_tax (2 rows)
2025-05-10 16:49:47,059 | INFO | ✅ Processed Tax Exempt → tax_exempt_revenue_summary (2 rows)
2025-05-10 16:49:47,064 | INFO | ✅ Processed Tax Exempt → tax_refund_revenue_summary (2 rows)
2025-05-10 16:49:47,074 | INFO | ✅ Processed Gross Room Revenue → gross_room_revenue_detail (5 rows)
2025-05-10 16:49:47,095 | INFO | ✅ Processed Revenue by Rate Code → revenue_by_rate_code (56 rows)
2025-05-10 16:49:47,096 | WARNING | ⚠️ No Advance Deposit Journal data for advance_deposit_journal in 2025 - 04 - 02- Night Audit Packet.pdf
2025-05-10 16:49:47,097 | INFO | ✅ Completed 2025 - 04 - 02- Night Audit Packet.pdf | Rows loaded: 241 | Failed: None
2025-05-10 16:49:47,097 | ERROR | ❌ Failed to send email: 'function' object is not subscriptable
