2025-05-10 23:59:12,746 | INFO | 📄 Starting processing file: 2025 - 01 - 02- Night Audit Packet.pdf
2025-05-10 23:59:12,746 | INFO | 📄 Starting processing file: 2025 - 01 - 01- Night Audit Packet.pdf
2025-05-10 23:59:12,748 | INFO | 📄 Starting processing file: 2025 - 01 - 03- Night Audit Packet.pdf
2025-05-10 23:59:12,783 | INFO | 📄 Starting processing file: 2025 - 01 - 04- Night Audit Packet.pdf
2025-05-10 23:59:12,801 | INFO | 📄 Starting processing file: 2025 - 01 - 05- Night Audit Packet.pdf
2025-05-10 23:59:12,847 | INFO | 📄 Starting processing file: 2025 - 01 - 07- Night Audit Packet.pdf
2025-05-10 23:59:12,854 | INFO | 📄 Starting processing file: 2025 - 01 - 06- Night Audit Packet.pdf
2025-05-10 23:59:12,915 | INFO | 📄 Starting processing file: 2025 - 01 - 08- Night Audit Packet.pdf
2025-05-10 23:59:27,946 | INFO | ✅ Processed A/R Aging
2025-05-10 23:59:27,979 | INFO | ✅ Processed Transaction Closeout
2025-05-10 23:59:28,022 | INFO | ✅ Processed In-House List
2025-05-10 23:59:28,056 | INFO | ✅ Processed room_statistics
2025-05-10 23:59:28,078 | INFO | ✅ Processed performance_statistics
2025-05-10 23:59:28,083 | INFO | ✅ Processed A/R Aging
2025-05-10 23:59:28,094 | INFO | ✅ Processed guest_statistics
2025-05-10 23:59:28,116 | INFO | ✅ Processed Transaction Closeout
2025-05-10 23:59:28,176 | INFO | ✅ Processed Ledger Activity
2025-05-10 23:59:28,367 | INFO | ✅ Processed In-House List
2025-05-10 23:59:28,511 | INFO | ✅ Processed room_statistics
2025-05-10 23:59:28,530 | INFO | ✅ Processed performance_statistics
2025-05-10 23:59:28,546 | INFO | ✅ Processed guest_statistics
2025-05-10 23:59:28,564 | INFO | ✅ Processed Ledger Activity
2025-05-10 23:59:28,706 | INFO | ✅ Processed A/R Aging
2025-05-10 23:59:28,755 | INFO | ✅ Processed Transaction Closeout
2025-05-10 23:59:28,791 | INFO | ✅ Processed In-House List
2025-05-10 23:59:28,816 | INFO | ✅ Processed room_statistics
2025-05-10 23:59:28,835 | INFO | ✅ Processed performance_statistics
2025-05-10 23:59:28,856 | INFO | ✅ Processed guest_statistics
2025-05-10 23:59:28,880 | INFO | ✅ Processed Ledger Activity
2025-05-10 23:59:29,056 | INFO | ✅ Processed A/R Aging
2025-05-10 23:59:29,086 | INFO | ✅ Processed Transaction Closeout
2025-05-10 23:59:29,115 | INFO | ✅ Processed In-House List
2025-05-10 23:59:29,135 | INFO | ✅ Processed room_statistics
2025-05-10 23:59:29,152 | INFO | ✅ Processed performance_statistics
2025-05-10 23:59:29,168 | INFO | ✅ Processed guest_statistics
2025-05-10 23:59:29,183 | INFO | ✅ Processed Ledger Activity
2025-05-10 23:59:29,421 | INFO | ✅ Processed A/R Aging
2025-05-10 23:59:29,443 | INFO | ✅ Processed Transaction Closeout
2025-05-10 23:59:29,485 | INFO | ✅ Processed In-House List
2025-05-10 23:59:29,503 | INFO | ✅ Processed room_statistics
2025-05-10 23:59:29,522 | INFO | ✅ Processed performance_statistics
2025-05-10 23:59:29,538 | INFO | ✅ Processed A/R Aging
2025-05-10 23:59:29,541 | INFO | ✅ Processed guest_statistics
2025-05-10 23:59:29,554 | INFO | ✅ Processed Ledger Activity
2025-05-10 23:59:29,560 | INFO | ✅ Processed Transaction Closeout
2025-05-10 23:59:29,595 | INFO | ✅ Processed In-House List
2025-05-10 23:59:29,607 | INFO | ✅ Processed A/R Aging
2025-05-10 23:59:29,611 | INFO | ✅ Processed room_statistics
2025-05-10 23:59:29,627 | INFO | ✅ Processed performance_statistics
2025-05-10 23:59:29,628 | INFO | ✅ Processed Transaction Closeout
2025-05-10 23:59:29,638 | INFO | ✅ Processed guest_statistics
2025-05-10 23:59:29,654 | INFO | ✅ Processed In-House List
2025-05-10 23:59:29,657 | INFO | ✅ Processed Ledger Activity
2025-05-10 23:59:29,676 | INFO | ✅ Processed room_statistics
2025-05-10 23:59:29,692 | INFO | ✅ Processed performance_statistics
2025-05-10 23:59:29,705 | INFO | ✅ Processed guest_statistics
2025-05-10 23:59:29,719 | INFO | ✅ Processed Ledger Activity
2025-05-10 23:59:30,263 | INFO | ✅ Processed A/R Aging
2025-05-10 23:59:30,293 | INFO | ✅ Processed Transaction Closeout
2025-05-10 23:59:30,328 | INFO | ✅ Processed In-House List
2025-05-10 23:59:30,347 | INFO | ✅ Processed room_statistics
2025-05-10 23:59:30,361 | INFO | ✅ Processed performance_statistics
2025-05-10 23:59:30,382 | INFO | ✅ Processed guest_statistics
2025-05-10 23:59:30,399 | INFO | ✅ Processed Ledger Activity
2025-05-10 23:59:35,725 | INFO | ✅ Processed Ledger Summary
2025-05-10 23:59:35,752 | WARNING | ⚠️ No No Show Report data in 2025 - 01 - 01- Night Audit Packet.pdf
2025-05-10 23:59:35,814 | INFO | ✅ Processed Rate Discrepancy
2025-05-10 23:59:35,975 | INFO | ✅ Processed Hotel Journal Summary
2025-05-10 23:59:36,044 | INFO | ✅ Processed Hotel Journal Detail
2025-05-10 23:59:36,105 | INFO | ✅ Processed Reservation Activity → reservation_activity (7 rows)
2025-05-10 23:59:36,128 | INFO | ✅ Processed Shift Reconciliation → shift_reconciliation (1 rows)
2025-05-10 23:59:36,152 | INFO | ✅ Processed Shift Reconciliation → shift_summary (3 rows)
2025-05-10 23:59:36,190 | INFO | ✅ Processed Tax Exempt → exempt_revenue_tax (2 rows)
2025-05-10 23:59:36,191 | WARNING | ⚠️ No Tax Exempt data for exempt_tax in 2025 - 01 - 01- Night Audit Packet.pdf
2025-05-10 23:59:36,191 | WARNING | ⚠️ No Tax Exempt data for tax_exempt_revenue_summary in 2025 - 01 - 01- Night Audit Packet.pdf
2025-05-10 23:59:36,208 | INFO | ✅ Processed Tax Exempt → tax_refund_revenue_summary (2 rows)
2025-05-10 23:59:36,238 | INFO | ✅ Processed Gross Room Revenue → gross_room_revenue_detail (3 rows)
2025-05-10 23:59:36,269 | INFO | ✅ Processed Revenue by Rate Code → revenue_by_rate_code (9 rows)
2025-05-10 23:59:36,298 | INFO | ✅ Processed Advance Deposit Journal → advance_deposit_journal (1 rows)
2025-05-10 23:59:36,302 | INFO | ✅ Completed 2025 - 01 - 01- Night Audit Packet.pdf | Rows loaded: 230 | Failed: None
2025-05-10 23:59:36,303 | ERROR | ❌ Failed to send email: 'function' object is not subscriptable
2025-05-10 23:59:36,361 | INFO | 📄 Starting processing file: 2025 - 01 - 09- Night Audit Packet.pdf
2025-05-10 23:59:36,487 | INFO | ✅ Processed Ledger Summary
2025-05-10 23:59:36,488 | WARNING | ⚠️ No No Show Report data in 2025 - 01 - 02- Night Audit Packet.pdf
2025-05-10 23:59:36,501 | INFO | ✅ Processed Rate Discrepancy
2025-05-10 23:59:36,537 | INFO | ✅ Processed Hotel Journal Summary
2025-05-10 23:59:36,560 | INFO | ✅ Processed Ledger Summary
2025-05-10 23:59:36,562 | WARNING | ⚠️ No No Show Report data in 2025 - 01 - 06- Night Audit Packet.pdf
2025-05-10 23:59:36,570 | INFO | ✅ Processed Hotel Journal Detail
2025-05-10 23:59:36,578 | INFO | ✅ Processed Rate Discrepancy
2025-05-10 23:59:36,598 | INFO | ✅ Processed Reservation Activity → reservation_activity (8 rows)
2025-05-10 23:59:36,604 | INFO | ✅ Processed Hotel Journal Summary
2025-05-10 23:59:36,631 | INFO | ✅ Processed Shift Reconciliation → shift_reconciliation (1 rows)
2025-05-10 23:59:36,644 | INFO | ✅ Processed Shift Reconciliation → shift_summary (3 rows)
2025-05-10 23:59:36,647 | INFO | ✅ Processed Hotel Journal Detail
2025-05-10 23:59:36,668 | INFO | ✅ Processed Reservation Activity → reservation_activity (3 rows)
2025-05-10 23:59:36,695 | INFO | ✅ Processed Tax Exempt → exempt_revenue_tax (3 rows)
2025-05-10 23:59:36,697 | INFO | ✅ Processed Shift Reconciliation → shift_reconciliation (2 rows)
2025-05-10 23:59:36,715 | INFO | ✅ Processed Shift Reconciliation → shift_summary (3 rows)
2025-05-10 23:59:36,727 | INFO | ✅ Processed Tax Exempt → exempt_tax (2 rows)
2025-05-10 23:59:36,745 | INFO | ✅ Processed Tax Exempt → tax_exempt_revenue_summary (2 rows)
2025-05-10 23:59:36,750 | INFO | ✅ Processed Tax Exempt → exempt_revenue_tax (3 rows)
2025-05-10 23:59:36,764 | INFO | ✅ Processed Tax Exempt → tax_refund_revenue_summary (2 rows)
2025-05-10 23:59:36,770 | INFO | ✅ Processed Tax Exempt → exempt_tax (2 rows)
2025-05-10 23:59:36,791 | INFO | ✅ Processed Tax Exempt → tax_exempt_revenue_summary (2 rows)
2025-05-10 23:59:36,805 | INFO | ✅ Processed Gross Room Revenue → gross_room_revenue_detail (3 rows)
2025-05-10 23:59:36,806 | INFO | ✅ Processed Tax Exempt → tax_refund_revenue_summary (2 rows)
2025-05-10 23:59:36,836 | INFO | ✅ Processed Gross Room Revenue → gross_room_revenue_detail (3 rows)
2025-05-10 23:59:36,845 | INFO | ✅ Processed Revenue by Rate Code → revenue_by_rate_code (11 rows)
2025-05-10 23:59:36,870 | INFO | ✅ Processed Advance Deposit Journal → advance_deposit_journal (2 rows)
2025-05-10 23:59:36,873 | INFO | ✅ Completed 2025 - 01 - 02- Night Audit Packet.pdf | Rows loaded: 245 | Failed: None
2025-05-10 23:59:36,873 | INFO | ✅ Processed Revenue by Rate Code → revenue_by_rate_code (15 rows)
2025-05-10 23:59:36,873 | ERROR | ❌ Failed to send email: 'function' object is not subscriptable
2025-05-10 23:59:36,877 | WARNING | ⚠️ No Advance Deposit Journal data for advance_deposit_journal in 2025 - 01 - 06- Night Audit Packet.pdf
2025-05-10 23:59:36,886 | INFO | ✅ Completed 2025 - 01 - 06- Night Audit Packet.pdf | Rows loaded: 246 | Failed: None
2025-05-10 23:59:36,886 | ERROR | ❌ Failed to send email: 'function' object is not subscriptable
2025-05-10 23:59:36,954 | INFO | 📄 Starting processing file: 2025 - 01 - 10- Night Audit Packet.pdf
2025-05-10 23:59:36,963 | INFO | 📄 Starting processing file: 2025 - 01 - 13- Night Audit Packet.pdf
2025-05-10 23:59:37,086 | INFO | ✅ Processed Ledger Summary
2025-05-10 23:59:37,087 | WARNING | ⚠️ No No Show Report data in 2025 - 01 - 05- Night Audit Packet.pdf
2025-05-10 23:59:37,120 | INFO | ✅ Processed Rate Discrepancy
2025-05-10 23:59:37,159 | INFO | ✅ Processed Hotel Journal Summary
2025-05-10 23:59:37,199 | INFO | ✅ Processed Hotel Journal Detail
2025-05-10 23:59:37,231 | INFO | ✅ Processed Reservation Activity → reservation_activity (3 rows)
2025-05-10 23:59:37,249 | INFO | ✅ Processed Shift Reconciliation → shift_reconciliation (1 rows)
2025-05-10 23:59:37,261 | INFO | ✅ Processed Shift Reconciliation → shift_summary (3 rows)
2025-05-10 23:59:37,317 | INFO | ✅ Processed Tax Exempt → exempt_revenue_tax (3 rows)
2025-05-10 23:59:37,354 | INFO | ✅ Processed Tax Exempt → exempt_tax (2 rows)
2025-05-10 23:59:37,370 | INFO | ✅ Processed Tax Exempt → tax_exempt_revenue_summary (2 rows)
2025-05-10 23:59:37,398 | INFO | ✅ Processed Tax Exempt → tax_refund_revenue_summary (2 rows)
2025-05-10 23:59:37,440 | INFO | ✅ Processed Gross Room Revenue → gross_room_revenue_detail (3 rows)
2025-05-10 23:59:37,481 | INFO | ✅ Processed Revenue by Rate Code → revenue_by_rate_code (13 rows)
2025-05-10 23:59:37,484 | WARNING | ⚠️ No Advance Deposit Journal data for advance_deposit_journal in 2025 - 01 - 05- Night Audit Packet.pdf
2025-05-10 23:59:37,488 | INFO | ✅ Completed 2025 - 01 - 05- Night Audit Packet.pdf | Rows loaded: 253 | Failed: None
2025-05-10 23:59:37,488 | ERROR | ❌ Failed to send email: 'function' object is not subscriptable
2025-05-10 23:59:37,553 | INFO | 📄 Starting processing file: 2025 - 01 - 22- Night Audit Packet.pdf
2025-05-10 23:59:37,781 | INFO | ✅ Processed Ledger Summary
2025-05-10 23:59:37,783 | WARNING | ⚠️ No No Show Report data in 2025 - 01 - 07- Night Audit Packet.pdf
2025-05-10 23:59:37,802 | INFO | ✅ Processed Rate Discrepancy
2025-05-10 23:59:37,827 | INFO | ✅ Processed Hotel Journal Summary
2025-05-10 23:59:37,874 | INFO | ✅ Processed Ledger Summary
2025-05-10 23:59:37,877 | WARNING | ⚠️ No No Show Report data in 2025 - 01 - 03- Night Audit Packet.pdf
2025-05-10 23:59:37,879 | INFO | ✅ Processed Hotel Journal Detail
2025-05-10 23:59:37,896 | INFO | ✅ Processed Rate Discrepancy
2025-05-10 23:59:37,920 | INFO | ✅ Processed Reservation Activity → reservation_activity (9 rows)
2025-05-10 23:59:37,934 | INFO | ✅ Processed Shift Reconciliation → shift_reconciliation (3 rows)
2025-05-10 23:59:37,939 | INFO | ✅ Processed Hotel Journal Summary
2025-05-10 23:59:37,950 | INFO | ✅ Processed Shift Reconciliation → shift_summary (3 rows)
2025-05-10 23:59:37,961 | INFO | ✅ Processed Ledger Summary
2025-05-10 23:59:37,976 | INFO | ✅ Processed Hotel Journal Detail
2025-05-10 23:59:37,978 | INFO | ✅ Processed Tax Exempt → exempt_revenue_tax (3 rows)
2025-05-10 23:59:37,988 | INFO | ✅ Processed Tax Exempt → exempt_tax (2 rows)
2025-05-10 23:59:37,994 | INFO | ✅ Processed No Show Report
2025-05-10 23:59:37,997 | INFO | ✅ Processed Tax Exempt → tax_exempt_revenue_summary (2 rows)
2025-05-10 23:59:38,005 | INFO | ✅ Processed Reservation Activity → reservation_activity (11 rows)
2025-05-10 23:59:38,017 | INFO | ✅ Processed Tax Exempt → tax_refund_revenue_summary (2 rows)
2025-05-10 23:59:38,018 | INFO | ✅ Processed Rate Discrepancy
2025-05-10 23:59:38,023 | INFO | ✅ Processed Shift Reconciliation → shift_reconciliation (1 rows)
2025-05-10 23:59:38,039 | INFO | ✅ Processed Shift Reconciliation → shift_summary (3 rows)
2025-05-10 23:59:38,041 | INFO | ✅ Processed Gross Room Revenue → gross_room_revenue_detail (3 rows)
2025-05-10 23:59:38,045 | INFO | ✅ Processed Hotel Journal Summary
2025-05-10 23:59:38,074 | INFO | ✅ Processed Revenue by Rate Code → revenue_by_rate_code (17 rows)
2025-05-10 23:59:38,082 | INFO | ✅ Processed Tax Exempt → exempt_revenue_tax (3 rows)
2025-05-10 23:59:38,093 | INFO | ✅ Processed Tax Exempt → exempt_tax (2 rows)
2025-05-10 23:59:38,101 | INFO | ✅ Processed Hotel Journal Detail
2025-05-10 23:59:38,102 | INFO | ✅ Processed Advance Deposit Journal → advance_deposit_journal (2 rows)
2025-05-10 23:59:38,105 | INFO | ✅ Processed Tax Exempt → tax_exempt_revenue_summary (2 rows)
2025-05-10 23:59:38,105 | INFO | ✅ Completed 2025 - 01 - 07- Night Audit Packet.pdf | Rows loaded: 254 | Failed: None
2025-05-10 23:59:38,106 | ERROR | ❌ Failed to send email: 'function' object is not subscriptable
2025-05-10 23:59:38,122 | INFO | ✅ Processed Reservation Activity → reservation_activity (8 rows)
2025-05-10 23:59:38,130 | INFO | ✅ Processed Tax Exempt → tax_refund_revenue_summary (2 rows)
2025-05-10 23:59:38,146 | INFO | ✅ Processed Shift Reconciliation → shift_reconciliation (2 rows)
2025-05-10 23:59:38,149 | INFO | ✅ Processed Gross Room Revenue → gross_room_revenue_detail (3 rows)
2025-05-10 23:59:38,156 | INFO | 📄 Starting processing file: 2025 - 02 - 04- Night Audit Packet.pdf
2025-05-10 23:59:38,158 | INFO | ✅ Processed Shift Reconciliation → shift_summary (3 rows)
2025-05-10 23:59:38,171 | INFO | ✅ Processed Revenue by Rate Code → revenue_by_rate_code (11 rows)
2025-05-10 23:59:38,190 | INFO | ✅ Processed Advance Deposit Journal → advance_deposit_journal (2 rows)
2025-05-10 23:59:38,201 | INFO | ✅ Completed 2025 - 01 - 03- Night Audit Packet.pdf | Rows loaded: 252 | Failed: None
2025-05-10 23:59:38,220 | ERROR | ❌ Failed to send email: 'function' object is not subscriptable
2025-05-10 23:59:38,260 | INFO | ✅ Processed Tax Exempt → exempt_revenue_tax (3 rows)
2025-05-10 23:59:38,271 | INFO | ✅ Processed Tax Exempt → exempt_tax (2 rows)
2025-05-10 23:59:38,286 | INFO | ✅ Processed Tax Exempt → tax_exempt_revenue_summary (2 rows)
2025-05-10 23:59:38,299 | INFO | 📄 Starting processing file: 2025 - 02 - 07- Night Audit Packet.pdf
2025-05-10 23:59:38,302 | INFO | ✅ Processed Tax Exempt → tax_refund_revenue_summary (2 rows)
2025-05-10 23:59:38,325 | INFO | ✅ Processed Gross Room Revenue → gross_room_revenue_detail (3 rows)
2025-05-10 23:59:38,345 | INFO | ✅ Processed Revenue by Rate Code → revenue_by_rate_code (12 rows)
2025-05-10 23:59:38,356 | INFO | ✅ Processed Advance Deposit Journal → advance_deposit_journal (2 rows)
2025-05-10 23:59:38,359 | INFO | ✅ Completed 2025 - 01 - 04- Night Audit Packet.pdf | Rows loaded: 250 | Failed: None
2025-05-10 23:59:38,359 | ERROR | ❌ Failed to send email: 'function' object is not subscriptable
2025-05-10 23:59:38,413 | INFO | 📄 Starting processing file: 2025 - 02 - 14- Night Audit Packet.pdf
2025-05-10 23:59:39,349 | INFO | ✅ Processed Ledger Summary
2025-05-10 23:59:39,373 | INFO | ✅ Processed No Show Report
2025-05-10 23:59:39,391 | INFO | ✅ Processed Rate Discrepancy
2025-05-10 23:59:39,431 | INFO | ✅ Processed Hotel Journal Summary
2025-05-10 23:59:39,474 | INFO | ✅ Processed Hotel Journal Detail
2025-05-10 23:59:39,500 | INFO | ✅ Processed Reservation Activity → reservation_activity (15 rows)
2025-05-10 23:59:39,512 | INFO | ✅ Processed Shift Reconciliation → shift_reconciliation (1 rows)
2025-05-10 23:59:39,526 | INFO | ✅ Processed Shift Reconciliation → shift_summary (4 rows)
2025-05-10 23:59:39,560 | INFO | ✅ Processed Tax Exempt → exempt_revenue_tax (3 rows)
2025-05-10 23:59:39,573 | INFO | ✅ Processed Tax Exempt → exempt_tax (2 rows)
2025-05-10 23:59:39,585 | INFO | ✅ Processed Tax Exempt → tax_exempt_revenue_summary (2 rows)
2025-05-10 23:59:39,595 | INFO | ✅ Processed Tax Exempt → tax_refund_revenue_summary (2 rows)
2025-05-10 23:59:39,622 | INFO | ✅ Processed Gross Room Revenue → gross_room_revenue_detail (3 rows)
2025-05-10 23:59:39,656 | INFO | ✅ Processed Revenue by Rate Code → revenue_by_rate_code (19 rows)
2025-05-10 23:59:39,689 | INFO | ✅ Processed Advance Deposit Journal → advance_deposit_journal (1 rows)
2025-05-10 23:59:39,699 | INFO | ✅ Completed 2025 - 01 - 08- Night Audit Packet.pdf | Rows loaded: 259 | Failed: None
2025-05-10 23:59:39,699 | ERROR | ❌ Failed to send email: 'function' object is not subscriptable
2025-05-10 23:59:39,794 | INFO | 📄 Starting processing file: 2025 - 02 - 15- Night Audit Packet.pdf
2025-05-10 23:59:55,703 | INFO | ✅ Processed A/R Aging
2025-05-10 23:59:55,723 | INFO | ✅ Processed Transaction Closeout
2025-05-10 23:59:55,754 | INFO | ✅ Processed In-House List
2025-05-10 23:59:55,774 | INFO | ✅ Processed room_statistics
2025-05-10 23:59:55,789 | INFO | ✅ Processed performance_statistics
2025-05-10 23:59:55,806 | INFO | ✅ Processed guest_statistics
2025-05-10 23:59:55,821 | INFO | ✅ Processed Ledger Activity
2025-05-10 23:59:56,508 | INFO | ✅ Processed A/R Aging
2025-05-10 23:59:56,533 | INFO | ✅ Processed Transaction Closeout
2025-05-10 23:59:56,562 | INFO | ✅ Processed In-House List
2025-05-10 23:59:56,579 | INFO | ✅ Processed room_statistics
2025-05-10 23:59:56,594 | INFO | ✅ Processed performance_statistics
2025-05-10 23:59:56,611 | INFO | ✅ Processed guest_statistics
2025-05-10 23:59:56,645 | INFO | ✅ Processed Ledger Activity
2025-05-10 23:59:57,603 | INFO | ✅ Processed A/R Aging
2025-05-10 23:59:57,623 | INFO | ✅ Processed Transaction Closeout
2025-05-10 23:59:57,655 | INFO | ✅ Processed In-House List
2025-05-10 23:59:57,680 | INFO | ✅ Processed room_statistics
2025-05-10 23:59:57,699 | INFO | ✅ Processed performance_statistics
2025-05-10 23:59:57,728 | INFO | ✅ Processed guest_statistics
2025-05-10 23:59:57,745 | INFO | ✅ Processed Ledger Activity
2025-05-10 23:59:58,038 | INFO | ✅ Processed A/R Aging
2025-05-10 23:59:58,057 | INFO | ✅ Processed Transaction Closeout
2025-05-10 23:59:58,100 | INFO | ✅ Processed In-House List
2025-05-10 23:59:58,125 | INFO | ✅ Processed room_statistics
2025-05-10 23:59:58,145 | INFO | ✅ Processed performance_statistics
2025-05-10 23:59:58,169 | INFO | ✅ Processed guest_statistics
2025-05-10 23:59:58,203 | INFO | ✅ Processed Ledger Activity
2025-05-10 23:59:59,874 | INFO | ✅ Processed A/R Aging
2025-05-10 23:59:59,900 | INFO | ✅ Processed Transaction Closeout
2025-05-10 23:59:59,933 | INFO | ✅ Processed In-House List
2025-05-10 23:59:59,946 | INFO | ✅ Processed room_statistics
2025-05-10 23:59:59,959 | INFO | ✅ Processed A/R Aging
2025-05-10 23:59:59,959 | INFO | ✅ Processed performance_statistics
2025-05-10 23:59:59,982 | INFO | ✅ Processed guest_statistics
2025-05-10 23:59:59,982 | INFO | ✅ Processed Transaction Closeout
2025-05-11 00:00:00,002 | INFO | ✅ Processed Ledger Activity
2025-05-11 00:00:00,018 | INFO | ✅ Processed In-House List
2025-05-11 00:00:00,036 | INFO | ✅ Processed room_statistics
2025-05-11 00:00:00,069 | INFO | ✅ Processed performance_statistics
2025-05-11 00:00:00,083 | INFO | ✅ Processed guest_statistics
2025-05-11 00:00:00,099 | INFO | ✅ Processed Ledger Activity
2025-05-11 00:00:00,529 | INFO | ✅ Processed A/R Aging
2025-05-11 00:00:00,546 | INFO | ✅ Processed Transaction Closeout
2025-05-11 00:00:00,566 | INFO | ✅ Processed In-House List
2025-05-11 00:00:00,581 | INFO | ✅ Processed room_statistics
2025-05-11 00:00:00,595 | INFO | ✅ Processed performance_statistics
2025-05-11 00:00:00,627 | INFO | ✅ Processed guest_statistics
2025-05-11 00:00:00,652 | INFO | ✅ Processed Ledger Activity
2025-05-11 00:00:01,663 | INFO | ✅ Processed Ledger Summary
2025-05-11 00:00:01,665 | WARNING | ⚠️ No No Show Report data in 2025 - 01 - 09- Night Audit Packet.pdf
2025-05-11 00:00:01,697 | INFO | ✅ Processed Rate Discrepancy
2025-05-11 00:00:01,751 | INFO | ✅ Processed Hotel Journal Summary
2025-05-11 00:00:01,791 | INFO | ✅ Processed Hotel Journal Detail
2025-05-11 00:00:01,817 | INFO | ✅ Processed Reservation Activity → reservation_activity (7 rows)
2025-05-11 00:00:01,832 | INFO | ✅ Processed Shift Reconciliation → shift_reconciliation (2 rows)
2025-05-11 00:00:01,850 | INFO | ✅ Processed Shift Reconciliation → shift_summary (3 rows)
2025-05-11 00:00:01,891 | INFO | ✅ Processed Tax Exempt → exempt_revenue_tax (3 rows)
2025-05-11 00:00:01,903 | INFO | ✅ Processed Tax Exempt → exempt_tax (2 rows)
2025-05-11 00:00:01,915 | INFO | ✅ Processed Tax Exempt → tax_exempt_revenue_summary (2 rows)
2025-05-11 00:00:01,929 | INFO | ✅ Processed Tax Exempt → tax_refund_revenue_summary (2 rows)
2025-05-11 00:00:01,952 | INFO | ✅ Processed Gross Room Revenue → gross_room_revenue_detail (3 rows)
2025-05-11 00:00:01,987 | INFO | ✅ Processed Revenue by Rate Code → revenue_by_rate_code (20 rows)
2025-05-11 00:00:02,008 | INFO | ✅ Processed Advance Deposit Journal → advance_deposit_journal (1 rows)
2025-05-11 00:00:02,014 | INFO | ✅ Completed 2025 - 01 - 09- Night Audit Packet.pdf | Rows loaded: 256 | Failed: None
2025-05-11 00:00:02,014 | ERROR | ❌ Failed to send email: 'function' object is not subscriptable
2025-05-11 00:00:02,112 | INFO | 📄 Starting processing file: 2025 - 04 - 02- Night Audit Packet.pdf
2025-05-11 00:00:02,292 | INFO | ✅ Processed A/R Aging
2025-05-11 00:00:02,327 | INFO | ✅ Processed Transaction Closeout
2025-05-11 00:00:02,384 | INFO | ✅ Processed In-House List
2025-05-11 00:00:02,405 | INFO | ✅ Processed room_statistics
2025-05-11 00:00:02,432 | INFO | ✅ Processed performance_statistics
2025-05-11 00:00:02,447 | INFO | ✅ Processed guest_statistics
2025-05-11 00:00:02,462 | INFO | ✅ Processed Ledger Activity
2025-05-11 00:00:02,935 | INFO | ✅ Processed Ledger Summary
2025-05-11 00:00:02,969 | INFO | ✅ Processed No Show Report
2025-05-11 00:00:02,990 | INFO | ✅ Processed Rate Discrepancy
2025-05-11 00:00:03,036 | INFO | ✅ Processed Hotel Journal Summary
2025-05-11 00:00:03,083 | INFO | ✅ Processed Hotel Journal Detail
2025-05-11 00:00:03,109 | INFO | ✅ Processed Reservation Activity → reservation_activity (9 rows)
2025-05-11 00:00:03,122 | INFO | ✅ Processed Shift Reconciliation → shift_reconciliation (1 rows)
2025-05-11 00:00:03,132 | INFO | ✅ Processed Shift Reconciliation → shift_summary (3 rows)
2025-05-11 00:00:03,147 | INFO | ✅ Processed Tax Exempt → exempt_revenue_tax (3 rows)
2025-05-11 00:00:03,157 | INFO | ✅ Processed Tax Exempt → exempt_tax (2 rows)
2025-05-11 00:00:03,170 | INFO | ✅ Processed Tax Exempt → tax_exempt_revenue_summary (2 rows)
2025-05-11 00:00:03,188 | INFO | ✅ Processed Tax Exempt → tax_refund_revenue_summary (2 rows)
2025-05-11 00:00:03,212 | INFO | ✅ Processed Gross Room Revenue → gross_room_revenue_detail (3 rows)
2025-05-11 00:00:03,277 | INFO | ✅ Processed Revenue by Rate Code → revenue_by_rate_code (33 rows)
2025-05-11 00:00:03,303 | INFO | ✅ Processed Advance Deposit Journal → advance_deposit_journal (2 rows)
2025-05-11 00:00:03,314 | INFO | ✅ Completed 2025 - 01 - 22- Night Audit Packet.pdf | Rows loaded: 243 | Failed: None
2025-05-11 00:00:03,315 | ERROR | ❌ Failed to send email: 'function' object is not subscriptable
2025-05-11 00:00:04,738 | INFO | ✅ Processed Ledger Summary
2025-05-11 00:00:04,740 | INFO | ✅ Processed Ledger Summary
2025-05-11 00:00:04,741 | WARNING | ⚠️ No No Show Report data in 2025 - 01 - 10- Night Audit Packet.pdf
2025-05-11 00:00:04,742 | WARNING | ⚠️ No No Show Report data in 2025 - 01 - 13- Night Audit Packet.pdf
2025-05-11 00:00:04,758 | INFO | ✅ Processed Rate Discrepancy
2025-05-11 00:00:04,760 | INFO | ✅ Processed Rate Discrepancy
2025-05-11 00:00:04,819 | INFO | ✅ Processed Hotel Journal Summary
2025-05-11 00:00:04,819 | INFO | ✅ Processed Hotel Journal Summary
2025-05-11 00:00:04,866 | INFO | ✅ Processed Hotel Journal Detail
2025-05-11 00:00:04,866 | INFO | ✅ Processed Hotel Journal Detail
2025-05-11 00:00:04,892 | INFO | ✅ Processed Reservation Activity → reservation_activity (10 rows)
2025-05-11 00:00:04,892 | INFO | ✅ Processed Reservation Activity → reservation_activity (9 rows)
2025-05-11 00:00:04,904 | INFO | ✅ Processed Shift Reconciliation → shift_reconciliation (2 rows)
2025-05-11 00:00:04,905 | INFO | ✅ Processed Shift Reconciliation → shift_reconciliation (2 rows)
2025-05-11 00:00:04,912 | INFO | ✅ Processed Shift Reconciliation → shift_summary (3 rows)
2025-05-11 00:00:04,919 | INFO | ✅ Processed Shift Reconciliation → shift_summary (3 rows)
2025-05-11 00:00:04,938 | INFO | ✅ Processed Tax Exempt → exempt_revenue_tax (3 rows)
2025-05-11 00:00:04,939 | INFO | ✅ Processed Tax Exempt → exempt_revenue_tax (3 rows)
2025-05-11 00:00:04,946 | INFO | ✅ Processed Tax Exempt → exempt_tax (2 rows)
2025-05-11 00:00:04,950 | INFO | ✅ Processed Tax Exempt → exempt_tax (2 rows)
2025-05-11 00:00:04,957 | INFO | ✅ Processed Tax Exempt → tax_exempt_revenue_summary (2 rows)
2025-05-11 00:00:04,957 | INFO | ✅ Processed Tax Exempt → tax_exempt_revenue_summary (2 rows)
2025-05-11 00:00:04,968 | INFO | ✅ Processed Tax Exempt → tax_refund_revenue_summary (2 rows)
2025-05-11 00:00:04,969 | INFO | ✅ Processed Tax Exempt → tax_refund_revenue_summary (2 rows)
2025-05-11 00:00:05,035 | INFO | ✅ Processed Gross Room Revenue → gross_room_revenue_detail (3 rows)
2025-05-11 00:00:05,079 | INFO | ✅ Processed Gross Room Revenue → gross_room_revenue_detail (3 rows)
2025-05-11 00:00:05,103 | INFO | ✅ Processed Revenue by Rate Code → revenue_by_rate_code (21 rows)
2025-05-11 00:00:05,105 | WARNING | ⚠️ No Advance Deposit Journal data for advance_deposit_journal in 2025 - 01 - 10- Night Audit Packet.pdf
2025-05-11 00:00:05,114 | INFO | ✅ Completed 2025 - 01 - 10- Night Audit Packet.pdf | Rows loaded: 276 | Failed: None
2025-05-11 00:00:05,114 | ERROR | ❌ Failed to send email: 'function' object is not subscriptable
2025-05-11 00:00:05,120 | INFO | ✅ Processed Revenue by Rate Code → revenue_by_rate_code (24 rows)
2025-05-11 00:00:05,138 | INFO | ✅ Processed Advance Deposit Journal → advance_deposit_journal (2 rows)
2025-05-11 00:00:05,140 | INFO | ✅ Completed 2025 - 01 - 13- Night Audit Packet.pdf | Rows loaded: 275 | Failed: None
2025-05-11 00:00:05,140 | ERROR | ❌ Failed to send email: 'function' object is not subscriptable
2025-05-11 00:00:06,342 | INFO | ✅ Processed Ledger Summary
2025-05-11 00:00:06,344 | WARNING | ⚠️ No No Show Report data in 2025 - 02 - 07- Night Audit Packet.pdf
2025-05-11 00:00:06,358 | INFO | ✅ Processed Rate Discrepancy
2025-05-11 00:00:06,393 | INFO | ✅ Processed Hotel Journal Summary
2025-05-11 00:00:06,421 | INFO | ✅ Processed Hotel Journal Detail
2025-05-11 00:00:06,441 | INFO | ✅ Processed Reservation Activity → reservation_activity (15 rows)
2025-05-11 00:00:06,455 | INFO | ✅ Processed Shift Reconciliation → shift_reconciliation (1 rows)
2025-05-11 00:00:06,469 | INFO | ✅ Processed Shift Reconciliation → shift_summary (2 rows)
2025-05-11 00:00:06,490 | INFO | ✅ Processed Tax Exempt → exempt_revenue_tax (3 rows)
2025-05-11 00:00:06,497 | INFO | ✅ Processed Tax Exempt → exempt_tax (2 rows)
2025-05-11 00:00:06,508 | INFO | ✅ Processed Tax Exempt → tax_exempt_revenue_summary (2 rows)
2025-05-11 00:00:06,519 | INFO | ✅ Processed Tax Exempt → tax_refund_revenue_summary (2 rows)
2025-05-11 00:00:06,540 | INFO | ✅ Processed Gross Room Revenue → gross_room_revenue_detail (5 rows)
2025-05-11 00:00:06,570 | INFO | ✅ Processed Revenue by Rate Code → revenue_by_rate_code (40 rows)
2025-05-11 00:00:06,581 | INFO | ✅ Processed Advance Deposit Journal → advance_deposit_journal (2 rows)
2025-05-11 00:00:06,583 | INFO | ✅ Completed 2025 - 02 - 07- Night Audit Packet.pdf | Rows loaded: 241 | Failed: None
2025-05-11 00:00:06,583 | ERROR | ❌ Failed to send email: 'function' object is not subscriptable
2025-05-11 00:00:06,801 | INFO | ✅ Processed Ledger Summary
2025-05-11 00:00:06,803 | WARNING | ⚠️ No No Show Report data in 2025 - 02 - 04- Night Audit Packet.pdf
2025-05-11 00:00:06,816 | INFO | ✅ Processed Rate Discrepancy
2025-05-11 00:00:06,833 | INFO | ✅ Processed Hotel Journal Summary
2025-05-11 00:00:06,858 | INFO | ✅ Processed Hotel Journal Detail
2025-05-11 00:00:06,870 | INFO | ✅ Processed Reservation Activity → reservation_activity (8 rows)
2025-05-11 00:00:06,877 | INFO | ✅ Processed Shift Reconciliation → shift_reconciliation (2 rows)
2025-05-11 00:00:06,883 | INFO | ✅ Processed Shift Reconciliation → shift_summary (3 rows)
2025-05-11 00:00:06,908 | INFO | ✅ Processed Tax Exempt → exempt_revenue_tax (2 rows)
2025-05-11 00:00:06,916 | INFO | ✅ Processed Ledger Summary
2025-05-11 00:00:06,917 | WARNING | ⚠️ No No Show Report data in 2025 - 02 - 14- Night Audit Packet.pdf
2025-05-11 00:00:06,920 | INFO | ✅ Processed Tax Exempt → exempt_tax (1 rows)
2025-05-11 00:00:06,926 | INFO | ✅ Processed Tax Exempt → tax_exempt_revenue_summary (1 rows)
2025-05-11 00:00:06,928 | INFO | ✅ Processed Rate Discrepancy
2025-05-11 00:00:06,932 | INFO | ✅ Processed Tax Exempt → tax_refund_revenue_summary (2 rows)
2025-05-11 00:00:06,941 | INFO | ✅ Processed Hotel Journal Summary
2025-05-11 00:00:06,946 | INFO | ✅ Processed Gross Room Revenue → gross_room_revenue_detail (5 rows)
2025-05-11 00:00:06,968 | INFO | ✅ Processed Hotel Journal Detail
2025-05-11 00:00:06,982 | INFO | ✅ Processed Revenue by Rate Code → revenue_by_rate_code (40 rows)
2025-05-11 00:00:06,994 | INFO | ✅ Processed Reservation Activity → reservation_activity (8 rows)
2025-05-11 00:00:06,996 | INFO | ✅ Processed Advance Deposit Journal → advance_deposit_journal (1 rows)
2025-05-11 00:00:06,997 | INFO | ✅ Completed 2025 - 02 - 04- Night Audit Packet.pdf | Rows loaded: 286 | Failed: None
2025-05-11 00:00:06,997 | ERROR | ❌ Failed to send email: 'function' object is not subscriptable
2025-05-11 00:00:07,002 | INFO | ✅ Processed Shift Reconciliation → shift_reconciliation (2 rows)
2025-05-11 00:00:07,009 | INFO | ✅ Processed Shift Reconciliation → shift_summary (2 rows)
2025-05-11 00:00:07,027 | INFO | ✅ Processed Tax Exempt → exempt_revenue_tax (3 rows)
2025-05-11 00:00:07,036 | INFO | ✅ Processed Tax Exempt → exempt_tax (2 rows)
2025-05-11 00:00:07,047 | INFO | ✅ Processed Tax Exempt → tax_exempt_revenue_summary (2 rows)
2025-05-11 00:00:07,054 | INFO | ✅ Processed Tax Exempt → tax_refund_revenue_summary (2 rows)
2025-05-11 00:00:07,088 | INFO | ✅ Processed Gross Room Revenue → gross_room_revenue_detail (5 rows)
2025-05-11 00:00:07,109 | INFO | ✅ Processed Revenue by Rate Code → revenue_by_rate_code (44 rows)
2025-05-11 00:00:07,117 | INFO | ✅ Processed Advance Deposit Journal → advance_deposit_journal (1 rows)
2025-05-11 00:00:07,119 | INFO | ✅ Completed 2025 - 02 - 14- Night Audit Packet.pdf | Rows loaded: 266 | Failed: None
2025-05-11 00:00:07,119 | ERROR | ❌ Failed to send email: 'function' object is not subscriptable
2025-05-11 00:00:07,830 | INFO | ✅ Processed Ledger Summary
2025-05-11 00:00:07,831 | WARNING | ⚠️ No No Show Report data in 2025 - 02 - 15- Night Audit Packet.pdf
2025-05-11 00:00:07,839 | INFO | ✅ Processed Rate Discrepancy
2025-05-11 00:00:07,854 | INFO | ✅ Processed Hotel Journal Summary
2025-05-11 00:00:07,877 | INFO | ✅ Processed Hotel Journal Detail
2025-05-11 00:00:07,887 | INFO | ✅ Processed Reservation Activity → reservation_activity (9 rows)
2025-05-11 00:00:07,910 | INFO | ✅ Processed Shift Reconciliation → shift_reconciliation (2 rows)
2025-05-11 00:00:07,915 | INFO | ✅ Processed Shift Reconciliation → shift_summary (3 rows)
2025-05-11 00:00:07,928 | INFO | ✅ Processed Tax Exempt → exempt_revenue_tax (3 rows)
2025-05-11 00:00:07,932 | INFO | ✅ Processed Tax Exempt → exempt_tax (2 rows)
2025-05-11 00:00:07,937 | INFO | ✅ Processed Tax Exempt → tax_exempt_revenue_summary (2 rows)
2025-05-11 00:00:07,941 | INFO | ✅ Processed Tax Exempt → tax_refund_revenue_summary (2 rows)
2025-05-11 00:00:07,957 | INFO | ✅ Processed Gross Room Revenue → gross_room_revenue_detail (5 rows)
2025-05-11 00:00:07,978 | INFO | ✅ Processed Revenue by Rate Code → revenue_by_rate_code (46 rows)
2025-05-11 00:00:07,980 | WARNING | ⚠️ No Advance Deposit Journal data for advance_deposit_journal in 2025 - 02 - 15- Night Audit Packet.pdf
2025-05-11 00:00:07,982 | INFO | ✅ Completed 2025 - 02 - 15- Night Audit Packet.pdf | Rows loaded: 280 | Failed: None
2025-05-11 00:00:07,982 | ERROR | ❌ Failed to send email: 'function' object is not subscriptable
2025-05-11 00:00:13,247 | INFO | ✅ Processed A/R Aging
2025-05-11 00:00:13,266 | INFO | ✅ Processed Transaction Closeout
2025-05-11 00:00:13,282 | INFO | ✅ Processed In-House List
2025-05-11 00:00:13,307 | INFO | ✅ Processed room_statistics
2025-05-11 00:00:13,312 | INFO | ✅ Processed performance_statistics
2025-05-11 00:00:13,316 | INFO | ✅ Processed guest_statistics
2025-05-11 00:00:13,320 | INFO | ✅ Processed Ledger Activity
2025-05-11 00:00:15,930 | INFO | ✅ Processed Ledger Summary
2025-05-11 00:00:15,931 | WARNING | ⚠️ No No Show Report data in 2025 - 04 - 02- Night Audit Packet.pdf
2025-05-11 00:00:15,938 | INFO | ✅ Processed Rate Discrepancy
2025-05-11 00:00:15,950 | INFO | ✅ Processed Hotel Journal Summary
2025-05-11 00:00:15,977 | INFO | ✅ Processed Hotel Journal Detail
2025-05-11 00:00:15,986 | INFO | ✅ Processed Reservation Activity → reservation_activity (15 rows)
2025-05-11 00:00:15,991 | INFO | ✅ Processed Shift Reconciliation → shift_reconciliation (1 rows)
2025-05-11 00:00:15,996 | INFO | ✅ Processed Shift Reconciliation → shift_summary (4 rows)
2025-05-11 00:00:16,007 | INFO | ✅ Processed Tax Exempt → exempt_revenue_tax (3 rows)
2025-05-11 00:00:16,013 | INFO | ✅ Processed Tax Exempt → exempt_tax (2 rows)
2025-05-11 00:00:16,017 | INFO | ✅ Processed Tax Exempt → tax_exempt_revenue_summary (2 rows)
2025-05-11 00:00:16,025 | INFO | ✅ Processed Tax Exempt → tax_refund_revenue_summary (2 rows)
2025-05-11 00:00:16,039 | INFO | ✅ Processed Gross Room Revenue → gross_room_revenue_detail (5 rows)
2025-05-11 00:00:16,071 | INFO | ✅ Processed Revenue by Rate Code → revenue_by_rate_code (56 rows)
2025-05-11 00:00:16,072 | WARNING | ⚠️ No Advance Deposit Journal data for advance_deposit_journal in 2025 - 04 - 02- Night Audit Packet.pdf
2025-05-11 00:00:16,074 | INFO | ✅ Completed 2025 - 04 - 02- Night Audit Packet.pdf | Rows loaded: 241 | Failed: None
2025-05-11 00:00:16,074 | ERROR | ❌ Failed to send email: 'function' object is not subscriptable
